[2024-10-26T21:47:26.716+0000] {local_task_job_runner.py:123} INFO - ::group::Pre task execution logs
[2024-10-26T21:47:26.791+0000] {taskinstance.py:2612} INFO - Dependencies all met for dep_context=non-requeueable deps ti=<TaskInstance: coinmarket_extraction.fetch_coin_data scheduled__2024-10-26T15:40:00+00:00 [queued]>
[2024-10-26T21:47:26.809+0000] {taskinstance.py:2612} INFO - Dependencies all met for dep_context=requeueable deps ti=<TaskInstance: coinmarket_extraction.fetch_coin_data scheduled__2024-10-26T15:40:00+00:00 [queued]>
[2024-10-26T21:47:26.811+0000] {taskinstance.py:2865} INFO - Starting attempt 1 of 2
[2024-10-26T21:47:26.856+0000] {taskinstance.py:2888} INFO - Executing <Task(PythonOperator): fetch_coin_data> on 2024-10-26 15:40:00+00:00
[2024-10-26T21:47:26.896+0000] {standard_task_runner.py:104} INFO - Running: ['***', 'tasks', 'run', 'coinmarket_extraction', 'fetch_coin_data', 'scheduled__2024-10-26T15:40:00+00:00', '--job-id', '109', '--raw', '--subdir', 'DAGS_FOLDER/extractor.py', '--cfg-path', '/tmp/tmpjbsjc3hk']
[2024-10-26T21:47:26.897+0000] {warnings.py:112} WARNING - /home/***/.local/lib/python3.12/site-packages/***/task/task_runner/standard_task_runner.py:70: DeprecationWarning: This process (pid=1496) is multi-threaded, use of fork() may lead to deadlocks in the child.
  pid = os.fork()

[2024-10-26T21:47:26.906+0000] {standard_task_runner.py:105} INFO - Job 109: Subtask fetch_coin_data
[2024-10-26T21:47:26.907+0000] {standard_task_runner.py:72} INFO - Started process 1524 to run task
[2024-10-26T21:47:27.039+0000] {task_command.py:467} INFO - Running <TaskInstance: coinmarket_extraction.fetch_coin_data scheduled__2024-10-26T15:40:00+00:00 [running]> on host c94222e110db
[2024-10-26T21:47:27.268+0000] {taskinstance.py:3131} INFO - Exporting env vars: AIRFLOW_CTX_DAG_OWNER='***' AIRFLOW_CTX_DAG_ID='coinmarket_extraction' AIRFLOW_CTX_TASK_ID='fetch_coin_data' AIRFLOW_CTX_EXECUTION_DATE='2024-10-26T15:40:00+00:00' AIRFLOW_CTX_TRY_NUMBER='1' AIRFLOW_CTX_DAG_RUN_ID='scheduled__2024-10-26T15:40:00+00:00'
[2024-10-26T21:47:27.280+0000] {logging_mixin.py:190} INFO - Task instance is in running state
[2024-10-26T21:47:27.296+0000] {logging_mixin.py:190} INFO -  Previous state of the Task instance: queued
[2024-10-26T21:47:27.300+0000] {logging_mixin.py:190} INFO - Current task name:fetch_coin_data state:running start_date:2024-10-26 21:47:26.793421+00:00
[2024-10-26T21:47:27.307+0000] {logging_mixin.py:190} INFO - Dag name:coinmarket_extraction and current dag run status:running
[2024-10-26T21:47:27.308+0000] {taskinstance.py:731} INFO - ::endgroup::
[2024-10-26T21:47:27.441+0000] {python.py:240} INFO - Done. Returned value was: Falha na requisição: 429
[2024-10-26T21:47:27.485+0000] {taskinstance.py:340} INFO - ::group::Post task execution logs
[2024-10-26T21:47:27.489+0000] {taskinstance.py:352} INFO - Marking task as SUCCESS. dag_id=coinmarket_extraction, task_id=fetch_coin_data, run_id=scheduled__2024-10-26T15:40:00+00:00, execution_date=20241026T154000, start_date=20241026T214726, end_date=20241026T214727
[2024-10-26T21:47:27.527+0000] {logging_mixin.py:190} INFO - Task instance in success state
[2024-10-26T21:47:27.538+0000] {logging_mixin.py:190} INFO -  Previous state of the Task instance: running
[2024-10-26T21:47:27.542+0000] {logging_mixin.py:190} INFO - Dag name:coinmarket_extraction queued_at:2024-10-26 21:47:21.448927+00:00
[2024-10-26T21:47:27.543+0000] {logging_mixin.py:190} INFO - Task hostname:c94222e110db operator:PythonOperator
[2024-10-26T21:47:27.587+0000] {local_task_job_runner.py:266} INFO - Task exited with return code 0
[2024-10-26T21:47:27.620+0000] {taskinstance.py:3900} INFO - 0 downstream tasks scheduled from follow-on schedule check
[2024-10-26T21:47:27.624+0000] {local_task_job_runner.py:245} INFO - ::endgroup::
