[2024-10-26T21:57:54.600+0000] {local_task_job_runner.py:123} INFO - ::group::Pre task execution logs
[2024-10-26T21:57:54.618+0000] {taskinstance.py:2612} INFO - Dependencies all met for dep_context=non-requeueable deps ti=<TaskInstance: coinmarket_extraction.fetch_coin_data manual__2024-10-26T21:57:51.722894+00:00 [queued]>
[2024-10-26T21:57:54.626+0000] {taskinstance.py:2612} INFO - Dependencies all met for dep_context=requeueable deps ti=<TaskInstance: coinmarket_extraction.fetch_coin_data manual__2024-10-26T21:57:51.722894+00:00 [queued]>
[2024-10-26T21:57:54.628+0000] {taskinstance.py:2865} INFO - Starting attempt 1 of 2
[2024-10-26T21:57:54.957+0000] {taskinstance.py:2888} INFO - Executing <Task(PythonOperator): fetch_coin_data> on 2024-10-26 21:57:51.722894+00:00
[2024-10-26T21:57:54.963+0000] {warnings.py:112} WARNING - /home/***/.local/lib/python3.12/site-packages/***/task/task_runner/standard_task_runner.py:70: DeprecationWarning: This process (pid=1819) is multi-threaded, use of fork() may lead to deadlocks in the child.
  pid = os.fork()

[2024-10-26T21:57:54.965+0000] {standard_task_runner.py:72} INFO - Started process 1828 to run task
[2024-10-26T21:57:54.965+0000] {standard_task_runner.py:104} INFO - Running: ['***', 'tasks', 'run', 'coinmarket_extraction', 'fetch_coin_data', 'manual__2024-10-26T21:57:51.722894+00:00', '--job-id', '150', '--raw', '--subdir', 'DAGS_FOLDER/extractor.py', '--cfg-path', '/tmp/tmp8m5dh7wi']
[2024-10-26T21:57:54.966+0000] {standard_task_runner.py:105} INFO - Job 150: Subtask fetch_coin_data
[2024-10-26T21:57:55.013+0000] {task_command.py:467} INFO - Running <TaskInstance: coinmarket_extraction.fetch_coin_data manual__2024-10-26T21:57:51.722894+00:00 [running]> on host c94222e110db
[2024-10-26T21:57:55.097+0000] {taskinstance.py:3131} INFO - Exporting env vars: AIRFLOW_CTX_DAG_OWNER='***' AIRFLOW_CTX_DAG_ID='coinmarket_extraction' AIRFLOW_CTX_TASK_ID='fetch_coin_data' AIRFLOW_CTX_EXECUTION_DATE='2024-10-26T21:57:51.722894+00:00' AIRFLOW_CTX_TRY_NUMBER='1' AIRFLOW_CTX_DAG_RUN_ID='manual__2024-10-26T21:57:51.722894+00:00'
[2024-10-26T21:57:55.099+0000] {logging_mixin.py:190} INFO - Task instance is in running state
[2024-10-26T21:57:55.099+0000] {logging_mixin.py:190} INFO -  Previous state of the Task instance: queued
[2024-10-26T21:57:55.100+0000] {logging_mixin.py:190} INFO - Current task name:fetch_coin_data state:running start_date:2024-10-26 21:57:54.619154+00:00
[2024-10-26T21:57:55.100+0000] {logging_mixin.py:190} INFO - Dag name:coinmarket_extraction and current dag run status:running
[2024-10-26T21:57:55.101+0000] {taskinstance.py:731} INFO - ::endgroup::
[2024-10-26T21:57:55.218+0000] {python.py:240} INFO - Done. Returned value was: {'bitcoin': {'original': 67107, 'new': 67012}, 'ethereum': {'original': 2486.5, 'new': 2483.03}, 'litecoin': {'original': 68.5, 'new': 68.37}}
[2024-10-26T21:57:55.244+0000] {taskinstance.py:340} INFO - ::group::Post task execution logs
[2024-10-26T21:57:55.245+0000] {taskinstance.py:352} INFO - Marking task as SUCCESS. dag_id=coinmarket_extraction, task_id=fetch_coin_data, run_id=manual__2024-10-26T21:57:51.722894+00:00, execution_date=20241026T215751, start_date=20241026T215754, end_date=20241026T215755
[2024-10-26T21:57:55.256+0000] {logging_mixin.py:190} INFO - Task instance in success state
[2024-10-26T21:57:55.257+0000] {logging_mixin.py:190} INFO -  Previous state of the Task instance: running
[2024-10-26T21:57:55.257+0000] {logging_mixin.py:190} INFO - Dag name:coinmarket_extraction queued_at:2024-10-26 21:57:51.735305+00:00
[2024-10-26T21:57:55.258+0000] {logging_mixin.py:190} INFO - Task hostname:c94222e110db operator:PythonOperator
[2024-10-26T21:57:55.313+0000] {local_task_job_runner.py:266} INFO - Task exited with return code 0
[2024-10-26T21:57:55.332+0000] {taskinstance.py:3900} INFO - 0 downstream tasks scheduled from follow-on schedule check
[2024-10-26T21:57:55.335+0000] {local_task_job_runner.py:245} INFO - ::endgroup::
