[2024-10-26T21:39:18.143+0000] {local_task_job_runner.py:123} INFO - ::group::Pre task execution logs
[2024-10-26T21:39:18.158+0000] {taskinstance.py:2612} INFO - Dependencies all met for dep_context=non-requeueable deps ti=<TaskInstance: dag_scheduler.python manual__2024-10-26T21:39:15.180801+00:00 [queued]>
[2024-10-26T21:39:18.166+0000] {taskinstance.py:2612} INFO - Dependencies all met for dep_context=requeueable deps ti=<TaskInstance: dag_scheduler.python manual__2024-10-26T21:39:15.180801+00:00 [queued]>
[2024-10-26T21:39:18.168+0000] {taskinstance.py:2865} INFO - Starting attempt 1 of 1
[2024-10-26T21:39:18.180+0000] {taskinstance.py:2888} INFO - Executing <Task(PythonOperator): python> on 2024-10-26 21:39:15.180801+00:00
[2024-10-26T21:39:18.186+0000] {warnings.py:112} WARNING - /home/***/.local/lib/python3.12/site-packages/***/task/task_runner/standard_task_runner.py:70: DeprecationWarning: This process (pid=1011) is multi-threaded, use of fork() may lead to deadlocks in the child.
  pid = os.fork()

[2024-10-26T21:39:18.188+0000] {standard_task_runner.py:72} INFO - Started process 1020 to run task
[2024-10-26T21:39:18.188+0000] {standard_task_runner.py:104} INFO - Running: ['***', 'tasks', 'run', 'dag_scheduler', 'python', 'manual__2024-10-26T21:39:15.180801+00:00', '--job-id', '13', '--raw', '--subdir', 'DAGS_FOLDER/extractor.py', '--cfg-path', '/tmp/tmpbhcbrid_']
[2024-10-26T21:39:18.189+0000] {standard_task_runner.py:105} INFO - Job 13: Subtask python
[2024-10-26T21:39:18.238+0000] {task_command.py:467} INFO - Running <TaskInstance: dag_scheduler.python manual__2024-10-26T21:39:15.180801+00:00 [running]> on host c94222e110db
[2024-10-26T21:39:18.319+0000] {taskinstance.py:3131} INFO - Exporting env vars: AIRFLOW_CTX_DAG_OWNER='***' AIRFLOW_CTX_DAG_ID='dag_scheduler' AIRFLOW_CTX_TASK_ID='python' AIRFLOW_CTX_EXECUTION_DATE='2024-10-26T21:39:15.180801+00:00' AIRFLOW_CTX_TRY_NUMBER='1' AIRFLOW_CTX_DAG_RUN_ID='manual__2024-10-26T21:39:15.180801+00:00'
[2024-10-26T21:39:18.321+0000] {logging_mixin.py:190} INFO - Task instance is in running state
[2024-10-26T21:39:18.322+0000] {logging_mixin.py:190} INFO -  Previous state of the Task instance: queued
[2024-10-26T21:39:18.322+0000] {logging_mixin.py:190} INFO - Current task name:python state:running start_date:2024-10-26 21:39:18.159589+00:00
[2024-10-26T21:39:18.323+0000] {logging_mixin.py:190} INFO - Dag name:dag_scheduler and current dag run status:running
[2024-10-26T21:39:18.324+0000] {taskinstance.py:731} INFO - ::endgroup::
[2024-10-26T21:39:18.501+0000] {python.py:240} INFO - Done. Returned value was: Dados salvos em coin_data.json
[2024-10-26T21:39:17.861+0000] {taskinstance.py:340} INFO - ::group::Post task execution logs
[2024-10-26T21:39:17.862+0000] {taskinstance.py:352} INFO - Marking task as SUCCESS. dag_id=dag_scheduler, task_id=python, run_id=manual__2024-10-26T21:39:15.180801+00:00, execution_date=20241026T213915, start_date=20241026T213918, end_date=20241026T213917
[2024-10-26T21:39:17.871+0000] {logging_mixin.py:190} INFO - Task instance in success state
[2024-10-26T21:39:17.872+0000] {logging_mixin.py:190} INFO -  Previous state of the Task instance: running
[2024-10-26T21:39:17.872+0000] {logging_mixin.py:190} INFO - Dag name:dag_scheduler queued_at:2024-10-26 21:39:15.197330+00:00
[2024-10-26T21:39:17.873+0000] {logging_mixin.py:190} INFO - Task hostname:c94222e110db operator:PythonOperator
[2024-10-26T21:39:17.913+0000] {local_task_job_runner.py:266} INFO - Task exited with return code 0
[2024-10-26T21:39:17.929+0000] {taskinstance.py:3900} INFO - 0 downstream tasks scheduled from follow-on schedule check
[2024-10-26T21:39:17.933+0000] {local_task_job_runner.py:245} INFO - ::endgroup::
