[2024-10-26T21:47:09.222+0000] {local_task_job_runner.py:123} INFO - ::group::Pre task execution logs
[2024-10-26T21:47:09.274+0000] {taskinstance.py:2612} INFO - Dependencies all met for dep_context=non-requeueable deps ti=<TaskInstance: coinmarket_extraction.fetch_coin_data scheduled__2024-10-26T11:30:00+00:00 [queued]>
[2024-10-26T21:47:09.289+0000] {taskinstance.py:2612} INFO - Dependencies all met for dep_context=requeueable deps ti=<TaskInstance: coinmarket_extraction.fetch_coin_data scheduled__2024-10-26T11:30:00+00:00 [queued]>
[2024-10-26T21:47:09.290+0000] {taskinstance.py:2865} INFO - Starting attempt 1 of 2
[2024-10-26T21:47:09.359+0000] {taskinstance.py:2888} INFO - Executing <Task(PythonOperator): fetch_coin_data> on 2024-10-26 11:30:00+00:00
[2024-10-26T21:47:09.378+0000] {warnings.py:112} WARNING - /home/***/.local/lib/python3.12/site-packages/***/task/task_runner/standard_task_runner.py:70: DeprecationWarning: This process (pid=1395) is multi-threaded, use of fork() may lead to deadlocks in the child.
  pid = os.fork()

[2024-10-26T21:47:09.381+0000] {standard_task_runner.py:72} INFO - Started process 1427 to run task
[2024-10-26T21:47:09.386+0000] {standard_task_runner.py:104} INFO - Running: ['***', 'tasks', 'run', 'coinmarket_extraction', 'fetch_coin_data', 'scheduled__2024-10-26T11:30:00+00:00', '--job-id', '85', '--raw', '--subdir', 'DAGS_FOLDER/extractor.py', '--cfg-path', '/tmp/tmpbwoo23n7']
[2024-10-26T21:47:09.388+0000] {standard_task_runner.py:105} INFO - Job 85: Subtask fetch_coin_data
[2024-10-26T21:47:09.658+0000] {task_command.py:467} INFO - Running <TaskInstance: coinmarket_extraction.fetch_coin_data scheduled__2024-10-26T11:30:00+00:00 [running]> on host c94222e110db
[2024-10-26T21:47:09.891+0000] {taskinstance.py:3131} INFO - Exporting env vars: AIRFLOW_CTX_DAG_OWNER='***' AIRFLOW_CTX_DAG_ID='coinmarket_extraction' AIRFLOW_CTX_TASK_ID='fetch_coin_data' AIRFLOW_CTX_EXECUTION_DATE='2024-10-26T11:30:00+00:00' AIRFLOW_CTX_TRY_NUMBER='1' AIRFLOW_CTX_DAG_RUN_ID='scheduled__2024-10-26T11:30:00+00:00'
[2024-10-26T21:47:09.893+0000] {logging_mixin.py:190} INFO - Task instance is in running state
[2024-10-26T21:47:09.896+0000] {logging_mixin.py:190} INFO -  Previous state of the Task instance: queued
[2024-10-26T21:47:09.897+0000] {logging_mixin.py:190} INFO - Current task name:fetch_coin_data state:running start_date:2024-10-26 21:47:09.275213+00:00
[2024-10-26T21:47:09.897+0000] {logging_mixin.py:190} INFO - Dag name:coinmarket_extraction and current dag run status:running
[2024-10-26T21:47:09.898+0000] {taskinstance.py:731} INFO - ::endgroup::
[2024-10-26T21:47:10.056+0000] {python.py:240} INFO - Done. Returned value was: Falha na requisição: 429
[2024-10-26T21:47:10.161+0000] {taskinstance.py:340} INFO - ::group::Post task execution logs
[2024-10-26T21:47:10.162+0000] {taskinstance.py:352} INFO - Marking task as SUCCESS. dag_id=coinmarket_extraction, task_id=fetch_coin_data, run_id=scheduled__2024-10-26T11:30:00+00:00, execution_date=20241026T113000, start_date=20241026T214709, end_date=20241026T214710
[2024-10-26T21:47:10.220+0000] {logging_mixin.py:190} INFO - Task instance in success state
[2024-10-26T21:47:10.246+0000] {logging_mixin.py:190} INFO -  Previous state of the Task instance: running
[2024-10-26T21:47:10.255+0000] {logging_mixin.py:190} INFO - Dag name:coinmarket_extraction queued_at:2024-10-26 21:47:04.533089+00:00
[2024-10-26T21:47:10.268+0000] {logging_mixin.py:190} INFO - Task hostname:c94222e110db operator:PythonOperator
[2024-10-26T21:47:10.318+0000] {local_task_job_runner.py:266} INFO - Task exited with return code 0
[2024-10-26T21:47:10.373+0000] {taskinstance.py:3900} INFO - 0 downstream tasks scheduled from follow-on schedule check
[2024-10-26T21:47:10.377+0000] {local_task_job_runner.py:245} INFO - ::endgroup::
