[2024-10-26T21:47:31.783+0000] {local_task_job_runner.py:123} INFO - ::group::Pre task execution logs
[2024-10-26T21:47:31.810+0000] {taskinstance.py:2612} INFO - Dependencies all met for dep_context=non-requeueable deps ti=<TaskInstance: coinmarket_extraction.fetch_coin_data scheduled__2024-10-26T17:00:00+00:00 [queued]>
[2024-10-26T21:47:31.826+0000] {taskinstance.py:2612} INFO - Dependencies all met for dep_context=requeueable deps ti=<TaskInstance: coinmarket_extraction.fetch_coin_data scheduled__2024-10-26T17:00:00+00:00 [queued]>
[2024-10-26T21:47:31.827+0000] {taskinstance.py:2865} INFO - Starting attempt 1 of 2
[2024-10-26T21:47:31.857+0000] {taskinstance.py:2888} INFO - Executing <Task(PythonOperator): fetch_coin_data> on 2024-10-26 17:00:00+00:00
[2024-10-26T21:47:31.870+0000] {warnings.py:112} WARNING - /home/***/.local/lib/python3.12/site-packages/***/task/task_runner/standard_task_runner.py:70: DeprecationWarning: This process (pid=1547) is multi-threaded, use of fork() may lead to deadlocks in the child.
  pid = os.fork()

[2024-10-26T21:47:31.873+0000] {standard_task_runner.py:72} INFO - Started process 1557 to run task
[2024-10-26T21:47:31.874+0000] {standard_task_runner.py:104} INFO - Running: ['***', 'tasks', 'run', 'coinmarket_extraction', 'fetch_coin_data', 'scheduled__2024-10-26T17:00:00+00:00', '--job-id', '118', '--raw', '--subdir', 'DAGS_FOLDER/extractor.py', '--cfg-path', '/tmp/tmpwduwslaa']
[2024-10-26T21:47:31.876+0000] {standard_task_runner.py:105} INFO - Job 118: Subtask fetch_coin_data
[2024-10-26T21:47:31.992+0000] {task_command.py:467} INFO - Running <TaskInstance: coinmarket_extraction.fetch_coin_data scheduled__2024-10-26T17:00:00+00:00 [running]> on host c94222e110db
[2024-10-26T21:47:32.164+0000] {taskinstance.py:3131} INFO - Exporting env vars: AIRFLOW_CTX_DAG_OWNER='***' AIRFLOW_CTX_DAG_ID='coinmarket_extraction' AIRFLOW_CTX_TASK_ID='fetch_coin_data' AIRFLOW_CTX_EXECUTION_DATE='2024-10-26T17:00:00+00:00' AIRFLOW_CTX_TRY_NUMBER='1' AIRFLOW_CTX_DAG_RUN_ID='scheduled__2024-10-26T17:00:00+00:00'
[2024-10-26T21:47:32.169+0000] {logging_mixin.py:190} INFO - Task instance is in running state
[2024-10-26T21:47:32.170+0000] {logging_mixin.py:190} INFO -  Previous state of the Task instance: queued
[2024-10-26T21:47:32.171+0000] {logging_mixin.py:190} INFO - Current task name:fetch_coin_data state:running start_date:2024-10-26 21:47:31.811644+00:00
[2024-10-26T21:47:32.172+0000] {logging_mixin.py:190} INFO - Dag name:coinmarket_extraction and current dag run status:running
[2024-10-26T21:47:32.174+0000] {taskinstance.py:731} INFO - ::endgroup::
[2024-10-26T21:47:32.297+0000] {python.py:240} INFO - Done. Returned value was: Falha na requisição: 429
[2024-10-26T21:47:32.331+0000] {taskinstance.py:340} INFO - ::group::Post task execution logs
[2024-10-26T21:47:32.332+0000] {taskinstance.py:352} INFO - Marking task as SUCCESS. dag_id=coinmarket_extraction, task_id=fetch_coin_data, run_id=scheduled__2024-10-26T17:00:00+00:00, execution_date=20241026T170000, start_date=20241026T214731, end_date=20241026T214732
[2024-10-26T21:47:32.347+0000] {logging_mixin.py:190} INFO - Task instance in success state
[2024-10-26T21:47:32.348+0000] {logging_mixin.py:190} INFO -  Previous state of the Task instance: running
[2024-10-26T21:47:32.349+0000] {logging_mixin.py:190} INFO - Dag name:coinmarket_extraction queued_at:2024-10-26 21:47:29.594060+00:00
[2024-10-26T21:47:32.349+0000] {logging_mixin.py:190} INFO - Task hostname:c94222e110db operator:PythonOperator
[2024-10-26T21:47:32.432+0000] {local_task_job_runner.py:266} INFO - Task exited with return code 0
[2024-10-26T21:47:32.447+0000] {local_task_job_runner.py:245} INFO - ::endgroup::
