[2024-10-26T20:35:00.653+0000] {local_task_job_runner.py:123} INFO - ::group::Pre task execution logs
[2024-10-26T20:35:00.675+0000] {taskinstance.py:2612} INFO - Dependencies all met for dep_context=non-requeueable deps ti=<TaskInstance: example_branch_operator.branch_d scheduled__2024-10-25T00:00:00+00:00 [queued]>
[2024-10-26T20:35:00.687+0000] {taskinstance.py:2612} INFO - Dependencies all met for dep_context=requeueable deps ti=<TaskInstance: example_branch_operator.branch_d scheduled__2024-10-25T00:00:00+00:00 [queued]>
[2024-10-26T20:35:00.690+0000] {taskinstance.py:2865} INFO - Starting attempt 1 of 1
[2024-10-26T20:35:00.706+0000] {taskinstance.py:2888} INFO - Executing <Task(PythonOperator): branch_d> on 2024-10-25 00:00:00+00:00
[2024-10-26T20:35:00.717+0000] {warnings.py:112} WARNING - /home/***/.local/lib/python3.12/site-packages/***/task/task_runner/standard_task_runner.py:70: DeprecationWarning: This process (pid=144) is multi-threaded, use of fork() may lead to deadlocks in the child.
  pid = os.fork()

[2024-10-26T20:35:00.718+0000] {standard_task_runner.py:72} INFO - Started process 146 to run task
[2024-10-26T20:35:00.718+0000] {standard_task_runner.py:104} INFO - Running: ['***', 'tasks', 'run', 'example_branch_operator', 'branch_d', 'scheduled__2024-10-25T00:00:00+00:00', '--job-id', '5', '--raw', '--subdir', '/home/***/.local/lib/python3.12/site-packages/***/example_dags/example_branch_operator.py', '--cfg-path', '/tmp/tmphfu5hoof']
[2024-10-26T20:35:00.719+0000] {standard_task_runner.py:105} INFO - Job 5: Subtask branch_d
[2024-10-26T20:35:00.817+0000] {task_command.py:467} INFO - Running <TaskInstance: example_branch_operator.branch_d scheduled__2024-10-25T00:00:00+00:00 [running]> on host c94222e110db
[2024-10-26T20:35:00.923+0000] {taskinstance.py:3131} INFO - Exporting env vars: AIRFLOW_CTX_DAG_OWNER='***' AIRFLOW_CTX_DAG_ID='example_branch_operator' AIRFLOW_CTX_TASK_ID='branch_d' AIRFLOW_CTX_EXECUTION_DATE='2024-10-25T00:00:00+00:00' AIRFLOW_CTX_TRY_NUMBER='1' AIRFLOW_CTX_DAG_RUN_ID='scheduled__2024-10-25T00:00:00+00:00'
[2024-10-26T20:35:00.924+0000] {logging_mixin.py:190} INFO - Task instance is in running state
[2024-10-26T20:35:00.925+0000] {logging_mixin.py:190} INFO -  Previous state of the Task instance: queued
[2024-10-26T20:35:00.926+0000] {logging_mixin.py:190} INFO - Current task name:branch_d state:running start_date:2024-10-26 20:35:00.676636+00:00
[2024-10-26T20:35:00.926+0000] {logging_mixin.py:190} INFO - Dag name:example_branch_operator and current dag run status:running
[2024-10-26T20:35:00.927+0000] {taskinstance.py:731} INFO - ::endgroup::
[2024-10-26T20:35:00.928+0000] {logging_mixin.py:190} INFO - Hello World
[2024-10-26T20:35:00.929+0000] {python.py:240} INFO - Done. Returned value was: None
[2024-10-26T20:35:00.939+0000] {taskinstance.py:340} INFO - ::group::Post task execution logs
[2024-10-26T20:35:00.940+0000] {taskinstance.py:352} INFO - Marking task as SUCCESS. dag_id=example_branch_operator, task_id=branch_d, run_id=scheduled__2024-10-25T00:00:00+00:00, execution_date=20241025T000000, start_date=20241026T203500, end_date=20241026T203500
[2024-10-26T20:35:00.949+0000] {logging_mixin.py:190} INFO - Task instance in success state
[2024-10-26T20:35:00.950+0000] {logging_mixin.py:190} INFO -  Previous state of the Task instance: running
[2024-10-26T20:35:00.950+0000] {logging_mixin.py:190} INFO - Dag name:example_branch_operator queued_at:2024-10-26 20:34:59.272543+00:00
[2024-10-26T20:35:00.951+0000] {logging_mixin.py:190} INFO - Task hostname:c94222e110db operator:PythonOperator
[2024-10-26T20:35:00.976+0000] {local_task_job_runner.py:266} INFO - Task exited with return code 0
[2024-10-26T20:35:01.002+0000] {taskinstance.py:3900} INFO - 0 downstream tasks scheduled from follow-on schedule check
[2024-10-26T20:35:01.005+0000] {local_task_job_runner.py:245} INFO - ::endgroup::
