[2024-10-26T21:39:36.215+0000] {local_task_job_runner.py:123} INFO - ::group::Pre task execution logs
[2024-10-26T21:39:36.230+0000] {taskinstance.py:2612} INFO - Dependencies all met for dep_context=non-requeueable deps ti=<TaskInstance: dag_scheduler.python manual__2024-10-26T21:39:33.188195+00:00 [queued]>
[2024-10-26T21:39:36.239+0000] {taskinstance.py:2612} INFO - Dependencies all met for dep_context=requeueable deps ti=<TaskInstance: dag_scheduler.python manual__2024-10-26T21:39:33.188195+00:00 [queued]>
[2024-10-26T21:39:36.240+0000] {taskinstance.py:2865} INFO - Starting attempt 1 of 1
[2024-10-26T21:39:36.255+0000] {taskinstance.py:2888} INFO - Executing <Task(PythonOperator): python> on 2024-10-26 21:39:33.188195+00:00
[2024-10-26T21:39:36.261+0000] {warnings.py:112} WARNING - /home/***/.local/lib/python3.12/site-packages/***/task/task_runner/standard_task_runner.py:70: DeprecationWarning: This process (pid=1022) is multi-threaded, use of fork() may lead to deadlocks in the child.
  pid = os.fork()

[2024-10-26T21:39:36.263+0000] {standard_task_runner.py:72} INFO - Started process 1024 to run task
[2024-10-26T21:39:36.263+0000] {standard_task_runner.py:104} INFO - Running: ['***', 'tasks', 'run', 'dag_scheduler', 'python', 'manual__2024-10-26T21:39:33.188195+00:00', '--job-id', '14', '--raw', '--subdir', 'DAGS_FOLDER/extractor.py', '--cfg-path', '/tmp/tmpbqjp_z7t']
[2024-10-26T21:39:36.264+0000] {standard_task_runner.py:105} INFO - Job 14: Subtask python
[2024-10-26T21:39:36.306+0000] {task_command.py:467} INFO - Running <TaskInstance: dag_scheduler.python manual__2024-10-26T21:39:33.188195+00:00 [running]> on host c94222e110db
[2024-10-26T21:39:36.374+0000] {taskinstance.py:3131} INFO - Exporting env vars: AIRFLOW_CTX_DAG_OWNER='***' AIRFLOW_CTX_DAG_ID='dag_scheduler' AIRFLOW_CTX_TASK_ID='python' AIRFLOW_CTX_EXECUTION_DATE='2024-10-26T21:39:33.188195+00:00' AIRFLOW_CTX_TRY_NUMBER='1' AIRFLOW_CTX_DAG_RUN_ID='manual__2024-10-26T21:39:33.188195+00:00'
[2024-10-26T21:39:36.375+0000] {logging_mixin.py:190} INFO - Task instance is in running state
[2024-10-26T21:39:36.376+0000] {logging_mixin.py:190} INFO -  Previous state of the Task instance: queued
[2024-10-26T21:39:36.377+0000] {logging_mixin.py:190} INFO - Current task name:python state:running start_date:2024-10-26 21:39:36.231416+00:00
[2024-10-26T21:39:36.377+0000] {logging_mixin.py:190} INFO - Dag name:dag_scheduler and current dag run status:running
[2024-10-26T21:39:36.378+0000] {taskinstance.py:731} INFO - ::endgroup::
[2024-10-26T21:39:36.500+0000] {python.py:240} INFO - Done. Returned value was: Dados salvos em coin_data.json
[2024-10-26T21:39:36.519+0000] {taskinstance.py:340} INFO - ::group::Post task execution logs
[2024-10-26T21:39:36.520+0000] {taskinstance.py:352} INFO - Marking task as SUCCESS. dag_id=dag_scheduler, task_id=python, run_id=manual__2024-10-26T21:39:33.188195+00:00, execution_date=20241026T213933, start_date=20241026T213936, end_date=20241026T213936
[2024-10-26T21:39:36.528+0000] {logging_mixin.py:190} INFO - Task instance in success state
[2024-10-26T21:39:36.529+0000] {logging_mixin.py:190} INFO -  Previous state of the Task instance: running
[2024-10-26T21:39:36.529+0000] {logging_mixin.py:190} INFO - Dag name:dag_scheduler queued_at:2024-10-26 21:39:33.202235+00:00
[2024-10-26T21:39:36.530+0000] {logging_mixin.py:190} INFO - Task hostname:c94222e110db operator:PythonOperator
[2024-10-26T21:39:36.566+0000] {local_task_job_runner.py:266} INFO - Task exited with return code 0
[2024-10-26T21:39:36.581+0000] {taskinstance.py:3900} INFO - 0 downstream tasks scheduled from follow-on schedule check
[2024-10-26T21:39:36.584+0000] {local_task_job_runner.py:245} INFO - ::endgroup::
