[2024-10-26T20:35:00.376+0000] {local_task_job_runner.py:123} INFO - ::group::Pre task execution logs
[2024-10-26T20:35:00.399+0000] {taskinstance.py:2612} INFO - Dependencies all met for dep_context=non-requeueable deps ti=<TaskInstance: example_branch_operator.branching scheduled__2024-10-25T00:00:00+00:00 [queued]>
[2024-10-26T20:35:00.407+0000] {taskinstance.py:2612} INFO - Dependencies all met for dep_context=requeueable deps ti=<TaskInstance: example_branch_operator.branching scheduled__2024-10-25T00:00:00+00:00 [queued]>
[2024-10-26T20:35:00.409+0000] {taskinstance.py:2865} INFO - Starting attempt 1 of 1
[2024-10-26T20:35:00.425+0000] {taskinstance.py:2888} INFO - Executing <Task(BranchPythonOperator): branching> on 2024-10-25 00:00:00+00:00
[2024-10-26T20:35:00.437+0000] {warnings.py:112} WARNING - /home/***/.local/lib/python3.12/site-packages/***/task/task_runner/standard_task_runner.py:70: DeprecationWarning: This process (pid=140) is multi-threaded, use of fork() may lead to deadlocks in the child.
  pid = os.fork()

[2024-10-26T20:35:00.440+0000] {standard_task_runner.py:72} INFO - Started process 142 to run task
[2024-10-26T20:35:00.445+0000] {standard_task_runner.py:104} INFO - Running: ['***', 'tasks', 'run', 'example_branch_operator', 'branching', 'scheduled__2024-10-25T00:00:00+00:00', '--job-id', '4', '--raw', '--subdir', '/home/***/.local/lib/python3.12/site-packages/***/example_dags/example_branch_operator.py', '--cfg-path', '/tmp/tmpk7gw2iil']
[2024-10-26T20:35:00.448+0000] {standard_task_runner.py:105} INFO - Job 4: Subtask branching
[2024-10-26T20:35:00.616+0000] {task_command.py:467} INFO - Running <TaskInstance: example_branch_operator.branching scheduled__2024-10-25T00:00:00+00:00 [running]> on host c94222e110db
[2024-10-26T20:34:58.662+0000] {taskinstance.py:3131} INFO - Exporting env vars: AIRFLOW_CTX_DAG_OWNER='***' AIRFLOW_CTX_DAG_ID='example_branch_operator' AIRFLOW_CTX_TASK_ID='branching' AIRFLOW_CTX_EXECUTION_DATE='2024-10-25T00:00:00+00:00' AIRFLOW_CTX_TRY_NUMBER='1' AIRFLOW_CTX_DAG_RUN_ID='scheduled__2024-10-25T00:00:00+00:00'
[2024-10-26T20:34:58.667+0000] {logging_mixin.py:190} INFO - Task instance is in running state
[2024-10-26T20:34:58.668+0000] {logging_mixin.py:190} INFO -  Previous state of the Task instance: queued
[2024-10-26T20:34:58.669+0000] {logging_mixin.py:190} INFO - Current task name:branching state:running start_date:2024-10-26 20:35:00.400177+00:00
[2024-10-26T20:34:58.670+0000] {logging_mixin.py:190} INFO - Dag name:example_branch_operator and current dag run status:running
[2024-10-26T20:34:58.670+0000] {taskinstance.py:731} INFO - ::endgroup::
[2024-10-26T20:34:58.671+0000] {baseoperator.py:405} WARNING - BranchPythonOperator.execute cannot be called outside TaskInstance!
[2024-10-26T20:34:58.673+0000] {python.py:240} INFO - Done. Returned value was: branch_d
[2024-10-26T20:34:58.674+0000] {branch.py:38} INFO - Branch into branch_d
[2024-10-26T20:34:58.675+0000] {skipmixin.py:230} INFO - Following branch ('branch_d',)
[2024-10-26T20:34:58.701+0000] {skipmixin.py:278} INFO - Skipping tasks [('branch_c', -1), ('branch_b', -1), ('branch_a', -1)]
[2024-10-26T20:34:58.735+0000] {taskinstance.py:340} INFO - ::group::Post task execution logs
[2024-10-26T20:34:58.736+0000] {taskinstance.py:352} INFO - Marking task as SUCCESS. dag_id=example_branch_operator, task_id=branching, run_id=scheduled__2024-10-25T00:00:00+00:00, execution_date=20241025T000000, start_date=20241026T203500, end_date=20241026T203458
[2024-10-26T20:34:58.748+0000] {logging_mixin.py:190} INFO - Task instance in success state
[2024-10-26T20:34:58.748+0000] {logging_mixin.py:190} INFO -  Previous state of the Task instance: running
[2024-10-26T20:34:58.749+0000] {logging_mixin.py:190} INFO - Dag name:example_branch_operator queued_at:2024-10-26 20:34:59.272543+00:00
[2024-10-26T20:34:58.749+0000] {logging_mixin.py:190} INFO - Task hostname:c94222e110db operator:BranchPythonOperator
[2024-10-26T20:34:58.775+0000] {local_task_job_runner.py:266} INFO - Task exited with return code 0
[2024-10-26T20:34:58.815+0000] {taskinstance.py:3900} INFO - 1 downstream tasks scheduled from follow-on schedule check
[2024-10-26T20:34:58.821+0000] {local_task_job_runner.py:245} INFO - ::endgroup::
