[2024-10-26T20:35:04.794+0000] {local_task_job_runner.py:123} INFO - ::group::Pre task execution logs
[2024-10-26T20:35:04.814+0000] {taskinstance.py:2612} INFO - Dependencies all met for dep_context=non-requeueable deps ti=<TaskInstance: example_branch_operator.branching_ext_python scheduled__2024-10-25T00:00:00+00:00 [queued]>
[2024-10-26T20:35:04.822+0000] {taskinstance.py:2612} INFO - Dependencies all met for dep_context=requeueable deps ti=<TaskInstance: example_branch_operator.branching_ext_python scheduled__2024-10-25T00:00:00+00:00 [queued]>
[2024-10-26T20:35:04.823+0000] {taskinstance.py:2865} INFO - Starting attempt 1 of 1
[2024-10-26T20:35:04.840+0000] {taskinstance.py:2888} INFO - Executing <Task(BranchExternalPythonOperator): branching_ext_python> on 2024-10-25 00:00:00+00:00
[2024-10-26T20:35:04.852+0000] {warnings.py:112} WARNING - /home/***/.local/lib/python3.12/site-packages/***/task/task_runner/standard_task_runner.py:70: DeprecationWarning: This process (pid=148) is multi-threaded, use of fork() may lead to deadlocks in the child.
  pid = os.fork()

[2024-10-26T20:35:04.854+0000] {standard_task_runner.py:72} INFO - Started process 150 to run task
[2024-10-26T20:35:04.854+0000] {standard_task_runner.py:104} INFO - Running: ['***', 'tasks', 'run', 'example_branch_operator', 'branching_ext_python', 'scheduled__2024-10-25T00:00:00+00:00', '--job-id', '6', '--raw', '--subdir', '/home/***/.local/lib/python3.12/site-packages/***/example_dags/example_branch_operator.py', '--cfg-path', '/tmp/tmpexszyuy7']
[2024-10-26T20:35:04.855+0000] {standard_task_runner.py:105} INFO - Job 6: Subtask branching_ext_python
[2024-10-26T20:35:04.907+0000] {task_command.py:467} INFO - Running <TaskInstance: example_branch_operator.branching_ext_python scheduled__2024-10-25T00:00:00+00:00 [running]> on host c94222e110db
[2024-10-26T20:35:05.000+0000] {taskinstance.py:3131} INFO - Exporting env vars: AIRFLOW_CTX_DAG_OWNER='***' AIRFLOW_CTX_DAG_ID='example_branch_operator' AIRFLOW_CTX_TASK_ID='branching_ext_python' AIRFLOW_CTX_EXECUTION_DATE='2024-10-25T00:00:00+00:00' AIRFLOW_CTX_TRY_NUMBER='1' AIRFLOW_CTX_DAG_RUN_ID='scheduled__2024-10-25T00:00:00+00:00'
[2024-10-26T20:35:05.002+0000] {logging_mixin.py:190} INFO - Task instance is in running state
[2024-10-26T20:35:05.003+0000] {logging_mixin.py:190} INFO -  Previous state of the Task instance: queued
[2024-10-26T20:35:05.004+0000] {logging_mixin.py:190} INFO - Current task name:branching_ext_python state:running start_date:2024-10-26 20:35:04.815174+00:00
[2024-10-26T20:35:05.004+0000] {logging_mixin.py:190} INFO - Dag name:example_branch_operator and current dag run status:running
[2024-10-26T20:35:05.005+0000] {taskinstance.py:731} INFO - ::endgroup::
[2024-10-26T20:35:05.006+0000] {baseoperator.py:405} WARNING - BranchExternalPythonOperator.execute cannot be called outside TaskInstance!
[2024-10-26T20:35:05.419+0000] {baseoperator.py:405} WARNING - BranchExternalPythonOperator.execute cannot be called outside TaskInstance!
[2024-10-26T20:35:05.448+0000] {python.py:513} INFO - Use 'pickle' as serializer.
[2024-10-26T20:35:05.455+0000] {process_utils.py:186} INFO - Executing cmd: /home/***/.local/bin/python /tmp/venv-calll66c1vzx/script.py /tmp/venv-calll66c1vzx/script.in /tmp/venv-calll66c1vzx/script.out /tmp/venv-calll66c1vzx/string_args.txt /tmp/venv-calll66c1vzx/termination.log
[2024-10-26T20:35:05.457+0000] {process_utils.py:190} INFO - Output:
[2024-10-26T20:35:10.897+0000] {python.py:240} INFO - Done. Returned value was: ext_py_a
[2024-10-26T20:35:10.897+0000] {branch.py:38} INFO - Branch into ext_py_a
[2024-10-26T20:35:10.898+0000] {skipmixin.py:230} INFO - Following branch ('ext_py_a',)
[2024-10-26T20:35:10.913+0000] {skipmixin.py:278} INFO - Skipping tasks [('ext_py_c', -1), ('ext_py_d', -1), ('ext_py_b', -1)]
[2024-10-26T20:35:10.939+0000] {taskinstance.py:340} INFO - ::group::Post task execution logs
[2024-10-26T20:35:10.940+0000] {taskinstance.py:352} INFO - Marking task as SUCCESS. dag_id=example_branch_operator, task_id=branching_ext_python, run_id=scheduled__2024-10-25T00:00:00+00:00, execution_date=20241025T000000, start_date=20241026T203504, end_date=20241026T203510
[2024-10-26T20:35:10.949+0000] {logging_mixin.py:190} INFO - Task instance in success state
[2024-10-26T20:35:10.950+0000] {logging_mixin.py:190} INFO -  Previous state of the Task instance: running
[2024-10-26T20:35:10.950+0000] {logging_mixin.py:190} INFO - Dag name:example_branch_operator queued_at:2024-10-26 20:34:59.272543+00:00
[2024-10-26T20:35:10.951+0000] {logging_mixin.py:190} INFO - Task hostname:c94222e110db operator:BranchExternalPythonOperator
[2024-10-26T20:35:10.972+0000] {local_task_job_runner.py:266} INFO - Task exited with return code 0
[2024-10-26T20:35:10.982+0000] {local_task_job_runner.py:245} INFO - ::endgroup::
