[2024-10-26T21:46:31.023+0000] {local_task_job_runner.py:123} INFO - ::group::Pre task execution logs
[2024-10-26T21:46:31.072+0000] {taskinstance.py:2612} INFO - Dependencies all met for dep_context=non-requeueable deps ti=<TaskInstance: coinmarket_extraction.fetch_coin_data scheduled__2024-10-26T02:50:00+00:00 [queued]>
[2024-10-26T21:46:31.114+0000] {taskinstance.py:2612} INFO - Dependencies all met for dep_context=requeueable deps ti=<TaskInstance: coinmarket_extraction.fetch_coin_data scheduled__2024-10-26T02:50:00+00:00 [queued]>
[2024-10-26T21:46:31.116+0000] {taskinstance.py:2865} INFO - Starting attempt 1 of 2
[2024-10-26T21:46:31.166+0000] {taskinstance.py:2888} INFO - Executing <Task(PythonOperator): fetch_coin_data> on 2024-10-26 02:50:00+00:00
[2024-10-26T21:46:31.190+0000] {warnings.py:112} WARNING - /home/***/.local/lib/python3.12/site-packages/***/task/task_runner/standard_task_runner.py:70: DeprecationWarning: This process (pid=1192) is multi-threaded, use of fork() may lead to deadlocks in the child.
  pid = os.fork()

[2024-10-26T21:46:31.206+0000] {standard_task_runner.py:72} INFO - Started process 1217 to run task
[2024-10-26T21:46:31.228+0000] {standard_task_runner.py:104} INFO - Running: ['***', 'tasks', 'run', 'coinmarket_extraction', 'fetch_coin_data', 'scheduled__2024-10-26T02:50:00+00:00', '--job-id', '33', '--raw', '--subdir', 'DAGS_FOLDER/extractor.py', '--cfg-path', '/tmp/tmpw3ue84x1']
[2024-10-26T21:46:31.234+0000] {standard_task_runner.py:105} INFO - Job 33: Subtask fetch_coin_data
[2024-10-26T21:46:31.603+0000] {task_command.py:467} INFO - Running <TaskInstance: coinmarket_extraction.fetch_coin_data scheduled__2024-10-26T02:50:00+00:00 [running]> on host c94222e110db
[2024-10-26T21:46:31.942+0000] {taskinstance.py:3131} INFO - Exporting env vars: AIRFLOW_CTX_DAG_OWNER='***' AIRFLOW_CTX_DAG_ID='coinmarket_extraction' AIRFLOW_CTX_TASK_ID='fetch_coin_data' AIRFLOW_CTX_EXECUTION_DATE='2024-10-26T02:50:00+00:00' AIRFLOW_CTX_TRY_NUMBER='1' AIRFLOW_CTX_DAG_RUN_ID='scheduled__2024-10-26T02:50:00+00:00'
[2024-10-26T21:46:31.945+0000] {logging_mixin.py:190} INFO - Task instance is in running state
[2024-10-26T21:46:31.949+0000] {logging_mixin.py:190} INFO -  Previous state of the Task instance: queued
[2024-10-26T21:46:31.951+0000] {logging_mixin.py:190} INFO - Current task name:fetch_coin_data state:running start_date:2024-10-26 21:46:31.076716+00:00
[2024-10-26T21:46:31.956+0000] {logging_mixin.py:190} INFO - Dag name:coinmarket_extraction and current dag run status:running
[2024-10-26T21:46:31.957+0000] {taskinstance.py:731} INFO - ::endgroup::
[2024-10-26T21:46:32.119+0000] {python.py:240} INFO - Done. Returned value was: Falha na requisição: 429
[2024-10-26T21:46:32.239+0000] {taskinstance.py:340} INFO - ::group::Post task execution logs
[2024-10-26T21:46:32.240+0000] {taskinstance.py:352} INFO - Marking task as SUCCESS. dag_id=coinmarket_extraction, task_id=fetch_coin_data, run_id=scheduled__2024-10-26T02:50:00+00:00, execution_date=20241026T025000, start_date=20241026T214631, end_date=20241026T214632
[2024-10-26T21:46:32.294+0000] {logging_mixin.py:190} INFO - Task instance in success state
[2024-10-26T21:46:32.301+0000] {logging_mixin.py:190} INFO -  Previous state of the Task instance: running
[2024-10-26T21:46:32.312+0000] {logging_mixin.py:190} INFO - Dag name:coinmarket_extraction queued_at:2024-10-26 21:46:27.902921+00:00
[2024-10-26T21:46:32.317+0000] {logging_mixin.py:190} INFO - Task hostname:c94222e110db operator:PythonOperator
[2024-10-26T21:46:32.385+0000] {local_task_job_runner.py:266} INFO - Task exited with return code 0
[2024-10-26T21:46:32.451+0000] {taskinstance.py:3900} INFO - 0 downstream tasks scheduled from follow-on schedule check
[2024-10-26T21:46:32.466+0000] {local_task_job_runner.py:245} INFO - ::endgroup::
