[2024-10-26T20:50:39.087+0000] {local_task_job_runner.py:123} INFO - ::group::Pre task execution logs
[2024-10-26T20:50:39.106+0000] {taskinstance.py:2612} INFO - Dependencies all met for dep_context=non-requeueable deps ti=<TaskInstance: AAK_extractor.hello manual__2024-10-26T20:50:36.231604+00:00 [queued]>
[2024-10-26T20:50:39.116+0000] {taskinstance.py:2612} INFO - Dependencies all met for dep_context=requeueable deps ti=<TaskInstance: AAK_extractor.hello manual__2024-10-26T20:50:36.231604+00:00 [queued]>
[2024-10-26T20:50:39.119+0000] {taskinstance.py:2865} INFO - Starting attempt 1 of 1
[2024-10-26T20:50:39.137+0000] {taskinstance.py:2888} INFO - Executing <Task(BashOperator): hello> on 2024-10-26 20:50:36.231604+00:00
[2024-10-26T20:50:39.147+0000] {warnings.py:112} WARNING - /home/***/.local/lib/python3.12/site-packages/***/task/task_runner/standard_task_runner.py:70: DeprecationWarning: This process (pid=490) is multi-threaded, use of fork() may lead to deadlocks in the child.
  pid = os.fork()

[2024-10-26T20:50:39.148+0000] {standard_task_runner.py:72} INFO - Started process 492 to run task
[2024-10-26T20:50:39.150+0000] {standard_task_runner.py:104} INFO - Running: ['***', 'tasks', 'run', 'AAK_extractor', 'hello', 'manual__2024-10-26T20:50:36.231604+00:00', '--job-id', '10', '--raw', '--subdir', 'DAGS_FOLDER/extractor.py', '--cfg-path', '/tmp/tmplv9qm648']
[2024-10-26T20:50:39.151+0000] {standard_task_runner.py:105} INFO - Job 10: Subtask hello
[2024-10-26T20:50:39.207+0000] {task_command.py:467} INFO - Running <TaskInstance: AAK_extractor.hello manual__2024-10-26T20:50:36.231604+00:00 [running]> on host c94222e110db
[2024-10-26T20:50:39.335+0000] {taskinstance.py:3131} INFO - Exporting env vars: AIRFLOW_CTX_DAG_OWNER='***' AIRFLOW_CTX_DAG_ID='AAK_extractor' AIRFLOW_CTX_TASK_ID='hello' AIRFLOW_CTX_EXECUTION_DATE='2024-10-26T20:50:36.231604+00:00' AIRFLOW_CTX_TRY_NUMBER='1' AIRFLOW_CTX_DAG_RUN_ID='manual__2024-10-26T20:50:36.231604+00:00'
[2024-10-26T20:50:39.337+0000] {logging_mixin.py:190} INFO - Task instance is in running state
[2024-10-26T20:50:39.338+0000] {logging_mixin.py:190} INFO -  Previous state of the Task instance: queued
[2024-10-26T20:50:39.339+0000] {logging_mixin.py:190} INFO - Current task name:hello state:running start_date:2024-10-26 20:50:39.107411+00:00
[2024-10-26T20:50:39.340+0000] {logging_mixin.py:190} INFO - Dag name:AAK_extractor and current dag run status:running
[2024-10-26T20:50:39.341+0000] {taskinstance.py:731} INFO - ::endgroup::
[2024-10-26T20:50:39.343+0000] {subprocess.py:63} INFO - Tmp dir root location: /tmp
[2024-10-26T20:50:39.344+0000] {subprocess.py:75} INFO - Running command: ['/usr/bin/bash', '-c', 'echo hello world']
[2024-10-26T20:50:39.362+0000] {subprocess.py:86} INFO - Output:
[2024-10-26T20:50:39.364+0000] {subprocess.py:93} INFO - hello world
[2024-10-26T20:50:39.365+0000] {subprocess.py:97} INFO - Command exited with return code 0
[2024-10-26T20:50:39.396+0000] {taskinstance.py:340} INFO - ::group::Post task execution logs
[2024-10-26T20:50:39.398+0000] {taskinstance.py:352} INFO - Marking task as SUCCESS. dag_id=AAK_extractor, task_id=hello, run_id=manual__2024-10-26T20:50:36.231604+00:00, execution_date=20241026T205036, start_date=20241026T205039, end_date=20241026T205039
[2024-10-26T20:50:39.410+0000] {logging_mixin.py:190} INFO - Task instance in success state
[2024-10-26T20:50:39.410+0000] {logging_mixin.py:190} INFO -  Previous state of the Task instance: running
[2024-10-26T20:50:39.411+0000] {logging_mixin.py:190} INFO - Dag name:AAK_extractor queued_at:2024-10-26 20:50:36.252948+00:00
[2024-10-26T20:50:39.412+0000] {logging_mixin.py:190} INFO - Task hostname:c94222e110db operator:BashOperator
[2024-10-26T20:50:39.451+0000] {local_task_job_runner.py:266} INFO - Task exited with return code 0
[2024-10-26T20:50:39.474+0000] {taskinstance.py:3900} INFO - 0 downstream tasks scheduled from follow-on schedule check
[2024-10-26T20:50:39.479+0000] {local_task_job_runner.py:245} INFO - ::endgroup::
