[2024-10-27T03:48:18.272+0000] {processor.py:186} INFO - Started process (PID=14349) to work on /home/airflow/.local/lib/python3.12/site-packages/airflow/example_dags/example_params_trigger_ui.py
[2024-10-27T03:48:18.274+0000] {processor.py:914} INFO - Processing file /home/airflow/.local/lib/python3.12/site-packages/airflow/example_dags/example_params_trigger_ui.py for tasks to queue
[2024-10-27T03:48:18.276+0000] {logging_mixin.py:190} INFO - [2024-10-27T03:48:18.276+0000] {dagbag.py:588} INFO - Filling up the DagBag from /home/airflow/.local/lib/python3.12/site-packages/airflow/example_dags/example_params_trigger_ui.py
[2024-10-27T03:48:18.295+0000] {processor.py:925} INFO - DAG(s) 'example_params_trigger_ui' retrieved from /home/airflow/.local/lib/python3.12/site-packages/airflow/example_dags/example_params_trigger_ui.py
[2024-10-27T03:48:18.376+0000] {logging_mixin.py:190} INFO - [2024-10-27T03:48:18.375+0000] {dag.py:3239} INFO - Sync 1 DAGs
[2024-10-27T03:48:18.414+0000] {logging_mixin.py:190} INFO - [2024-10-27T03:48:18.413+0000] {dag.py:4180} INFO - Setting next_dagrun for example_params_trigger_ui to None, run_after=None
[2024-10-27T03:48:18.442+0000] {processor.py:208} INFO - Processing /home/airflow/.local/lib/python3.12/site-packages/airflow/example_dags/example_params_trigger_ui.py took 0.178 seconds
[2024-10-27T03:48:49.051+0000] {processor.py:186} INFO - Started process (PID=14412) to work on /home/airflow/.local/lib/python3.12/site-packages/airflow/example_dags/example_params_trigger_ui.py
[2024-10-27T03:48:49.052+0000] {processor.py:914} INFO - Processing file /home/airflow/.local/lib/python3.12/site-packages/airflow/example_dags/example_params_trigger_ui.py for tasks to queue
[2024-10-27T03:48:49.054+0000] {logging_mixin.py:190} INFO - [2024-10-27T03:48:49.054+0000] {dagbag.py:588} INFO - Filling up the DagBag from /home/airflow/.local/lib/python3.12/site-packages/airflow/example_dags/example_params_trigger_ui.py
[2024-10-27T03:48:49.063+0000] {processor.py:925} INFO - DAG(s) 'example_params_trigger_ui' retrieved from /home/airflow/.local/lib/python3.12/site-packages/airflow/example_dags/example_params_trigger_ui.py
[2024-10-27T03:48:49.099+0000] {logging_mixin.py:190} INFO - [2024-10-27T03:48:49.099+0000] {dag.py:3239} INFO - Sync 1 DAGs
[2024-10-27T03:48:49.110+0000] {logging_mixin.py:190} INFO - [2024-10-27T03:48:49.110+0000] {dag.py:4180} INFO - Setting next_dagrun for example_params_trigger_ui to None, run_after=None
[2024-10-27T03:48:49.130+0000] {processor.py:208} INFO - Processing /home/airflow/.local/lib/python3.12/site-packages/airflow/example_dags/example_params_trigger_ui.py took 0.084 seconds
[2024-10-27T06:07:38.530+0000] {processor.py:186} INFO - Started process (PID=14483) to work on /home/airflow/.local/lib/python3.12/site-packages/airflow/example_dags/example_params_trigger_ui.py
[2024-10-27T06:07:38.532+0000] {processor.py:914} INFO - Processing file /home/airflow/.local/lib/python3.12/site-packages/airflow/example_dags/example_params_trigger_ui.py for tasks to queue
[2024-10-27T06:07:38.533+0000] {logging_mixin.py:190} INFO - [2024-10-27T06:07:38.533+0000] {dagbag.py:588} INFO - Filling up the DagBag from /home/airflow/.local/lib/python3.12/site-packages/airflow/example_dags/example_params_trigger_ui.py
[2024-10-27T06:07:38.550+0000] {processor.py:925} INFO - DAG(s) 'example_params_trigger_ui' retrieved from /home/airflow/.local/lib/python3.12/site-packages/airflow/example_dags/example_params_trigger_ui.py
[2024-10-27T06:07:38.597+0000] {logging_mixin.py:190} INFO - [2024-10-27T06:07:38.596+0000] {dag.py:3239} INFO - Sync 1 DAGs
[2024-10-27T06:07:38.610+0000] {logging_mixin.py:190} INFO - [2024-10-27T06:07:38.610+0000] {dag.py:4180} INFO - Setting next_dagrun for example_params_trigger_ui to None, run_after=None
[2024-10-27T06:07:38.633+0000] {processor.py:208} INFO - Processing /home/airflow/.local/lib/python3.12/site-packages/airflow/example_dags/example_params_trigger_ui.py took 0.110 seconds
[2024-10-27T06:08:08.670+0000] {processor.py:186} INFO - Started process (PID=14546) to work on /home/airflow/.local/lib/python3.12/site-packages/airflow/example_dags/example_params_trigger_ui.py
[2024-10-27T06:08:08.672+0000] {processor.py:914} INFO - Processing file /home/airflow/.local/lib/python3.12/site-packages/airflow/example_dags/example_params_trigger_ui.py for tasks to queue
[2024-10-27T06:08:08.673+0000] {logging_mixin.py:190} INFO - [2024-10-27T06:08:08.673+0000] {dagbag.py:588} INFO - Filling up the DagBag from /home/airflow/.local/lib/python3.12/site-packages/airflow/example_dags/example_params_trigger_ui.py
[2024-10-27T06:08:08.683+0000] {processor.py:925} INFO - DAG(s) 'example_params_trigger_ui' retrieved from /home/airflow/.local/lib/python3.12/site-packages/airflow/example_dags/example_params_trigger_ui.py
[2024-10-27T06:08:08.721+0000] {logging_mixin.py:190} INFO - [2024-10-27T06:08:08.720+0000] {dag.py:3239} INFO - Sync 1 DAGs
[2024-10-27T06:08:08.732+0000] {logging_mixin.py:190} INFO - [2024-10-27T06:08:08.732+0000] {dag.py:4180} INFO - Setting next_dagrun for example_params_trigger_ui to None, run_after=None
[2024-10-27T06:08:08.752+0000] {processor.py:208} INFO - Processing /home/airflow/.local/lib/python3.12/site-packages/airflow/example_dags/example_params_trigger_ui.py took 0.086 seconds
[2024-10-27T06:08:39.332+0000] {processor.py:186} INFO - Started process (PID=14609) to work on /home/airflow/.local/lib/python3.12/site-packages/airflow/example_dags/example_params_trigger_ui.py
[2024-10-27T06:08:39.334+0000] {processor.py:914} INFO - Processing file /home/airflow/.local/lib/python3.12/site-packages/airflow/example_dags/example_params_trigger_ui.py for tasks to queue
[2024-10-27T06:08:39.335+0000] {logging_mixin.py:190} INFO - [2024-10-27T06:08:39.335+0000] {dagbag.py:588} INFO - Filling up the DagBag from /home/airflow/.local/lib/python3.12/site-packages/airflow/example_dags/example_params_trigger_ui.py
[2024-10-27T06:08:39.345+0000] {processor.py:925} INFO - DAG(s) 'example_params_trigger_ui' retrieved from /home/airflow/.local/lib/python3.12/site-packages/airflow/example_dags/example_params_trigger_ui.py
[2024-10-27T06:08:39.384+0000] {logging_mixin.py:190} INFO - [2024-10-27T06:08:39.383+0000] {dag.py:3239} INFO - Sync 1 DAGs
[2024-10-27T06:08:39.396+0000] {logging_mixin.py:190} INFO - [2024-10-27T06:08:39.396+0000] {dag.py:4180} INFO - Setting next_dagrun for example_params_trigger_ui to None, run_after=None
[2024-10-27T06:08:39.414+0000] {processor.py:208} INFO - Processing /home/airflow/.local/lib/python3.12/site-packages/airflow/example_dags/example_params_trigger_ui.py took 0.087 seconds
