[2024-10-27T03:48:17.685+0000] {processor.py:186} INFO - Started process (PID=14344) to work on /home/airflow/.local/lib/python3.12/site-packages/airflow/example_dags/example_python_decorator.py
[2024-10-27T03:48:17.686+0000] {processor.py:914} INFO - Processing file /home/airflow/.local/lib/python3.12/site-packages/airflow/example_dags/example_python_decorator.py for tasks to queue
[2024-10-27T03:48:17.688+0000] {logging_mixin.py:190} INFO - [2024-10-27T03:48:17.688+0000] {dagbag.py:588} INFO - Filling up the DagBag from /home/airflow/.local/lib/python3.12/site-packages/airflow/example_dags/example_python_decorator.py
[2024-10-27T03:48:17.716+0000] {processor.py:925} INFO - DAG(s) 'example_python_decorator' retrieved from /home/airflow/.local/lib/python3.12/site-packages/airflow/example_dags/example_python_decorator.py
[2024-10-27T03:48:17.747+0000] {logging_mixin.py:190} INFO - [2024-10-27T03:48:17.747+0000] {dag.py:3239} INFO - Sync 1 DAGs
[2024-10-27T03:48:17.774+0000] {logging_mixin.py:190} INFO - [2024-10-27T03:48:17.774+0000] {dag.py:4180} INFO - Setting next_dagrun for example_python_decorator to None, run_after=None
[2024-10-27T03:48:17.815+0000] {processor.py:208} INFO - Processing /home/airflow/.local/lib/python3.12/site-packages/airflow/example_dags/example_python_decorator.py took 0.138 seconds
[2024-10-27T03:48:48.695+0000] {processor.py:186} INFO - Started process (PID=14407) to work on /home/airflow/.local/lib/python3.12/site-packages/airflow/example_dags/example_python_decorator.py
[2024-10-27T03:48:48.696+0000] {processor.py:914} INFO - Processing file /home/airflow/.local/lib/python3.12/site-packages/airflow/example_dags/example_python_decorator.py for tasks to queue
[2024-10-27T03:48:48.697+0000] {logging_mixin.py:190} INFO - [2024-10-27T03:48:48.697+0000] {dagbag.py:588} INFO - Filling up the DagBag from /home/airflow/.local/lib/python3.12/site-packages/airflow/example_dags/example_python_decorator.py
[2024-10-27T03:48:48.709+0000] {processor.py:925} INFO - DAG(s) 'example_python_decorator' retrieved from /home/airflow/.local/lib/python3.12/site-packages/airflow/example_dags/example_python_decorator.py
[2024-10-27T03:48:48.730+0000] {logging_mixin.py:190} INFO - [2024-10-27T03:48:48.729+0000] {dag.py:3239} INFO - Sync 1 DAGs
[2024-10-27T03:48:48.743+0000] {logging_mixin.py:190} INFO - [2024-10-27T03:48:48.743+0000] {dag.py:4180} INFO - Setting next_dagrun for example_python_decorator to None, run_after=None
[2024-10-27T03:48:48.764+0000] {processor.py:208} INFO - Processing /home/airflow/.local/lib/python3.12/site-packages/airflow/example_dags/example_python_decorator.py took 0.074 seconds
[2024-10-27T06:07:37.974+0000] {processor.py:186} INFO - Started process (PID=14478) to work on /home/airflow/.local/lib/python3.12/site-packages/airflow/example_dags/example_python_decorator.py
[2024-10-27T06:07:37.975+0000] {processor.py:914} INFO - Processing file /home/airflow/.local/lib/python3.12/site-packages/airflow/example_dags/example_python_decorator.py for tasks to queue
[2024-10-27T06:07:37.977+0000] {logging_mixin.py:190} INFO - [2024-10-27T06:07:37.977+0000] {dagbag.py:588} INFO - Filling up the DagBag from /home/airflow/.local/lib/python3.12/site-packages/airflow/example_dags/example_python_decorator.py
[2024-10-27T06:07:37.993+0000] {processor.py:925} INFO - DAG(s) 'example_python_decorator' retrieved from /home/airflow/.local/lib/python3.12/site-packages/airflow/example_dags/example_python_decorator.py
[2024-10-27T06:07:38.015+0000] {logging_mixin.py:190} INFO - [2024-10-27T06:07:38.015+0000] {dag.py:3239} INFO - Sync 1 DAGs
[2024-10-27T06:07:38.029+0000] {logging_mixin.py:190} INFO - [2024-10-27T06:07:38.028+0000] {dag.py:4180} INFO - Setting next_dagrun for example_python_decorator to None, run_after=None
[2024-10-27T06:07:38.047+0000] {processor.py:208} INFO - Processing /home/airflow/.local/lib/python3.12/site-packages/airflow/example_dags/example_python_decorator.py took 0.080 seconds
[2024-10-27T06:08:08.209+0000] {processor.py:186} INFO - Started process (PID=14541) to work on /home/airflow/.local/lib/python3.12/site-packages/airflow/example_dags/example_python_decorator.py
[2024-10-27T06:08:08.210+0000] {processor.py:914} INFO - Processing file /home/airflow/.local/lib/python3.12/site-packages/airflow/example_dags/example_python_decorator.py for tasks to queue
[2024-10-27T06:08:08.211+0000] {logging_mixin.py:190} INFO - [2024-10-27T06:08:08.211+0000] {dagbag.py:588} INFO - Filling up the DagBag from /home/airflow/.local/lib/python3.12/site-packages/airflow/example_dags/example_python_decorator.py
[2024-10-27T06:08:08.223+0000] {processor.py:925} INFO - DAG(s) 'example_python_decorator' retrieved from /home/airflow/.local/lib/python3.12/site-packages/airflow/example_dags/example_python_decorator.py
[2024-10-27T06:08:08.244+0000] {logging_mixin.py:190} INFO - [2024-10-27T06:08:08.244+0000] {dag.py:3239} INFO - Sync 1 DAGs
[2024-10-27T06:08:08.258+0000] {logging_mixin.py:190} INFO - [2024-10-27T06:08:08.258+0000] {dag.py:4180} INFO - Setting next_dagrun for example_python_decorator to None, run_after=None
[2024-10-27T06:08:08.278+0000] {processor.py:208} INFO - Processing /home/airflow/.local/lib/python3.12/site-packages/airflow/example_dags/example_python_decorator.py took 0.075 seconds
[2024-10-27T06:08:38.893+0000] {processor.py:186} INFO - Started process (PID=14604) to work on /home/airflow/.local/lib/python3.12/site-packages/airflow/example_dags/example_python_decorator.py
[2024-10-27T06:08:38.894+0000] {processor.py:914} INFO - Processing file /home/airflow/.local/lib/python3.12/site-packages/airflow/example_dags/example_python_decorator.py for tasks to queue
[2024-10-27T06:08:38.895+0000] {logging_mixin.py:190} INFO - [2024-10-27T06:08:38.895+0000] {dagbag.py:588} INFO - Filling up the DagBag from /home/airflow/.local/lib/python3.12/site-packages/airflow/example_dags/example_python_decorator.py
[2024-10-27T06:08:38.909+0000] {processor.py:925} INFO - DAG(s) 'example_python_decorator' retrieved from /home/airflow/.local/lib/python3.12/site-packages/airflow/example_dags/example_python_decorator.py
[2024-10-27T06:08:38.932+0000] {logging_mixin.py:190} INFO - [2024-10-27T06:08:38.931+0000] {dag.py:3239} INFO - Sync 1 DAGs
[2024-10-27T06:08:38.946+0000] {logging_mixin.py:190} INFO - [2024-10-27T06:08:38.945+0000] {dag.py:4180} INFO - Setting next_dagrun for example_python_decorator to None, run_after=None
[2024-10-27T06:08:38.966+0000] {processor.py:208} INFO - Processing /home/airflow/.local/lib/python3.12/site-packages/airflow/example_dags/example_python_decorator.py took 0.078 seconds
