[2024-10-27T03:48:11.069+0000] {processor.py:186} INFO - Started process (PID=14305) to work on /home/airflow/.local/lib/python3.12/site-packages/airflow/example_dags/example_nested_branch_dag.py
[2024-10-27T03:48:11.071+0000] {processor.py:914} INFO - Processing file /home/airflow/.local/lib/python3.12/site-packages/airflow/example_dags/example_nested_branch_dag.py for tasks to queue
[2024-10-27T03:48:11.073+0000] {logging_mixin.py:190} INFO - [2024-10-27T03:48:11.072+0000] {dagbag.py:588} INFO - Filling up the DagBag from /home/airflow/.local/lib/python3.12/site-packages/airflow/example_dags/example_nested_branch_dag.py
[2024-10-27T03:48:11.123+0000] {processor.py:925} INFO - DAG(s) 'example_nested_branch_dag' retrieved from /home/airflow/.local/lib/python3.12/site-packages/airflow/example_dags/example_nested_branch_dag.py
[2024-10-27T03:48:11.187+0000] {logging_mixin.py:190} INFO - [2024-10-27T03:48:11.179+0000] {dag.py:3239} INFO - Sync 1 DAGs
[2024-10-27T03:48:11.258+0000] {logging_mixin.py:190} INFO - [2024-10-27T03:48:11.257+0000] {dag.py:4180} INFO - Setting next_dagrun for example_nested_branch_dag to 2024-10-26 00:00:00+00:00, run_after=2024-10-27 00:00:00+00:00
[2024-10-27T03:48:11.328+0000] {processor.py:208} INFO - Processing /home/airflow/.local/lib/python3.12/site-packages/airflow/example_dags/example_nested_branch_dag.py took 0.284 seconds
[2024-10-27T03:48:41.622+0000] {processor.py:186} INFO - Started process (PID=14368) to work on /home/airflow/.local/lib/python3.12/site-packages/airflow/example_dags/example_nested_branch_dag.py
[2024-10-27T03:48:41.623+0000] {processor.py:914} INFO - Processing file /home/airflow/.local/lib/python3.12/site-packages/airflow/example_dags/example_nested_branch_dag.py for tasks to queue
[2024-10-27T03:48:41.624+0000] {logging_mixin.py:190} INFO - [2024-10-27T03:48:41.624+0000] {dagbag.py:588} INFO - Filling up the DagBag from /home/airflow/.local/lib/python3.12/site-packages/airflow/example_dags/example_nested_branch_dag.py
[2024-10-27T03:48:41.634+0000] {processor.py:925} INFO - DAG(s) 'example_nested_branch_dag' retrieved from /home/airflow/.local/lib/python3.12/site-packages/airflow/example_dags/example_nested_branch_dag.py
[2024-10-27T03:48:41.655+0000] {logging_mixin.py:190} INFO - [2024-10-27T03:48:41.655+0000] {dag.py:3239} INFO - Sync 1 DAGs
[2024-10-27T03:48:41.675+0000] {logging_mixin.py:190} INFO - [2024-10-27T03:48:41.674+0000] {dag.py:4180} INFO - Setting next_dagrun for example_nested_branch_dag to 2024-10-26 00:00:00+00:00, run_after=2024-10-27 00:00:00+00:00
[2024-10-27T03:48:41.694+0000] {processor.py:208} INFO - Processing /home/airflow/.local/lib/python3.12/site-packages/airflow/example_dags/example_nested_branch_dag.py took 0.076 seconds
[2024-10-27T03:49:11.836+0000] {processor.py:186} INFO - Started process (PID=14431) to work on /home/airflow/.local/lib/python3.12/site-packages/airflow/example_dags/example_nested_branch_dag.py
[2024-10-27T03:49:11.837+0000] {processor.py:914} INFO - Processing file /home/airflow/.local/lib/python3.12/site-packages/airflow/example_dags/example_nested_branch_dag.py for tasks to queue
[2024-10-27T03:49:11.838+0000] {logging_mixin.py:190} INFO - [2024-10-27T03:49:11.838+0000] {dagbag.py:588} INFO - Filling up the DagBag from /home/airflow/.local/lib/python3.12/site-packages/airflow/example_dags/example_nested_branch_dag.py
[2024-10-27T03:49:11.847+0000] {processor.py:925} INFO - DAG(s) 'example_nested_branch_dag' retrieved from /home/airflow/.local/lib/python3.12/site-packages/airflow/example_dags/example_nested_branch_dag.py
[2024-10-27T03:49:11.865+0000] {logging_mixin.py:190} INFO - [2024-10-27T03:49:11.865+0000] {dag.py:3239} INFO - Sync 1 DAGs
[2024-10-27T03:49:11.886+0000] {logging_mixin.py:190} INFO - [2024-10-27T03:49:11.886+0000] {dag.py:4180} INFO - Setting next_dagrun for example_nested_branch_dag to 2024-10-26 00:00:00+00:00, run_after=2024-10-27 00:00:00+00:00
[2024-10-27T03:49:11.905+0000] {processor.py:208} INFO - Processing /home/airflow/.local/lib/python3.12/site-packages/airflow/example_dags/example_nested_branch_dag.py took 0.074 seconds
[2024-10-27T06:07:33.083+0000] {processor.py:186} INFO - Started process (PID=14441) to work on /home/airflow/.local/lib/python3.12/site-packages/airflow/example_dags/example_nested_branch_dag.py
[2024-10-27T06:07:33.084+0000] {processor.py:914} INFO - Processing file /home/airflow/.local/lib/python3.12/site-packages/airflow/example_dags/example_nested_branch_dag.py for tasks to queue
[2024-10-27T06:07:33.086+0000] {logging_mixin.py:190} INFO - [2024-10-27T06:07:33.086+0000] {dagbag.py:588} INFO - Filling up the DagBag from /home/airflow/.local/lib/python3.12/site-packages/airflow/example_dags/example_nested_branch_dag.py
[2024-10-27T06:07:33.112+0000] {processor.py:925} INFO - DAG(s) 'example_nested_branch_dag' retrieved from /home/airflow/.local/lib/python3.12/site-packages/airflow/example_dags/example_nested_branch_dag.py
[2024-10-27T06:07:33.156+0000] {logging_mixin.py:190} INFO - [2024-10-27T06:07:33.156+0000] {dag.py:3239} INFO - Sync 1 DAGs
[2024-10-27T06:07:33.207+0000] {logging_mixin.py:190} INFO - [2024-10-27T06:07:33.207+0000] {dag.py:4180} INFO - Setting next_dagrun for example_nested_branch_dag to 2024-10-26 00:00:00+00:00, run_after=2024-10-27 00:00:00+00:00
[2024-10-27T06:07:33.252+0000] {processor.py:208} INFO - Processing /home/airflow/.local/lib/python3.12/site-packages/airflow/example_dags/example_nested_branch_dag.py took 0.186 seconds
[2024-10-27T06:08:03.490+0000] {processor.py:186} INFO - Started process (PID=14504) to work on /home/airflow/.local/lib/python3.12/site-packages/airflow/example_dags/example_nested_branch_dag.py
[2024-10-27T06:08:03.491+0000] {processor.py:914} INFO - Processing file /home/airflow/.local/lib/python3.12/site-packages/airflow/example_dags/example_nested_branch_dag.py for tasks to queue
[2024-10-27T06:08:03.493+0000] {logging_mixin.py:190} INFO - [2024-10-27T06:08:03.493+0000] {dagbag.py:588} INFO - Filling up the DagBag from /home/airflow/.local/lib/python3.12/site-packages/airflow/example_dags/example_nested_branch_dag.py
[2024-10-27T06:08:03.505+0000] {processor.py:925} INFO - DAG(s) 'example_nested_branch_dag' retrieved from /home/airflow/.local/lib/python3.12/site-packages/airflow/example_dags/example_nested_branch_dag.py
[2024-10-27T06:08:03.535+0000] {logging_mixin.py:190} INFO - [2024-10-27T06:08:03.535+0000] {dag.py:3239} INFO - Sync 1 DAGs
[2024-10-27T06:08:03.561+0000] {logging_mixin.py:190} INFO - [2024-10-27T06:08:03.561+0000] {dag.py:4180} INFO - Setting next_dagrun for example_nested_branch_dag to 2024-10-26 00:00:00+00:00, run_after=2024-10-27 00:00:00+00:00
[2024-10-27T06:08:03.612+0000] {processor.py:208} INFO - Processing /home/airflow/.local/lib/python3.12/site-packages/airflow/example_dags/example_nested_branch_dag.py took 0.128 seconds
[2024-10-27T06:08:33.749+0000] {processor.py:186} INFO - Started process (PID=14567) to work on /home/airflow/.local/lib/python3.12/site-packages/airflow/example_dags/example_nested_branch_dag.py
[2024-10-27T06:08:33.751+0000] {processor.py:914} INFO - Processing file /home/airflow/.local/lib/python3.12/site-packages/airflow/example_dags/example_nested_branch_dag.py for tasks to queue
[2024-10-27T06:08:33.752+0000] {logging_mixin.py:190} INFO - [2024-10-27T06:08:33.752+0000] {dagbag.py:588} INFO - Filling up the DagBag from /home/airflow/.local/lib/python3.12/site-packages/airflow/example_dags/example_nested_branch_dag.py
[2024-10-27T06:08:33.762+0000] {processor.py:925} INFO - DAG(s) 'example_nested_branch_dag' retrieved from /home/airflow/.local/lib/python3.12/site-packages/airflow/example_dags/example_nested_branch_dag.py
[2024-10-27T06:08:33.782+0000] {logging_mixin.py:190} INFO - [2024-10-27T06:08:33.782+0000] {dag.py:3239} INFO - Sync 1 DAGs
[2024-10-27T06:08:33.804+0000] {logging_mixin.py:190} INFO - [2024-10-27T06:08:33.804+0000] {dag.py:4180} INFO - Setting next_dagrun for example_nested_branch_dag to 2024-10-26 00:00:00+00:00, run_after=2024-10-27 00:00:00+00:00
[2024-10-27T06:08:33.822+0000] {processor.py:208} INFO - Processing /home/airflow/.local/lib/python3.12/site-packages/airflow/example_dags/example_nested_branch_dag.py took 0.078 seconds
[2024-10-27T06:09:04.057+0000] {processor.py:186} INFO - Started process (PID=14630) to work on /home/airflow/.local/lib/python3.12/site-packages/airflow/example_dags/example_nested_branch_dag.py
[2024-10-27T06:09:04.058+0000] {processor.py:914} INFO - Processing file /home/airflow/.local/lib/python3.12/site-packages/airflow/example_dags/example_nested_branch_dag.py for tasks to queue
[2024-10-27T06:09:04.059+0000] {logging_mixin.py:190} INFO - [2024-10-27T06:09:04.059+0000] {dagbag.py:588} INFO - Filling up the DagBag from /home/airflow/.local/lib/python3.12/site-packages/airflow/example_dags/example_nested_branch_dag.py
[2024-10-27T06:09:04.068+0000] {processor.py:925} INFO - DAG(s) 'example_nested_branch_dag' retrieved from /home/airflow/.local/lib/python3.12/site-packages/airflow/example_dags/example_nested_branch_dag.py
[2024-10-27T06:09:04.088+0000] {logging_mixin.py:190} INFO - [2024-10-27T06:09:04.088+0000] {dag.py:3239} INFO - Sync 1 DAGs
[2024-10-27T06:09:04.107+0000] {logging_mixin.py:190} INFO - [2024-10-27T06:09:04.107+0000] {dag.py:4180} INFO - Setting next_dagrun for example_nested_branch_dag to 2024-10-26 00:00:00+00:00, run_after=2024-10-27 00:00:00+00:00
[2024-10-27T06:09:04.127+0000] {processor.py:208} INFO - Processing /home/airflow/.local/lib/python3.12/site-packages/airflow/example_dags/example_nested_branch_dag.py took 0.076 seconds
