[2024-10-27T03:48:15.130+0000] {processor.py:186} INFO - Started process (PID=14326) to work on /home/airflow/.local/lib/python3.12/site-packages/airflow/example_dags/example_setup_teardown_taskflow.py
[2024-10-27T03:48:15.133+0000] {processor.py:914} INFO - Processing file /home/airflow/.local/lib/python3.12/site-packages/airflow/example_dags/example_setup_teardown_taskflow.py for tasks to queue
[2024-10-27T03:48:15.134+0000] {logging_mixin.py:190} INFO - [2024-10-27T03:48:15.134+0000] {dagbag.py:588} INFO - Filling up the DagBag from /home/airflow/.local/lib/python3.12/site-packages/airflow/example_dags/example_setup_teardown_taskflow.py
[2024-10-27T03:48:15.153+0000] {processor.py:925} INFO - DAG(s) 'example_setup_teardown_taskflow' retrieved from /home/airflow/.local/lib/python3.12/site-packages/airflow/example_dags/example_setup_teardown_taskflow.py
[2024-10-27T03:48:15.186+0000] {logging_mixin.py:190} INFO - [2024-10-27T03:48:15.185+0000] {dag.py:3239} INFO - Sync 1 DAGs
[2024-10-27T03:48:15.217+0000] {logging_mixin.py:190} INFO - [2024-10-27T03:48:15.217+0000] {dag.py:4180} INFO - Setting next_dagrun for example_setup_teardown_taskflow to None, run_after=None
[2024-10-27T03:48:15.244+0000] {processor.py:208} INFO - Processing /home/airflow/.local/lib/python3.12/site-packages/airflow/example_dags/example_setup_teardown_taskflow.py took 0.122 seconds
[2024-10-27T03:48:45.519+0000] {processor.py:186} INFO - Started process (PID=14389) to work on /home/airflow/.local/lib/python3.12/site-packages/airflow/example_dags/example_setup_teardown_taskflow.py
[2024-10-27T03:48:45.520+0000] {processor.py:914} INFO - Processing file /home/airflow/.local/lib/python3.12/site-packages/airflow/example_dags/example_setup_teardown_taskflow.py for tasks to queue
[2024-10-27T03:48:45.522+0000] {logging_mixin.py:190} INFO - [2024-10-27T03:48:45.521+0000] {dagbag.py:588} INFO - Filling up the DagBag from /home/airflow/.local/lib/python3.12/site-packages/airflow/example_dags/example_setup_teardown_taskflow.py
[2024-10-27T03:48:45.531+0000] {processor.py:925} INFO - DAG(s) 'example_setup_teardown_taskflow' retrieved from /home/airflow/.local/lib/python3.12/site-packages/airflow/example_dags/example_setup_teardown_taskflow.py
[2024-10-27T03:48:45.552+0000] {logging_mixin.py:190} INFO - [2024-10-27T03:48:45.552+0000] {dag.py:3239} INFO - Sync 1 DAGs
[2024-10-27T03:48:45.566+0000] {logging_mixin.py:190} INFO - [2024-10-27T03:48:45.566+0000] {dag.py:4180} INFO - Setting next_dagrun for example_setup_teardown_taskflow to None, run_after=None
[2024-10-27T03:48:45.592+0000] {processor.py:208} INFO - Processing /home/airflow/.local/lib/python3.12/site-packages/airflow/example_dags/example_setup_teardown_taskflow.py took 0.079 seconds
[2024-10-27T06:07:36.398+0000] {processor.py:186} INFO - Started process (PID=14460) to work on /home/airflow/.local/lib/python3.12/site-packages/airflow/example_dags/example_setup_teardown_taskflow.py
[2024-10-27T06:07:36.400+0000] {processor.py:914} INFO - Processing file /home/airflow/.local/lib/python3.12/site-packages/airflow/example_dags/example_setup_teardown_taskflow.py for tasks to queue
[2024-10-27T06:07:36.403+0000] {logging_mixin.py:190} INFO - [2024-10-27T06:07:36.403+0000] {dagbag.py:588} INFO - Filling up the DagBag from /home/airflow/.local/lib/python3.12/site-packages/airflow/example_dags/example_setup_teardown_taskflow.py
[2024-10-27T06:07:36.422+0000] {processor.py:925} INFO - DAG(s) 'example_setup_teardown_taskflow' retrieved from /home/airflow/.local/lib/python3.12/site-packages/airflow/example_dags/example_setup_teardown_taskflow.py
[2024-10-27T06:07:36.457+0000] {logging_mixin.py:190} INFO - [2024-10-27T06:07:36.457+0000] {dag.py:3239} INFO - Sync 1 DAGs
[2024-10-27T06:07:36.482+0000] {logging_mixin.py:190} INFO - [2024-10-27T06:07:36.481+0000] {dag.py:4180} INFO - Setting next_dagrun for example_setup_teardown_taskflow to None, run_after=None
[2024-10-27T06:07:36.508+0000] {processor.py:208} INFO - Processing /home/airflow/.local/lib/python3.12/site-packages/airflow/example_dags/example_setup_teardown_taskflow.py took 0.120 seconds
[2024-10-27T06:08:07.086+0000] {processor.py:186} INFO - Started process (PID=14523) to work on /home/airflow/.local/lib/python3.12/site-packages/airflow/example_dags/example_setup_teardown_taskflow.py
[2024-10-27T06:08:07.087+0000] {processor.py:914} INFO - Processing file /home/airflow/.local/lib/python3.12/site-packages/airflow/example_dags/example_setup_teardown_taskflow.py for tasks to queue
[2024-10-27T06:08:07.089+0000] {logging_mixin.py:190} INFO - [2024-10-27T06:08:07.088+0000] {dagbag.py:588} INFO - Filling up the DagBag from /home/airflow/.local/lib/python3.12/site-packages/airflow/example_dags/example_setup_teardown_taskflow.py
[2024-10-27T06:08:07.100+0000] {processor.py:925} INFO - DAG(s) 'example_setup_teardown_taskflow' retrieved from /home/airflow/.local/lib/python3.12/site-packages/airflow/example_dags/example_setup_teardown_taskflow.py
[2024-10-27T06:08:07.123+0000] {logging_mixin.py:190} INFO - [2024-10-27T06:08:07.123+0000] {dag.py:3239} INFO - Sync 1 DAGs
[2024-10-27T06:08:07.139+0000] {logging_mixin.py:190} INFO - [2024-10-27T06:08:07.138+0000] {dag.py:4180} INFO - Setting next_dagrun for example_setup_teardown_taskflow to None, run_after=None
[2024-10-27T06:08:07.158+0000] {processor.py:208} INFO - Processing /home/airflow/.local/lib/python3.12/site-packages/airflow/example_dags/example_setup_teardown_taskflow.py took 0.078 seconds
[2024-10-27T06:08:37.516+0000] {processor.py:186} INFO - Started process (PID=14586) to work on /home/airflow/.local/lib/python3.12/site-packages/airflow/example_dags/example_setup_teardown_taskflow.py
[2024-10-27T06:08:37.517+0000] {processor.py:914} INFO - Processing file /home/airflow/.local/lib/python3.12/site-packages/airflow/example_dags/example_setup_teardown_taskflow.py for tasks to queue
[2024-10-27T06:08:37.519+0000] {logging_mixin.py:190} INFO - [2024-10-27T06:08:37.519+0000] {dagbag.py:588} INFO - Filling up the DagBag from /home/airflow/.local/lib/python3.12/site-packages/airflow/example_dags/example_setup_teardown_taskflow.py
[2024-10-27T06:08:37.531+0000] {processor.py:925} INFO - DAG(s) 'example_setup_teardown_taskflow' retrieved from /home/airflow/.local/lib/python3.12/site-packages/airflow/example_dags/example_setup_teardown_taskflow.py
[2024-10-27T06:08:37.559+0000] {logging_mixin.py:190} INFO - [2024-10-27T06:08:37.559+0000] {dag.py:3239} INFO - Sync 1 DAGs
[2024-10-27T06:08:37.577+0000] {logging_mixin.py:190} INFO - [2024-10-27T06:08:37.577+0000] {dag.py:4180} INFO - Setting next_dagrun for example_setup_teardown_taskflow to None, run_after=None
[2024-10-27T06:08:37.598+0000] {processor.py:208} INFO - Processing /home/airflow/.local/lib/python3.12/site-packages/airflow/example_dags/example_setup_teardown_taskflow.py took 0.087 seconds
