[2024-10-27T03:48:11.428+0000] {processor.py:186} INFO - Started process (PID=14307) to work on /home/airflow/.local/lib/python3.12/site-packages/airflow/example_dags/example_branch_python_dop_operator_3.py
[2024-10-27T03:48:11.440+0000] {processor.py:914} INFO - Processing file /home/airflow/.local/lib/python3.12/site-packages/airflow/example_dags/example_branch_python_dop_operator_3.py for tasks to queue
[2024-10-27T03:48:11.443+0000] {logging_mixin.py:190} INFO - [2024-10-27T03:48:11.442+0000] {dagbag.py:588} INFO - Filling up the DagBag from /home/airflow/.local/lib/python3.12/site-packages/airflow/example_dags/example_branch_python_dop_operator_3.py
[2024-10-27T03:48:11.482+0000] {processor.py:925} INFO - DAG(s) 'example_branch_dop_operator_v3' retrieved from /home/airflow/.local/lib/python3.12/site-packages/airflow/example_dags/example_branch_python_dop_operator_3.py
[2024-10-27T03:48:11.550+0000] {logging_mixin.py:190} INFO - [2024-10-27T03:48:11.538+0000] {dag.py:3239} INFO - Sync 1 DAGs
[2024-10-27T03:48:11.641+0000] {logging_mixin.py:190} INFO - [2024-10-27T03:48:11.640+0000] {dag.py:4180} INFO - Setting next_dagrun for example_branch_dop_operator_v3 to 2024-10-27 03:47:00+00:00, run_after=2024-10-27 03:48:00+00:00
[2024-10-27T03:48:11.725+0000] {processor.py:208} INFO - Processing /home/airflow/.local/lib/python3.12/site-packages/airflow/example_dags/example_branch_python_dop_operator_3.py took 0.317 seconds
[2024-10-27T03:48:41.823+0000] {processor.py:186} INFO - Started process (PID=14370) to work on /home/airflow/.local/lib/python3.12/site-packages/airflow/example_dags/example_branch_python_dop_operator_3.py
[2024-10-27T03:48:41.824+0000] {processor.py:914} INFO - Processing file /home/airflow/.local/lib/python3.12/site-packages/airflow/example_dags/example_branch_python_dop_operator_3.py for tasks to queue
[2024-10-27T03:48:41.825+0000] {logging_mixin.py:190} INFO - [2024-10-27T03:48:41.825+0000] {dagbag.py:588} INFO - Filling up the DagBag from /home/airflow/.local/lib/python3.12/site-packages/airflow/example_dags/example_branch_python_dop_operator_3.py
[2024-10-27T03:48:41.834+0000] {processor.py:925} INFO - DAG(s) 'example_branch_dop_operator_v3' retrieved from /home/airflow/.local/lib/python3.12/site-packages/airflow/example_dags/example_branch_python_dop_operator_3.py
[2024-10-27T03:48:41.851+0000] {logging_mixin.py:190} INFO - [2024-10-27T03:48:41.851+0000] {dag.py:3239} INFO - Sync 1 DAGs
[2024-10-27T03:48:41.871+0000] {logging_mixin.py:190} INFO - [2024-10-27T03:48:41.871+0000] {dag.py:4180} INFO - Setting next_dagrun for example_branch_dop_operator_v3 to 2024-10-27 03:47:00+00:00, run_after=2024-10-27 03:48:00+00:00
[2024-10-27T03:48:41.890+0000] {processor.py:208} INFO - Processing /home/airflow/.local/lib/python3.12/site-packages/airflow/example_dags/example_branch_python_dop_operator_3.py took 0.072 seconds
[2024-10-27T03:49:11.945+0000] {processor.py:186} INFO - Started process (PID=14433) to work on /home/airflow/.local/lib/python3.12/site-packages/airflow/example_dags/example_branch_python_dop_operator_3.py
[2024-10-27T03:49:11.945+0000] {processor.py:914} INFO - Processing file /home/airflow/.local/lib/python3.12/site-packages/airflow/example_dags/example_branch_python_dop_operator_3.py for tasks to queue
[2024-10-27T03:49:11.947+0000] {logging_mixin.py:190} INFO - [2024-10-27T03:49:11.946+0000] {dagbag.py:588} INFO - Filling up the DagBag from /home/airflow/.local/lib/python3.12/site-packages/airflow/example_dags/example_branch_python_dop_operator_3.py
[2024-10-27T03:49:11.955+0000] {processor.py:925} INFO - DAG(s) 'example_branch_dop_operator_v3' retrieved from /home/airflow/.local/lib/python3.12/site-packages/airflow/example_dags/example_branch_python_dop_operator_3.py
[2024-10-27T03:49:17.401+0000] {logging_mixin.py:190} INFO - [2024-10-27T03:49:11.971+0000] {dag.py:3239} INFO - Sync 1 DAGs
[2024-10-27T06:07:33.136+0000] {logging_mixin.py:190} INFO - [2024-10-27T06:07:33.135+0000] {dag.py:4180} INFO - Setting next_dagrun for example_branch_dop_operator_v3 to 2024-10-27 03:48:00+00:00, run_after=2024-10-27 03:49:00+00:00
[2024-10-27T06:07:31.479+0000] {processor.py:208} INFO - Processing /home/airflow/.local/lib/python3.12/site-packages/airflow/example_dags/example_branch_python_dop_operator_3.py took 0.174 seconds
[2024-10-27T06:08:01.920+0000] {processor.py:186} INFO - Started process (PID=14496) to work on /home/airflow/.local/lib/python3.12/site-packages/airflow/example_dags/example_branch_python_dop_operator_3.py
[2024-10-27T06:08:01.921+0000] {processor.py:914} INFO - Processing file /home/airflow/.local/lib/python3.12/site-packages/airflow/example_dags/example_branch_python_dop_operator_3.py for tasks to queue
[2024-10-27T06:08:01.923+0000] {logging_mixin.py:190} INFO - [2024-10-27T06:08:01.923+0000] {dagbag.py:588} INFO - Filling up the DagBag from /home/airflow/.local/lib/python3.12/site-packages/airflow/example_dags/example_branch_python_dop_operator_3.py
[2024-10-27T06:08:01.931+0000] {processor.py:925} INFO - DAG(s) 'example_branch_dop_operator_v3' retrieved from /home/airflow/.local/lib/python3.12/site-packages/airflow/example_dags/example_branch_python_dop_operator_3.py
[2024-10-27T06:08:01.949+0000] {logging_mixin.py:190} INFO - [2024-10-27T06:08:01.948+0000] {dag.py:3239} INFO - Sync 1 DAGs
[2024-10-27T06:08:01.969+0000] {logging_mixin.py:190} INFO - [2024-10-27T06:08:01.969+0000] {dag.py:4180} INFO - Setting next_dagrun for example_branch_dop_operator_v3 to 2024-10-27 06:07:00+00:00, run_after=2024-10-27 06:08:00+00:00
[2024-10-27T06:08:01.988+0000] {processor.py:208} INFO - Processing /home/airflow/.local/lib/python3.12/site-packages/airflow/example_dags/example_branch_python_dop_operator_3.py took 0.073 seconds
[2024-10-27T06:08:32.065+0000] {processor.py:186} INFO - Started process (PID=14559) to work on /home/airflow/.local/lib/python3.12/site-packages/airflow/example_dags/example_branch_python_dop_operator_3.py
[2024-10-27T06:08:32.066+0000] {processor.py:914} INFO - Processing file /home/airflow/.local/lib/python3.12/site-packages/airflow/example_dags/example_branch_python_dop_operator_3.py for tasks to queue
[2024-10-27T06:08:32.068+0000] {logging_mixin.py:190} INFO - [2024-10-27T06:08:32.068+0000] {dagbag.py:588} INFO - Filling up the DagBag from /home/airflow/.local/lib/python3.12/site-packages/airflow/example_dags/example_branch_python_dop_operator_3.py
[2024-10-27T06:08:32.078+0000] {processor.py:925} INFO - DAG(s) 'example_branch_dop_operator_v3' retrieved from /home/airflow/.local/lib/python3.12/site-packages/airflow/example_dags/example_branch_python_dop_operator_3.py
[2024-10-27T06:08:32.097+0000] {logging_mixin.py:190} INFO - [2024-10-27T06:08:32.097+0000] {dag.py:3239} INFO - Sync 1 DAGs
[2024-10-27T06:08:32.122+0000] {logging_mixin.py:190} INFO - [2024-10-27T06:08:32.122+0000] {dag.py:4180} INFO - Setting next_dagrun for example_branch_dop_operator_v3 to 2024-10-27 06:07:00+00:00, run_after=2024-10-27 06:08:00+00:00
[2024-10-27T06:08:32.141+0000] {processor.py:208} INFO - Processing /home/airflow/.local/lib/python3.12/site-packages/airflow/example_dags/example_branch_python_dop_operator_3.py took 0.086 seconds
[2024-10-27T06:09:02.494+0000] {processor.py:186} INFO - Started process (PID=14622) to work on /home/airflow/.local/lib/python3.12/site-packages/airflow/example_dags/example_branch_python_dop_operator_3.py
[2024-10-27T06:09:02.496+0000] {processor.py:914} INFO - Processing file /home/airflow/.local/lib/python3.12/site-packages/airflow/example_dags/example_branch_python_dop_operator_3.py for tasks to queue
[2024-10-27T06:09:02.497+0000] {logging_mixin.py:190} INFO - [2024-10-27T06:09:02.497+0000] {dagbag.py:588} INFO - Filling up the DagBag from /home/airflow/.local/lib/python3.12/site-packages/airflow/example_dags/example_branch_python_dop_operator_3.py
[2024-10-27T06:09:02.505+0000] {processor.py:925} INFO - DAG(s) 'example_branch_dop_operator_v3' retrieved from /home/airflow/.local/lib/python3.12/site-packages/airflow/example_dags/example_branch_python_dop_operator_3.py
[2024-10-27T06:09:02.522+0000] {logging_mixin.py:190} INFO - [2024-10-27T06:09:02.522+0000] {dag.py:3239} INFO - Sync 1 DAGs
[2024-10-27T06:09:02.544+0000] {logging_mixin.py:190} INFO - [2024-10-27T06:09:02.543+0000] {dag.py:4180} INFO - Setting next_dagrun for example_branch_dop_operator_v3 to 2024-10-27 06:08:00+00:00, run_after=2024-10-27 06:09:00+00:00
[2024-10-27T06:09:02.562+0000] {processor.py:208} INFO - Processing /home/airflow/.local/lib/python3.12/site-packages/airflow/example_dags/example_branch_python_dop_operator_3.py took 0.073 seconds
