[2024-10-27T03:48:17.360+0000] {processor.py:186} INFO - Started process (PID=14342) to work on /home/airflow/.local/lib/python3.12/site-packages/airflow/example_dags/example_xcomargs.py
[2024-10-27T03:48:17.362+0000] {processor.py:914} INFO - Processing file /home/airflow/.local/lib/python3.12/site-packages/airflow/example_dags/example_xcomargs.py for tasks to queue
[2024-10-27T03:48:17.364+0000] {logging_mixin.py:190} INFO - [2024-10-27T03:48:17.364+0000] {dagbag.py:588} INFO - Filling up the DagBag from /home/airflow/.local/lib/python3.12/site-packages/airflow/example_dags/example_xcomargs.py
[2024-10-27T03:48:17.380+0000] {processor.py:925} INFO - DAG(s) 'example_xcom_args', 'example_xcom_args_with_operators' retrieved from /home/airflow/.local/lib/python3.12/site-packages/airflow/example_dags/example_xcomargs.py
[2024-10-27T03:48:17.410+0000] {logging_mixin.py:190} INFO - [2024-10-27T03:48:17.409+0000] {dag.py:3239} INFO - Sync 2 DAGs
[2024-10-27T03:48:17.426+0000] {logging_mixin.py:190} INFO - [2024-10-27T03:48:17.426+0000] {dag.py:4180} INFO - Setting next_dagrun for example_xcom_args to None, run_after=None
[2024-10-27T03:48:17.430+0000] {logging_mixin.py:190} INFO - [2024-10-27T03:48:17.430+0000] {dag.py:4180} INFO - Setting next_dagrun for example_xcom_args_with_operators to None, run_after=None
[2024-10-27T03:48:17.456+0000] {processor.py:208} INFO - Processing /home/airflow/.local/lib/python3.12/site-packages/airflow/example_dags/example_xcomargs.py took 0.105 seconds
[2024-10-27T03:48:47.565+0000] {processor.py:186} INFO - Started process (PID=14404) to work on /home/airflow/.local/lib/python3.12/site-packages/airflow/example_dags/example_xcomargs.py
[2024-10-27T03:48:47.566+0000] {processor.py:914} INFO - Processing file /home/airflow/.local/lib/python3.12/site-packages/airflow/example_dags/example_xcomargs.py for tasks to queue
[2024-10-27T03:48:47.567+0000] {logging_mixin.py:190} INFO - [2024-10-27T03:48:47.567+0000] {dagbag.py:588} INFO - Filling up the DagBag from /home/airflow/.local/lib/python3.12/site-packages/airflow/example_dags/example_xcomargs.py
[2024-10-27T03:48:47.576+0000] {processor.py:925} INFO - DAG(s) 'example_xcom_args_with_operators', 'example_xcom_args' retrieved from /home/airflow/.local/lib/python3.12/site-packages/airflow/example_dags/example_xcomargs.py
[2024-10-27T03:48:47.597+0000] {logging_mixin.py:190} INFO - [2024-10-27T03:48:47.597+0000] {dag.py:3239} INFO - Sync 2 DAGs
[2024-10-27T03:48:47.609+0000] {logging_mixin.py:190} INFO - [2024-10-27T03:48:47.609+0000] {dag.py:4180} INFO - Setting next_dagrun for example_xcom_args to None, run_after=None
[2024-10-27T03:48:47.613+0000] {logging_mixin.py:190} INFO - [2024-10-27T03:48:47.613+0000] {dag.py:4180} INFO - Setting next_dagrun for example_xcom_args_with_operators to None, run_after=None
[2024-10-27T03:48:47.629+0000] {processor.py:208} INFO - Processing /home/airflow/.local/lib/python3.12/site-packages/airflow/example_dags/example_xcomargs.py took 0.069 seconds
[2024-10-27T06:07:37.730+0000] {processor.py:186} INFO - Started process (PID=14476) to work on /home/airflow/.local/lib/python3.12/site-packages/airflow/example_dags/example_xcomargs.py
[2024-10-27T06:07:37.731+0000] {processor.py:914} INFO - Processing file /home/airflow/.local/lib/python3.12/site-packages/airflow/example_dags/example_xcomargs.py for tasks to queue
[2024-10-27T06:07:37.733+0000] {logging_mixin.py:190} INFO - [2024-10-27T06:07:37.733+0000] {dagbag.py:588} INFO - Filling up the DagBag from /home/airflow/.local/lib/python3.12/site-packages/airflow/example_dags/example_xcomargs.py
[2024-10-27T06:07:37.744+0000] {processor.py:925} INFO - DAG(s) 'example_xcom_args_with_operators', 'example_xcom_args' retrieved from /home/airflow/.local/lib/python3.12/site-packages/airflow/example_dags/example_xcomargs.py
[2024-10-27T06:07:37.772+0000] {logging_mixin.py:190} INFO - [2024-10-27T06:07:37.771+0000] {dag.py:3239} INFO - Sync 2 DAGs
[2024-10-27T06:07:37.793+0000] {logging_mixin.py:190} INFO - [2024-10-27T06:07:37.793+0000] {dag.py:4180} INFO - Setting next_dagrun for example_xcom_args to None, run_after=None
[2024-10-27T06:07:37.798+0000] {logging_mixin.py:190} INFO - [2024-10-27T06:07:37.798+0000] {dag.py:4180} INFO - Setting next_dagrun for example_xcom_args_with_operators to None, run_after=None
[2024-10-27T06:07:37.816+0000] {processor.py:208} INFO - Processing /home/airflow/.local/lib/python3.12/site-packages/airflow/example_dags/example_xcomargs.py took 0.092 seconds
[2024-10-27T06:08:08.071+0000] {processor.py:186} INFO - Started process (PID=14538) to work on /home/airflow/.local/lib/python3.12/site-packages/airflow/example_dags/example_xcomargs.py
[2024-10-27T06:08:08.073+0000] {processor.py:914} INFO - Processing file /home/airflow/.local/lib/python3.12/site-packages/airflow/example_dags/example_xcomargs.py for tasks to queue
[2024-10-27T06:08:08.074+0000] {logging_mixin.py:190} INFO - [2024-10-27T06:08:08.074+0000] {dagbag.py:588} INFO - Filling up the DagBag from /home/airflow/.local/lib/python3.12/site-packages/airflow/example_dags/example_xcomargs.py
[2024-10-27T06:08:08.084+0000] {processor.py:925} INFO - DAG(s) 'example_xcom_args_with_operators', 'example_xcom_args' retrieved from /home/airflow/.local/lib/python3.12/site-packages/airflow/example_dags/example_xcomargs.py
[2024-10-27T06:08:08.105+0000] {logging_mixin.py:190} INFO - [2024-10-27T06:08:08.105+0000] {dag.py:3239} INFO - Sync 2 DAGs
[2024-10-27T06:08:08.118+0000] {logging_mixin.py:190} INFO - [2024-10-27T06:08:08.118+0000] {dag.py:4180} INFO - Setting next_dagrun for example_xcom_args to None, run_after=None
[2024-10-27T06:08:08.122+0000] {logging_mixin.py:190} INFO - [2024-10-27T06:08:08.122+0000] {dag.py:4180} INFO - Setting next_dagrun for example_xcom_args_with_operators to None, run_after=None
[2024-10-27T06:08:08.139+0000] {processor.py:208} INFO - Processing /home/airflow/.local/lib/python3.12/site-packages/airflow/example_dags/example_xcomargs.py took 0.073 seconds
[2024-10-27T06:08:38.775+0000] {processor.py:186} INFO - Started process (PID=14601) to work on /home/airflow/.local/lib/python3.12/site-packages/airflow/example_dags/example_xcomargs.py
[2024-10-27T06:08:38.776+0000] {processor.py:914} INFO - Processing file /home/airflow/.local/lib/python3.12/site-packages/airflow/example_dags/example_xcomargs.py for tasks to queue
[2024-10-27T06:08:38.777+0000] {logging_mixin.py:190} INFO - [2024-10-27T06:08:38.777+0000] {dagbag.py:588} INFO - Filling up the DagBag from /home/airflow/.local/lib/python3.12/site-packages/airflow/example_dags/example_xcomargs.py
[2024-10-27T06:08:38.788+0000] {processor.py:925} INFO - DAG(s) 'example_xcom_args_with_operators', 'example_xcom_args' retrieved from /home/airflow/.local/lib/python3.12/site-packages/airflow/example_dags/example_xcomargs.py
[2024-10-27T06:08:38.813+0000] {logging_mixin.py:190} INFO - [2024-10-27T06:08:38.812+0000] {dag.py:3239} INFO - Sync 2 DAGs
[2024-10-27T06:08:38.825+0000] {logging_mixin.py:190} INFO - [2024-10-27T06:08:38.825+0000] {dag.py:4180} INFO - Setting next_dagrun for example_xcom_args to None, run_after=None
[2024-10-27T06:08:38.829+0000] {logging_mixin.py:190} INFO - [2024-10-27T06:08:38.829+0000] {dag.py:4180} INFO - Setting next_dagrun for example_xcom_args_with_operators to None, run_after=None
[2024-10-27T06:08:38.847+0000] {processor.py:208} INFO - Processing /home/airflow/.local/lib/python3.12/site-packages/airflow/example_dags/example_xcomargs.py took 0.078 seconds
