[2024-10-27T03:48:11.878+0000] {processor.py:186} INFO - Started process (PID=14309) to work on /home/airflow/.local/lib/python3.12/site-packages/airflow/example_dags/example_subdag_operator.py
[2024-10-27T03:48:11.881+0000] {processor.py:914} INFO - Processing file /home/airflow/.local/lib/python3.12/site-packages/airflow/example_dags/example_subdag_operator.py for tasks to queue
[2024-10-27T03:48:11.893+0000] {logging_mixin.py:190} INFO - [2024-10-27T03:48:11.885+0000] {dagbag.py:588} INFO - Filling up the DagBag from /home/airflow/.local/lib/python3.12/site-packages/airflow/example_dags/example_subdag_operator.py
[2024-10-27T03:48:11.983+0000] {processor.py:925} INFO - DAG(s) 'example_subdag_operator.section-1', 'example_subdag_operator.section-2', 'example_subdag_operator' retrieved from /home/airflow/.local/lib/python3.12/site-packages/airflow/example_dags/example_subdag_operator.py
[2024-10-27T03:48:12.039+0000] {logging_mixin.py:190} INFO - [2024-10-27T03:48:12.039+0000] {dag.py:3239} INFO - Sync 3 DAGs
[2024-10-27T03:48:12.142+0000] {logging_mixin.py:190} INFO - [2024-10-27T03:48:12.141+0000] {dag.py:4180} INFO - Setting next_dagrun for example_subdag_operator to 2022-01-01 00:00:00+00:00, run_after=2022-01-01 00:00:00+00:00
[2024-10-27T03:48:12.158+0000] {logging_mixin.py:190} INFO - [2024-10-27T03:48:12.158+0000] {dag.py:4180} INFO - Setting next_dagrun for example_subdag_operator.section-1 to None, run_after=None
[2024-10-27T03:48:12.171+0000] {logging_mixin.py:190} INFO - [2024-10-27T03:48:12.171+0000] {dag.py:4180} INFO - Setting next_dagrun for example_subdag_operator.section-2 to None, run_after=None
[2024-10-27T03:48:12.207+0000] {logging_mixin.py:190} INFO - [2024-10-27T03:48:12.207+0000] {dag.py:3239} INFO - Sync 2 DAGs
[2024-10-27T03:48:12.227+0000] {logging_mixin.py:190} INFO - [2024-10-27T03:48:12.227+0000] {dag.py:4180} INFO - Setting next_dagrun for example_subdag_operator.section-1 to None, run_after=None
[2024-10-27T03:48:12.228+0000] {logging_mixin.py:190} INFO - [2024-10-27T03:48:12.228+0000] {dag.py:4180} INFO - Setting next_dagrun for example_subdag_operator.section-2 to None, run_after=None
[2024-10-27T03:48:12.274+0000] {processor.py:208} INFO - Processing /home/airflow/.local/lib/python3.12/site-packages/airflow/example_dags/example_subdag_operator.py took 0.411 seconds
[2024-10-27T03:48:42.839+0000] {processor.py:186} INFO - Started process (PID=14371) to work on /home/airflow/.local/lib/python3.12/site-packages/airflow/example_dags/example_subdag_operator.py
[2024-10-27T03:48:42.840+0000] {processor.py:914} INFO - Processing file /home/airflow/.local/lib/python3.12/site-packages/airflow/example_dags/example_subdag_operator.py for tasks to queue
[2024-10-27T03:48:42.841+0000] {logging_mixin.py:190} INFO - [2024-10-27T03:48:42.840+0000] {dagbag.py:588} INFO - Filling up the DagBag from /home/airflow/.local/lib/python3.12/site-packages/airflow/example_dags/example_subdag_operator.py
[2024-10-27T03:48:42.862+0000] {processor.py:925} INFO - DAG(s) 'example_subdag_operator.section-1', 'example_subdag_operator.section-2', 'example_subdag_operator' retrieved from /home/airflow/.local/lib/python3.12/site-packages/airflow/example_dags/example_subdag_operator.py
[2024-10-27T03:48:42.877+0000] {logging_mixin.py:190} INFO - [2024-10-27T03:48:42.876+0000] {dag.py:3239} INFO - Sync 3 DAGs
[2024-10-27T03:48:42.922+0000] {logging_mixin.py:190} INFO - [2024-10-27T03:48:42.921+0000] {dag.py:4180} INFO - Setting next_dagrun for example_subdag_operator to 2022-01-01 00:00:00+00:00, run_after=2022-01-01 00:00:00+00:00
[2024-10-27T03:48:42.930+0000] {logging_mixin.py:190} INFO - [2024-10-27T03:48:42.930+0000] {dag.py:4180} INFO - Setting next_dagrun for example_subdag_operator.section-1 to None, run_after=None
[2024-10-27T03:48:42.933+0000] {logging_mixin.py:190} INFO - [2024-10-27T03:48:42.932+0000] {dag.py:4180} INFO - Setting next_dagrun for example_subdag_operator.section-2 to None, run_after=None
[2024-10-27T03:48:42.943+0000] {logging_mixin.py:190} INFO - [2024-10-27T03:48:42.943+0000] {dag.py:3239} INFO - Sync 2 DAGs
[2024-10-27T03:48:42.951+0000] {logging_mixin.py:190} INFO - [2024-10-27T03:48:42.951+0000] {dag.py:4180} INFO - Setting next_dagrun for example_subdag_operator.section-1 to None, run_after=None
[2024-10-27T03:48:42.952+0000] {logging_mixin.py:190} INFO - [2024-10-27T03:48:42.952+0000] {dag.py:4180} INFO - Setting next_dagrun for example_subdag_operator.section-2 to None, run_after=None
[2024-10-27T03:48:42.966+0000] {processor.py:208} INFO - Processing /home/airflow/.local/lib/python3.12/site-packages/airflow/example_dags/example_subdag_operator.py took 0.133 seconds
[2024-10-27T06:07:33.335+0000] {processor.py:186} INFO - Started process (PID=14443) to work on /home/airflow/.local/lib/python3.12/site-packages/airflow/example_dags/example_subdag_operator.py
[2024-10-27T06:07:33.337+0000] {processor.py:914} INFO - Processing file /home/airflow/.local/lib/python3.12/site-packages/airflow/example_dags/example_subdag_operator.py for tasks to queue
[2024-10-27T06:07:33.348+0000] {logging_mixin.py:190} INFO - [2024-10-27T06:07:33.347+0000] {dagbag.py:588} INFO - Filling up the DagBag from /home/airflow/.local/lib/python3.12/site-packages/airflow/example_dags/example_subdag_operator.py
[2024-10-27T06:07:33.398+0000] {processor.py:925} INFO - DAG(s) 'example_subdag_operator.section-1', 'example_subdag_operator.section-2', 'example_subdag_operator' retrieved from /home/airflow/.local/lib/python3.12/site-packages/airflow/example_dags/example_subdag_operator.py
[2024-10-27T06:07:33.425+0000] {logging_mixin.py:190} INFO - [2024-10-27T06:07:33.424+0000] {dag.py:3239} INFO - Sync 3 DAGs
[2024-10-27T06:07:33.476+0000] {logging_mixin.py:190} INFO - [2024-10-27T06:07:33.476+0000] {dag.py:4180} INFO - Setting next_dagrun for example_subdag_operator to 2022-01-01 00:00:00+00:00, run_after=2022-01-01 00:00:00+00:00
[2024-10-27T06:07:33.483+0000] {logging_mixin.py:190} INFO - [2024-10-27T06:07:33.483+0000] {dag.py:4180} INFO - Setting next_dagrun for example_subdag_operator.section-1 to None, run_after=None
[2024-10-27T06:07:33.496+0000] {logging_mixin.py:190} INFO - [2024-10-27T06:07:33.496+0000] {dag.py:4180} INFO - Setting next_dagrun for example_subdag_operator.section-2 to None, run_after=None
[2024-10-27T06:07:33.520+0000] {logging_mixin.py:190} INFO - [2024-10-27T06:07:33.520+0000] {dag.py:3239} INFO - Sync 2 DAGs
[2024-10-27T06:07:33.530+0000] {logging_mixin.py:190} INFO - [2024-10-27T06:07:33.529+0000] {dag.py:4180} INFO - Setting next_dagrun for example_subdag_operator.section-1 to None, run_after=None
[2024-10-27T06:07:33.543+0000] {logging_mixin.py:190} INFO - [2024-10-27T06:07:33.543+0000] {dag.py:4180} INFO - Setting next_dagrun for example_subdag_operator.section-2 to None, run_after=None
[2024-10-27T06:07:33.592+0000] {processor.py:208} INFO - Processing /home/airflow/.local/lib/python3.12/site-packages/airflow/example_dags/example_subdag_operator.py took 0.265 seconds
[2024-10-27T06:08:03.667+0000] {processor.py:186} INFO - Started process (PID=14505) to work on /home/airflow/.local/lib/python3.12/site-packages/airflow/example_dags/example_subdag_operator.py
[2024-10-27T06:08:03.669+0000] {processor.py:914} INFO - Processing file /home/airflow/.local/lib/python3.12/site-packages/airflow/example_dags/example_subdag_operator.py for tasks to queue
[2024-10-27T06:08:03.670+0000] {logging_mixin.py:190} INFO - [2024-10-27T06:08:03.670+0000] {dagbag.py:588} INFO - Filling up the DagBag from /home/airflow/.local/lib/python3.12/site-packages/airflow/example_dags/example_subdag_operator.py
[2024-10-27T06:08:03.704+0000] {processor.py:925} INFO - DAG(s) 'example_subdag_operator.section-1', 'example_subdag_operator.section-2', 'example_subdag_operator' retrieved from /home/airflow/.local/lib/python3.12/site-packages/airflow/example_dags/example_subdag_operator.py
[2024-10-27T06:08:03.727+0000] {logging_mixin.py:190} INFO - [2024-10-27T06:08:03.726+0000] {dag.py:3239} INFO - Sync 3 DAGs
[2024-10-27T06:08:03.755+0000] {logging_mixin.py:190} INFO - [2024-10-27T06:08:03.755+0000] {dag.py:4180} INFO - Setting next_dagrun for example_subdag_operator to 2022-01-01 00:00:00+00:00, run_after=2022-01-01 00:00:00+00:00
[2024-10-27T06:08:03.760+0000] {logging_mixin.py:190} INFO - [2024-10-27T06:08:03.759+0000] {dag.py:4180} INFO - Setting next_dagrun for example_subdag_operator.section-1 to None, run_after=None
[2024-10-27T06:08:03.762+0000] {logging_mixin.py:190} INFO - [2024-10-27T06:08:03.762+0000] {dag.py:4180} INFO - Setting next_dagrun for example_subdag_operator.section-2 to None, run_after=None
[2024-10-27T06:08:03.771+0000] {logging_mixin.py:190} INFO - [2024-10-27T06:08:03.770+0000] {dag.py:3239} INFO - Sync 2 DAGs
[2024-10-27T06:08:03.777+0000] {logging_mixin.py:190} INFO - [2024-10-27T06:08:03.777+0000] {dag.py:4180} INFO - Setting next_dagrun for example_subdag_operator.section-1 to None, run_after=None
[2024-10-27T06:08:03.778+0000] {logging_mixin.py:190} INFO - [2024-10-27T06:08:03.777+0000] {dag.py:4180} INFO - Setting next_dagrun for example_subdag_operator.section-2 to None, run_after=None
[2024-10-27T06:08:03.790+0000] {processor.py:208} INFO - Processing /home/airflow/.local/lib/python3.12/site-packages/airflow/example_dags/example_subdag_operator.py took 0.129 seconds
[2024-10-27T06:08:33.865+0000] {processor.py:186} INFO - Started process (PID=14568) to work on /home/airflow/.local/lib/python3.12/site-packages/airflow/example_dags/example_subdag_operator.py
[2024-10-27T06:08:33.866+0000] {processor.py:914} INFO - Processing file /home/airflow/.local/lib/python3.12/site-packages/airflow/example_dags/example_subdag_operator.py for tasks to queue
[2024-10-27T06:08:33.867+0000] {logging_mixin.py:190} INFO - [2024-10-27T06:08:33.866+0000] {dagbag.py:588} INFO - Filling up the DagBag from /home/airflow/.local/lib/python3.12/site-packages/airflow/example_dags/example_subdag_operator.py
[2024-10-27T06:08:33.888+0000] {processor.py:925} INFO - DAG(s) 'example_subdag_operator.section-1', 'example_subdag_operator.section-2', 'example_subdag_operator' retrieved from /home/airflow/.local/lib/python3.12/site-packages/airflow/example_dags/example_subdag_operator.py
[2024-10-27T06:08:33.902+0000] {logging_mixin.py:190} INFO - [2024-10-27T06:08:33.902+0000] {dag.py:3239} INFO - Sync 3 DAGs
[2024-10-27T06:08:33.920+0000] {logging_mixin.py:190} INFO - [2024-10-27T06:08:33.920+0000] {dag.py:4180} INFO - Setting next_dagrun for example_subdag_operator to 2022-01-01 00:00:00+00:00, run_after=2022-01-01 00:00:00+00:00
[2024-10-27T06:08:33.924+0000] {logging_mixin.py:190} INFO - [2024-10-27T06:08:33.923+0000] {dag.py:4180} INFO - Setting next_dagrun for example_subdag_operator.section-1 to None, run_after=None
[2024-10-27T06:08:33.925+0000] {logging_mixin.py:190} INFO - [2024-10-27T06:08:33.925+0000] {dag.py:4180} INFO - Setting next_dagrun for example_subdag_operator.section-2 to None, run_after=None
[2024-10-27T06:08:33.931+0000] {logging_mixin.py:190} INFO - [2024-10-27T06:08:33.931+0000] {dag.py:3239} INFO - Sync 2 DAGs
[2024-10-27T06:08:33.936+0000] {logging_mixin.py:190} INFO - [2024-10-27T06:08:33.936+0000] {dag.py:4180} INFO - Setting next_dagrun for example_subdag_operator.section-1 to None, run_after=None
[2024-10-27T06:08:33.937+0000] {logging_mixin.py:190} INFO - [2024-10-27T06:08:33.937+0000] {dag.py:4180} INFO - Setting next_dagrun for example_subdag_operator.section-2 to None, run_after=None
[2024-10-27T06:08:33.951+0000] {processor.py:208} INFO - Processing /home/airflow/.local/lib/python3.12/site-packages/airflow/example_dags/example_subdag_operator.py took 0.092 seconds
[2024-10-27T06:09:04.158+0000] {processor.py:186} INFO - Started process (PID=14631) to work on /home/airflow/.local/lib/python3.12/site-packages/airflow/example_dags/example_subdag_operator.py
[2024-10-27T06:09:04.159+0000] {processor.py:914} INFO - Processing file /home/airflow/.local/lib/python3.12/site-packages/airflow/example_dags/example_subdag_operator.py for tasks to queue
[2024-10-27T06:09:04.160+0000] {logging_mixin.py:190} INFO - [2024-10-27T06:09:04.160+0000] {dagbag.py:588} INFO - Filling up the DagBag from /home/airflow/.local/lib/python3.12/site-packages/airflow/example_dags/example_subdag_operator.py
[2024-10-27T06:09:04.183+0000] {processor.py:925} INFO - DAG(s) 'example_subdag_operator.section-1', 'example_subdag_operator.section-2', 'example_subdag_operator' retrieved from /home/airflow/.local/lib/python3.12/site-packages/airflow/example_dags/example_subdag_operator.py
[2024-10-27T06:09:04.196+0000] {logging_mixin.py:190} INFO - [2024-10-27T06:09:04.196+0000] {dag.py:3239} INFO - Sync 3 DAGs
[2024-10-27T06:09:04.215+0000] {logging_mixin.py:190} INFO - [2024-10-27T06:09:04.215+0000] {dag.py:4180} INFO - Setting next_dagrun for example_subdag_operator to 2022-01-01 00:00:00+00:00, run_after=2022-01-01 00:00:00+00:00
[2024-10-27T06:09:04.219+0000] {logging_mixin.py:190} INFO - [2024-10-27T06:09:04.219+0000] {dag.py:4180} INFO - Setting next_dagrun for example_subdag_operator.section-1 to None, run_after=None
[2024-10-27T06:09:04.221+0000] {logging_mixin.py:190} INFO - [2024-10-27T06:09:04.221+0000] {dag.py:4180} INFO - Setting next_dagrun for example_subdag_operator.section-2 to None, run_after=None
[2024-10-27T06:09:04.228+0000] {logging_mixin.py:190} INFO - [2024-10-27T06:09:04.228+0000] {dag.py:3239} INFO - Sync 2 DAGs
[2024-10-27T06:09:04.233+0000] {logging_mixin.py:190} INFO - [2024-10-27T06:09:04.233+0000] {dag.py:4180} INFO - Setting next_dagrun for example_subdag_operator.section-1 to None, run_after=None
[2024-10-27T06:09:04.234+0000] {logging_mixin.py:190} INFO - [2024-10-27T06:09:04.234+0000] {dag.py:4180} INFO - Setting next_dagrun for example_subdag_operator.section-2 to None, run_after=None
[2024-10-27T06:09:04.248+0000] {processor.py:208} INFO - Processing /home/airflow/.local/lib/python3.12/site-packages/airflow/example_dags/example_subdag_operator.py took 0.095 seconds
