[2024-10-27T03:48:12.746+0000] {processor.py:186} INFO - Started process (PID=14311) to work on /home/airflow/.local/lib/python3.12/site-packages/airflow/example_dags/example_task_group.py
[2024-10-27T03:48:12.759+0000] {processor.py:914} INFO - Processing file /home/airflow/.local/lib/python3.12/site-packages/airflow/example_dags/example_task_group.py for tasks to queue
[2024-10-27T03:48:12.762+0000] {logging_mixin.py:190} INFO - [2024-10-27T03:48:12.762+0000] {dagbag.py:588} INFO - Filling up the DagBag from /home/airflow/.local/lib/python3.12/site-packages/airflow/example_dags/example_task_group.py
[2024-10-27T03:48:12.796+0000] {processor.py:925} INFO - DAG(s) 'example_task_group' retrieved from /home/airflow/.local/lib/python3.12/site-packages/airflow/example_dags/example_task_group.py
[2024-10-27T03:48:12.851+0000] {logging_mixin.py:190} INFO - [2024-10-27T03:48:12.850+0000] {dag.py:3239} INFO - Sync 1 DAGs
[2024-10-27T03:48:12.883+0000] {logging_mixin.py:190} INFO - [2024-10-27T03:48:12.883+0000] {dag.py:4180} INFO - Setting next_dagrun for example_task_group to None, run_after=None
[2024-10-27T03:48:12.929+0000] {processor.py:208} INFO - Processing /home/airflow/.local/lib/python3.12/site-packages/airflow/example_dags/example_task_group.py took 0.192 seconds
[2024-10-27T03:48:43.009+0000] {processor.py:186} INFO - Started process (PID=14373) to work on /home/airflow/.local/lib/python3.12/site-packages/airflow/example_dags/example_task_group.py
[2024-10-27T03:48:43.010+0000] {processor.py:914} INFO - Processing file /home/airflow/.local/lib/python3.12/site-packages/airflow/example_dags/example_task_group.py for tasks to queue
[2024-10-27T03:48:43.011+0000] {logging_mixin.py:190} INFO - [2024-10-27T03:48:43.011+0000] {dagbag.py:588} INFO - Filling up the DagBag from /home/airflow/.local/lib/python3.12/site-packages/airflow/example_dags/example_task_group.py
[2024-10-27T03:48:43.021+0000] {processor.py:925} INFO - DAG(s) 'example_task_group' retrieved from /home/airflow/.local/lib/python3.12/site-packages/airflow/example_dags/example_task_group.py
[2024-10-27T03:48:43.044+0000] {logging_mixin.py:190} INFO - [2024-10-27T03:48:43.044+0000] {dag.py:3239} INFO - Sync 1 DAGs
[2024-10-27T03:48:43.061+0000] {logging_mixin.py:190} INFO - [2024-10-27T03:48:43.060+0000] {dag.py:4180} INFO - Setting next_dagrun for example_task_group to None, run_after=None
[2024-10-27T03:48:43.085+0000] {processor.py:208} INFO - Processing /home/airflow/.local/lib/python3.12/site-packages/airflow/example_dags/example_task_group.py took 0.082 seconds
[2024-10-27T06:07:33.855+0000] {processor.py:186} INFO - Started process (PID=14445) to work on /home/airflow/.local/lib/python3.12/site-packages/airflow/example_dags/example_task_group.py
[2024-10-27T06:07:33.856+0000] {processor.py:914} INFO - Processing file /home/airflow/.local/lib/python3.12/site-packages/airflow/example_dags/example_task_group.py for tasks to queue
[2024-10-27T06:07:33.858+0000] {logging_mixin.py:190} INFO - [2024-10-27T06:07:33.858+0000] {dagbag.py:588} INFO - Filling up the DagBag from /home/airflow/.local/lib/python3.12/site-packages/airflow/example_dags/example_task_group.py
[2024-10-27T06:07:33.876+0000] {processor.py:925} INFO - DAG(s) 'example_task_group' retrieved from /home/airflow/.local/lib/python3.12/site-packages/airflow/example_dags/example_task_group.py
[2024-10-27T06:07:33.907+0000] {logging_mixin.py:190} INFO - [2024-10-27T06:07:33.907+0000] {dag.py:3239} INFO - Sync 1 DAGs
[2024-10-27T06:07:33.945+0000] {logging_mixin.py:190} INFO - [2024-10-27T06:07:33.945+0000] {dag.py:4180} INFO - Setting next_dagrun for example_task_group to None, run_after=None
[2024-10-27T06:07:33.984+0000] {processor.py:208} INFO - Processing /home/airflow/.local/lib/python3.12/site-packages/airflow/example_dags/example_task_group.py took 0.142 seconds
[2024-10-27T06:08:04.794+0000] {processor.py:186} INFO - Started process (PID=14508) to work on /home/airflow/.local/lib/python3.12/site-packages/airflow/example_dags/example_task_group.py
[2024-10-27T06:08:04.795+0000] {processor.py:914} INFO - Processing file /home/airflow/.local/lib/python3.12/site-packages/airflow/example_dags/example_task_group.py for tasks to queue
[2024-10-27T06:08:04.797+0000] {logging_mixin.py:190} INFO - [2024-10-27T06:08:04.796+0000] {dagbag.py:588} INFO - Filling up the DagBag from /home/airflow/.local/lib/python3.12/site-packages/airflow/example_dags/example_task_group.py
[2024-10-27T06:08:04.804+0000] {processor.py:925} INFO - DAG(s) 'example_task_group' retrieved from /home/airflow/.local/lib/python3.12/site-packages/airflow/example_dags/example_task_group.py
[2024-10-27T06:08:04.825+0000] {logging_mixin.py:190} INFO - [2024-10-27T06:08:04.825+0000] {dag.py:3239} INFO - Sync 1 DAGs
[2024-10-27T06:08:04.838+0000] {logging_mixin.py:190} INFO - [2024-10-27T06:08:04.838+0000] {dag.py:4180} INFO - Setting next_dagrun for example_task_group to None, run_after=None
[2024-10-27T06:08:04.860+0000] {processor.py:208} INFO - Processing /home/airflow/.local/lib/python3.12/site-packages/airflow/example_dags/example_task_group.py took 0.071 seconds
[2024-10-27T06:08:35.001+0000] {processor.py:186} INFO - Started process (PID=14570) to work on /home/airflow/.local/lib/python3.12/site-packages/airflow/example_dags/example_task_group.py
[2024-10-27T06:08:35.002+0000] {processor.py:914} INFO - Processing file /home/airflow/.local/lib/python3.12/site-packages/airflow/example_dags/example_task_group.py for tasks to queue
[2024-10-27T06:08:35.004+0000] {logging_mixin.py:190} INFO - [2024-10-27T06:08:35.003+0000] {dagbag.py:588} INFO - Filling up the DagBag from /home/airflow/.local/lib/python3.12/site-packages/airflow/example_dags/example_task_group.py
[2024-10-27T06:08:35.012+0000] {processor.py:925} INFO - DAG(s) 'example_task_group' retrieved from /home/airflow/.local/lib/python3.12/site-packages/airflow/example_dags/example_task_group.py
[2024-10-27T06:08:35.031+0000] {logging_mixin.py:190} INFO - [2024-10-27T06:08:35.031+0000] {dag.py:3239} INFO - Sync 1 DAGs
[2024-10-27T06:08:35.043+0000] {logging_mixin.py:190} INFO - [2024-10-27T06:08:35.042+0000] {dag.py:4180} INFO - Setting next_dagrun for example_task_group to None, run_after=None
[2024-10-27T06:08:35.062+0000] {processor.py:208} INFO - Processing /home/airflow/.local/lib/python3.12/site-packages/airflow/example_dags/example_task_group.py took 0.066 seconds
[2024-10-27T06:09:05.178+0000] {processor.py:186} INFO - Started process (PID=14633) to work on /home/airflow/.local/lib/python3.12/site-packages/airflow/example_dags/example_task_group.py
[2024-10-27T06:09:05.179+0000] {processor.py:914} INFO - Processing file /home/airflow/.local/lib/python3.12/site-packages/airflow/example_dags/example_task_group.py for tasks to queue
[2024-10-27T06:09:05.181+0000] {logging_mixin.py:190} INFO - [2024-10-27T06:09:05.180+0000] {dagbag.py:588} INFO - Filling up the DagBag from /home/airflow/.local/lib/python3.12/site-packages/airflow/example_dags/example_task_group.py
[2024-10-27T06:09:05.190+0000] {processor.py:925} INFO - DAG(s) 'example_task_group' retrieved from /home/airflow/.local/lib/python3.12/site-packages/airflow/example_dags/example_task_group.py
[2024-10-27T06:09:05.214+0000] {logging_mixin.py:190} INFO - [2024-10-27T06:09:05.214+0000] {dag.py:3239} INFO - Sync 1 DAGs
[2024-10-27T06:09:05.232+0000] {logging_mixin.py:190} INFO - [2024-10-27T06:09:05.232+0000] {dag.py:4180} INFO - Setting next_dagrun for example_task_group to None, run_after=None
[2024-10-27T06:09:05.259+0000] {processor.py:208} INFO - Processing /home/airflow/.local/lib/python3.12/site-packages/airflow/example_dags/example_task_group.py took 0.087 seconds
