[2024-10-27T03:48:13.192+0000] {processor.py:186} INFO - Started process (PID=14314) to work on /home/airflow/.local/lib/python3.12/site-packages/airflow/example_dags/example_sensors.py
[2024-10-27T03:48:13.195+0000] {processor.py:914} INFO - Processing file /home/airflow/.local/lib/python3.12/site-packages/airflow/example_dags/example_sensors.py for tasks to queue
[2024-10-27T03:48:13.199+0000] {logging_mixin.py:190} INFO - [2024-10-27T03:48:13.197+0000] {dagbag.py:588} INFO - Filling up the DagBag from /home/airflow/.local/lib/python3.12/site-packages/airflow/example_dags/example_sensors.py
[2024-10-27T03:48:13.220+0000] {processor.py:925} INFO - DAG(s) 'example_sensors' retrieved from /home/airflow/.local/lib/python3.12/site-packages/airflow/example_dags/example_sensors.py
[2024-10-27T03:48:13.263+0000] {logging_mixin.py:190} INFO - [2024-10-27T03:48:13.262+0000] {dag.py:3239} INFO - Sync 1 DAGs
[2024-10-27T03:48:13.287+0000] {logging_mixin.py:190} INFO - [2024-10-27T03:48:13.286+0000] {dag.py:4180} INFO - Setting next_dagrun for example_sensors to None, run_after=None
[2024-10-27T03:48:13.317+0000] {processor.py:208} INFO - Processing /home/airflow/.local/lib/python3.12/site-packages/airflow/example_dags/example_sensors.py took 0.135 seconds
[2024-10-27T03:48:43.477+0000] {processor.py:186} INFO - Started process (PID=14376) to work on /home/airflow/.local/lib/python3.12/site-packages/airflow/example_dags/example_sensors.py
[2024-10-27T03:48:43.478+0000] {processor.py:914} INFO - Processing file /home/airflow/.local/lib/python3.12/site-packages/airflow/example_dags/example_sensors.py for tasks to queue
[2024-10-27T03:48:43.479+0000] {logging_mixin.py:190} INFO - [2024-10-27T03:48:43.479+0000] {dagbag.py:588} INFO - Filling up the DagBag from /home/airflow/.local/lib/python3.12/site-packages/airflow/example_dags/example_sensors.py
[2024-10-27T03:48:43.488+0000] {processor.py:925} INFO - DAG(s) 'example_sensors' retrieved from /home/airflow/.local/lib/python3.12/site-packages/airflow/example_dags/example_sensors.py
[2024-10-27T03:48:43.510+0000] {logging_mixin.py:190} INFO - [2024-10-27T03:48:43.510+0000] {dag.py:3239} INFO - Sync 1 DAGs
[2024-10-27T03:48:43.522+0000] {logging_mixin.py:190} INFO - [2024-10-27T03:48:43.522+0000] {dag.py:4180} INFO - Setting next_dagrun for example_sensors to None, run_after=None
[2024-10-27T03:48:43.541+0000] {processor.py:208} INFO - Processing /home/airflow/.local/lib/python3.12/site-packages/airflow/example_dags/example_sensors.py took 0.070 seconds
[2024-10-27T06:07:34.764+0000] {processor.py:186} INFO - Started process (PID=14448) to work on /home/airflow/.local/lib/python3.12/site-packages/airflow/example_dags/example_sensors.py
[2024-10-27T06:07:34.765+0000] {processor.py:914} INFO - Processing file /home/airflow/.local/lib/python3.12/site-packages/airflow/example_dags/example_sensors.py for tasks to queue
[2024-10-27T06:07:34.767+0000] {logging_mixin.py:190} INFO - [2024-10-27T06:07:34.766+0000] {dagbag.py:588} INFO - Filling up the DagBag from /home/airflow/.local/lib/python3.12/site-packages/airflow/example_dags/example_sensors.py
[2024-10-27T06:07:34.783+0000] {processor.py:925} INFO - DAG(s) 'example_sensors' retrieved from /home/airflow/.local/lib/python3.12/site-packages/airflow/example_dags/example_sensors.py
[2024-10-27T06:07:34.824+0000] {logging_mixin.py:190} INFO - [2024-10-27T06:07:34.824+0000] {dag.py:3239} INFO - Sync 1 DAGs
[2024-10-27T06:07:34.844+0000] {logging_mixin.py:190} INFO - [2024-10-27T06:07:34.843+0000] {dag.py:4180} INFO - Setting next_dagrun for example_sensors to None, run_after=None
[2024-10-27T06:07:34.864+0000] {processor.py:208} INFO - Processing /home/airflow/.local/lib/python3.12/site-packages/airflow/example_dags/example_sensors.py took 0.108 seconds
[2024-10-27T06:08:05.098+0000] {processor.py:186} INFO - Started process (PID=14511) to work on /home/airflow/.local/lib/python3.12/site-packages/airflow/example_dags/example_sensors.py
[2024-10-27T06:08:05.100+0000] {processor.py:914} INFO - Processing file /home/airflow/.local/lib/python3.12/site-packages/airflow/example_dags/example_sensors.py for tasks to queue
[2024-10-27T06:08:05.101+0000] {logging_mixin.py:190} INFO - [2024-10-27T06:08:05.101+0000] {dagbag.py:588} INFO - Filling up the DagBag from /home/airflow/.local/lib/python3.12/site-packages/airflow/example_dags/example_sensors.py
[2024-10-27T06:08:05.114+0000] {processor.py:925} INFO - DAG(s) 'example_sensors' retrieved from /home/airflow/.local/lib/python3.12/site-packages/airflow/example_dags/example_sensors.py
[2024-10-27T06:08:05.141+0000] {logging_mixin.py:190} INFO - [2024-10-27T06:08:05.141+0000] {dag.py:3239} INFO - Sync 1 DAGs
[2024-10-27T06:08:05.158+0000] {logging_mixin.py:190} INFO - [2024-10-27T06:08:05.158+0000] {dag.py:4180} INFO - Setting next_dagrun for example_sensors to None, run_after=None
[2024-10-27T06:08:05.178+0000] {processor.py:208} INFO - Processing /home/airflow/.local/lib/python3.12/site-packages/airflow/example_dags/example_sensors.py took 0.086 seconds
[2024-10-27T06:08:35.483+0000] {processor.py:186} INFO - Started process (PID=14573) to work on /home/airflow/.local/lib/python3.12/site-packages/airflow/example_dags/example_sensors.py
[2024-10-27T06:08:35.484+0000] {processor.py:914} INFO - Processing file /home/airflow/.local/lib/python3.12/site-packages/airflow/example_dags/example_sensors.py for tasks to queue
[2024-10-27T06:08:35.486+0000] {logging_mixin.py:190} INFO - [2024-10-27T06:08:35.485+0000] {dagbag.py:588} INFO - Filling up the DagBag from /home/airflow/.local/lib/python3.12/site-packages/airflow/example_dags/example_sensors.py
[2024-10-27T06:08:35.496+0000] {processor.py:925} INFO - DAG(s) 'example_sensors' retrieved from /home/airflow/.local/lib/python3.12/site-packages/airflow/example_dags/example_sensors.py
[2024-10-27T06:08:35.519+0000] {logging_mixin.py:190} INFO - [2024-10-27T06:08:35.518+0000] {dag.py:3239} INFO - Sync 1 DAGs
[2024-10-27T06:08:35.530+0000] {logging_mixin.py:190} INFO - [2024-10-27T06:08:35.530+0000] {dag.py:4180} INFO - Setting next_dagrun for example_sensors to None, run_after=None
[2024-10-27T06:08:35.549+0000] {processor.py:208} INFO - Processing /home/airflow/.local/lib/python3.12/site-packages/airflow/example_dags/example_sensors.py took 0.071 seconds
[2024-10-27T06:09:06.782+0000] {processor.py:186} INFO - Started process (PID=14637) to work on /home/airflow/.local/lib/python3.12/site-packages/airflow/example_dags/example_sensors.py
[2024-10-27T06:09:06.783+0000] {processor.py:914} INFO - Processing file /home/airflow/.local/lib/python3.12/site-packages/airflow/example_dags/example_sensors.py for tasks to queue
[2024-10-27T06:09:06.785+0000] {logging_mixin.py:190} INFO - [2024-10-27T06:09:06.784+0000] {dagbag.py:588} INFO - Filling up the DagBag from /home/airflow/.local/lib/python3.12/site-packages/airflow/example_dags/example_sensors.py
[2024-10-27T06:09:06.798+0000] {processor.py:925} INFO - DAG(s) 'example_sensors' retrieved from /home/airflow/.local/lib/python3.12/site-packages/airflow/example_dags/example_sensors.py
[2024-10-27T06:09:06.829+0000] {logging_mixin.py:190} INFO - [2024-10-27T06:09:06.829+0000] {dag.py:3239} INFO - Sync 1 DAGs
[2024-10-27T06:09:06.842+0000] {logging_mixin.py:190} INFO - [2024-10-27T06:09:06.841+0000] {dag.py:4180} INFO - Setting next_dagrun for example_sensors to None, run_after=None
[2024-10-27T06:09:06.858+0000] {processor.py:208} INFO - Processing /home/airflow/.local/lib/python3.12/site-packages/airflow/example_dags/example_sensors.py took 0.084 seconds
