[2024-10-27T03:48:13.827+0000] {processor.py:186} INFO - Started process (PID=14317) to work on /home/airflow/.local/lib/python3.12/site-packages/airflow/example_dags/example_branch_operator.py
[2024-10-27T03:48:13.829+0000] {processor.py:914} INFO - Processing file /home/airflow/.local/lib/python3.12/site-packages/airflow/example_dags/example_branch_operator.py for tasks to queue
[2024-10-27T03:48:13.831+0000] {logging_mixin.py:190} INFO - [2024-10-27T03:48:13.830+0000] {dagbag.py:588} INFO - Filling up the DagBag from /home/airflow/.local/lib/python3.12/site-packages/airflow/example_dags/example_branch_operator.py
[2024-10-27T03:48:13.863+0000] {processor.py:925} INFO - DAG(s) 'example_branch_operator' retrieved from /home/airflow/.local/lib/python3.12/site-packages/airflow/example_dags/example_branch_operator.py
[2024-10-27T03:48:13.916+0000] {logging_mixin.py:190} INFO - [2024-10-27T03:48:13.916+0000] {dag.py:3239} INFO - Sync 1 DAGs
[2024-10-27T03:48:13.973+0000] {logging_mixin.py:190} INFO - [2024-10-27T03:48:13.970+0000] {dag.py:4180} INFO - Setting next_dagrun for example_branch_operator to 2024-10-26 00:00:00+00:00, run_after=2024-10-27 00:00:00+00:00
[2024-10-27T03:48:14.024+0000] {processor.py:208} INFO - Processing /home/airflow/.local/lib/python3.12/site-packages/airflow/example_dags/example_branch_operator.py took 0.204 seconds
[2024-10-27T03:48:44.716+0000] {processor.py:186} INFO - Started process (PID=14380) to work on /home/airflow/.local/lib/python3.12/site-packages/airflow/example_dags/example_branch_operator.py
[2024-10-27T03:48:44.717+0000] {processor.py:914} INFO - Processing file /home/airflow/.local/lib/python3.12/site-packages/airflow/example_dags/example_branch_operator.py for tasks to queue
[2024-10-27T03:48:44.719+0000] {logging_mixin.py:190} INFO - [2024-10-27T03:48:44.718+0000] {dagbag.py:588} INFO - Filling up the DagBag from /home/airflow/.local/lib/python3.12/site-packages/airflow/example_dags/example_branch_operator.py
[2024-10-27T03:48:44.735+0000] {processor.py:925} INFO - DAG(s) 'example_branch_operator' retrieved from /home/airflow/.local/lib/python3.12/site-packages/airflow/example_dags/example_branch_operator.py
[2024-10-27T03:48:44.763+0000] {logging_mixin.py:190} INFO - [2024-10-27T03:48:44.763+0000] {dag.py:3239} INFO - Sync 1 DAGs
[2024-10-27T03:48:44.784+0000] {logging_mixin.py:190} INFO - [2024-10-27T03:48:44.784+0000] {dag.py:4180} INFO - Setting next_dagrun for example_branch_operator to 2024-10-26 00:00:00+00:00, run_after=2024-10-27 00:00:00+00:00
[2024-10-27T03:48:44.805+0000] {processor.py:208} INFO - Processing /home/airflow/.local/lib/python3.12/site-packages/airflow/example_dags/example_branch_operator.py took 0.094 seconds
[2024-10-27T06:07:35.050+0000] {processor.py:186} INFO - Started process (PID=14451) to work on /home/airflow/.local/lib/python3.12/site-packages/airflow/example_dags/example_branch_operator.py
[2024-10-27T06:07:35.051+0000] {processor.py:914} INFO - Processing file /home/airflow/.local/lib/python3.12/site-packages/airflow/example_dags/example_branch_operator.py for tasks to queue
[2024-10-27T06:07:35.053+0000] {logging_mixin.py:190} INFO - [2024-10-27T06:07:35.053+0000] {dagbag.py:588} INFO - Filling up the DagBag from /home/airflow/.local/lib/python3.12/site-packages/airflow/example_dags/example_branch_operator.py
[2024-10-27T06:07:35.088+0000] {processor.py:925} INFO - DAG(s) 'example_branch_operator' retrieved from /home/airflow/.local/lib/python3.12/site-packages/airflow/example_dags/example_branch_operator.py
[2024-10-27T06:07:35.144+0000] {logging_mixin.py:190} INFO - [2024-10-27T06:07:35.143+0000] {dag.py:3239} INFO - Sync 1 DAGs
[2024-10-27T06:07:35.191+0000] {logging_mixin.py:190} INFO - [2024-10-27T06:07:35.191+0000] {dag.py:4180} INFO - Setting next_dagrun for example_branch_operator to 2024-10-26 00:00:00+00:00, run_after=2024-10-27 00:00:00+00:00
[2024-10-27T06:07:35.248+0000] {processor.py:208} INFO - Processing /home/airflow/.local/lib/python3.12/site-packages/airflow/example_dags/example_branch_operator.py took 0.211 seconds
[2024-10-27T06:08:05.439+0000] {processor.py:186} INFO - Started process (PID=14514) to work on /home/airflow/.local/lib/python3.12/site-packages/airflow/example_dags/example_branch_operator.py
[2024-10-27T06:08:05.440+0000] {processor.py:914} INFO - Processing file /home/airflow/.local/lib/python3.12/site-packages/airflow/example_dags/example_branch_operator.py for tasks to queue
[2024-10-27T06:08:05.442+0000] {logging_mixin.py:190} INFO - [2024-10-27T06:08:05.442+0000] {dagbag.py:588} INFO - Filling up the DagBag from /home/airflow/.local/lib/python3.12/site-packages/airflow/example_dags/example_branch_operator.py
[2024-10-27T06:08:05.459+0000] {processor.py:925} INFO - DAG(s) 'example_branch_operator' retrieved from /home/airflow/.local/lib/python3.12/site-packages/airflow/example_dags/example_branch_operator.py
[2024-10-27T06:08:05.485+0000] {logging_mixin.py:190} INFO - [2024-10-27T06:08:05.485+0000] {dag.py:3239} INFO - Sync 1 DAGs
[2024-10-27T06:08:05.508+0000] {logging_mixin.py:190} INFO - [2024-10-27T06:08:05.507+0000] {dag.py:4180} INFO - Setting next_dagrun for example_branch_operator to 2024-10-26 00:00:00+00:00, run_after=2024-10-27 00:00:00+00:00
[2024-10-27T06:08:05.527+0000] {processor.py:208} INFO - Processing /home/airflow/.local/lib/python3.12/site-packages/airflow/example_dags/example_branch_operator.py took 0.095 seconds
[2024-10-27T06:08:35.700+0000] {processor.py:186} INFO - Started process (PID=14577) to work on /home/airflow/.local/lib/python3.12/site-packages/airflow/example_dags/example_branch_operator.py
[2024-10-27T06:08:35.701+0000] {processor.py:914} INFO - Processing file /home/airflow/.local/lib/python3.12/site-packages/airflow/example_dags/example_branch_operator.py for tasks to queue
[2024-10-27T06:08:35.703+0000] {logging_mixin.py:190} INFO - [2024-10-27T06:08:35.702+0000] {dagbag.py:588} INFO - Filling up the DagBag from /home/airflow/.local/lib/python3.12/site-packages/airflow/example_dags/example_branch_operator.py
[2024-10-27T06:08:35.717+0000] {processor.py:925} INFO - DAG(s) 'example_branch_operator' retrieved from /home/airflow/.local/lib/python3.12/site-packages/airflow/example_dags/example_branch_operator.py
[2024-10-27T06:08:35.742+0000] {logging_mixin.py:190} INFO - [2024-10-27T06:08:35.742+0000] {dag.py:3239} INFO - Sync 1 DAGs
[2024-10-27T06:08:35.763+0000] {logging_mixin.py:190} INFO - [2024-10-27T06:08:35.763+0000] {dag.py:4180} INFO - Setting next_dagrun for example_branch_operator to 2024-10-26 00:00:00+00:00, run_after=2024-10-27 00:00:00+00:00
[2024-10-27T06:08:35.782+0000] {processor.py:208} INFO - Processing /home/airflow/.local/lib/python3.12/site-packages/airflow/example_dags/example_branch_operator.py took 0.087 seconds
[2024-10-27T06:09:06.922+0000] {processor.py:186} INFO - Started process (PID=14640) to work on /home/airflow/.local/lib/python3.12/site-packages/airflow/example_dags/example_branch_operator.py
[2024-10-27T06:09:06.923+0000] {processor.py:914} INFO - Processing file /home/airflow/.local/lib/python3.12/site-packages/airflow/example_dags/example_branch_operator.py for tasks to queue
[2024-10-27T06:09:06.925+0000] {logging_mixin.py:190} INFO - [2024-10-27T06:09:06.924+0000] {dagbag.py:588} INFO - Filling up the DagBag from /home/airflow/.local/lib/python3.12/site-packages/airflow/example_dags/example_branch_operator.py
[2024-10-27T06:09:06.941+0000] {processor.py:925} INFO - DAG(s) 'example_branch_operator' retrieved from /home/airflow/.local/lib/python3.12/site-packages/airflow/example_dags/example_branch_operator.py
[2024-10-27T06:09:06.966+0000] {logging_mixin.py:190} INFO - [2024-10-27T06:09:06.966+0000] {dag.py:3239} INFO - Sync 1 DAGs
[2024-10-27T06:09:06.988+0000] {logging_mixin.py:190} INFO - [2024-10-27T06:09:06.988+0000] {dag.py:4180} INFO - Setting next_dagrun for example_branch_operator to 2024-10-26 00:00:00+00:00, run_after=2024-10-27 00:00:00+00:00
[2024-10-27T06:09:07.007+0000] {processor.py:208} INFO - Processing /home/airflow/.local/lib/python3.12/site-packages/airflow/example_dags/example_branch_operator.py took 0.090 seconds
