[2024-10-27T03:48:14.291+0000] {processor.py:186} INFO - Started process (PID=14319) to work on /home/airflow/.local/lib/python3.12/site-packages/airflow/example_dags/example_sla_dag.py
[2024-10-27T03:48:14.292+0000] {processor.py:914} INFO - Processing file /home/airflow/.local/lib/python3.12/site-packages/airflow/example_dags/example_sla_dag.py for tasks to queue
[2024-10-27T03:48:14.295+0000] {logging_mixin.py:190} INFO - [2024-10-27T03:48:14.294+0000] {dagbag.py:588} INFO - Filling up the DagBag from /home/airflow/.local/lib/python3.12/site-packages/airflow/example_dags/example_sla_dag.py
[2024-10-27T03:48:14.312+0000] {processor.py:925} INFO - DAG(s) 'example_sla_dag' retrieved from /home/airflow/.local/lib/python3.12/site-packages/airflow/example_dags/example_sla_dag.py
[2024-10-27T03:48:14.336+0000] {logging_mixin.py:190} INFO - [2024-10-27T03:48:14.335+0000] {dag.py:3239} INFO - Sync 1 DAGs
[2024-10-27T03:48:14.386+0000] {logging_mixin.py:190} INFO - [2024-10-27T03:48:14.386+0000] {dag.py:4180} INFO - Setting next_dagrun for example_sla_dag to 2024-10-27 03:46:00+00:00, run_after=2024-10-27 03:48:00+00:00
[2024-10-27T03:48:14.412+0000] {processor.py:208} INFO - Processing /home/airflow/.local/lib/python3.12/site-packages/airflow/example_dags/example_sla_dag.py took 0.133 seconds
[2024-10-27T03:48:44.955+0000] {processor.py:186} INFO - Started process (PID=14382) to work on /home/airflow/.local/lib/python3.12/site-packages/airflow/example_dags/example_sla_dag.py
[2024-10-27T03:48:44.956+0000] {processor.py:914} INFO - Processing file /home/airflow/.local/lib/python3.12/site-packages/airflow/example_dags/example_sla_dag.py for tasks to queue
[2024-10-27T03:48:44.957+0000] {logging_mixin.py:190} INFO - [2024-10-27T03:48:44.957+0000] {dagbag.py:588} INFO - Filling up the DagBag from /home/airflow/.local/lib/python3.12/site-packages/airflow/example_dags/example_sla_dag.py
[2024-10-27T03:48:44.965+0000] {processor.py:925} INFO - DAG(s) 'example_sla_dag' retrieved from /home/airflow/.local/lib/python3.12/site-packages/airflow/example_dags/example_sla_dag.py
[2024-10-27T03:48:44.982+0000] {logging_mixin.py:190} INFO - [2024-10-27T03:48:44.982+0000] {dag.py:3239} INFO - Sync 1 DAGs
[2024-10-27T03:48:45.006+0000] {logging_mixin.py:190} INFO - [2024-10-27T03:48:45.006+0000] {dag.py:4180} INFO - Setting next_dagrun for example_sla_dag to 2024-10-27 03:46:00+00:00, run_after=2024-10-27 03:48:00+00:00
[2024-10-27T03:48:45.025+0000] {processor.py:208} INFO - Processing /home/airflow/.local/lib/python3.12/site-packages/airflow/example_dags/example_sla_dag.py took 0.076 seconds
[2024-10-27T06:07:35.303+0000] {processor.py:186} INFO - Started process (PID=14453) to work on /home/airflow/.local/lib/python3.12/site-packages/airflow/example_dags/example_sla_dag.py
[2024-10-27T06:07:35.304+0000] {processor.py:914} INFO - Processing file /home/airflow/.local/lib/python3.12/site-packages/airflow/example_dags/example_sla_dag.py for tasks to queue
[2024-10-27T06:07:35.306+0000] {logging_mixin.py:190} INFO - [2024-10-27T06:07:35.306+0000] {dagbag.py:588} INFO - Filling up the DagBag from /home/airflow/.local/lib/python3.12/site-packages/airflow/example_dags/example_sla_dag.py
[2024-10-27T06:07:35.319+0000] {processor.py:925} INFO - DAG(s) 'example_sla_dag' retrieved from /home/airflow/.local/lib/python3.12/site-packages/airflow/example_dags/example_sla_dag.py
[2024-10-27T06:07:35.348+0000] {logging_mixin.py:190} INFO - [2024-10-27T06:07:35.347+0000] {dag.py:3239} INFO - Sync 1 DAGs
[2024-10-27T06:07:35.391+0000] {logging_mixin.py:190} INFO - [2024-10-27T06:07:35.391+0000] {dag.py:4180} INFO - Setting next_dagrun for example_sla_dag to 2024-10-27 06:04:00+00:00, run_after=2024-10-27 06:06:00+00:00
[2024-10-27T06:07:35.418+0000] {processor.py:208} INFO - Processing /home/airflow/.local/lib/python3.12/site-packages/airflow/example_dags/example_sla_dag.py took 0.122 seconds
[2024-10-27T06:08:05.568+0000] {processor.py:186} INFO - Started process (PID=14516) to work on /home/airflow/.local/lib/python3.12/site-packages/airflow/example_dags/example_sla_dag.py
[2024-10-27T06:08:05.569+0000] {processor.py:914} INFO - Processing file /home/airflow/.local/lib/python3.12/site-packages/airflow/example_dags/example_sla_dag.py for tasks to queue
[2024-10-27T06:08:05.571+0000] {logging_mixin.py:190} INFO - [2024-10-27T06:08:05.570+0000] {dagbag.py:588} INFO - Filling up the DagBag from /home/airflow/.local/lib/python3.12/site-packages/airflow/example_dags/example_sla_dag.py
[2024-10-27T06:08:05.582+0000] {processor.py:925} INFO - DAG(s) 'example_sla_dag' retrieved from /home/airflow/.local/lib/python3.12/site-packages/airflow/example_dags/example_sla_dag.py
[2024-10-27T06:08:05.602+0000] {logging_mixin.py:190} INFO - [2024-10-27T06:08:05.602+0000] {dag.py:3239} INFO - Sync 1 DAGs
[2024-10-27T06:08:05.625+0000] {logging_mixin.py:190} INFO - [2024-10-27T06:08:05.625+0000] {dag.py:4180} INFO - Setting next_dagrun for example_sla_dag to 2024-10-27 06:06:00+00:00, run_after=2024-10-27 06:08:00+00:00
[2024-10-27T06:08:05.643+0000] {processor.py:208} INFO - Processing /home/airflow/.local/lib/python3.12/site-packages/airflow/example_dags/example_sla_dag.py took 0.080 seconds
[2024-10-27T06:08:35.932+0000] {processor.py:186} INFO - Started process (PID=14579) to work on /home/airflow/.local/lib/python3.12/site-packages/airflow/example_dags/example_sla_dag.py
[2024-10-27T06:08:35.933+0000] {processor.py:914} INFO - Processing file /home/airflow/.local/lib/python3.12/site-packages/airflow/example_dags/example_sla_dag.py for tasks to queue
[2024-10-27T06:08:35.935+0000] {logging_mixin.py:190} INFO - [2024-10-27T06:08:35.934+0000] {dagbag.py:588} INFO - Filling up the DagBag from /home/airflow/.local/lib/python3.12/site-packages/airflow/example_dags/example_sla_dag.py
[2024-10-27T06:08:35.943+0000] {processor.py:925} INFO - DAG(s) 'example_sla_dag' retrieved from /home/airflow/.local/lib/python3.12/site-packages/airflow/example_dags/example_sla_dag.py
[2024-10-27T06:08:35.961+0000] {logging_mixin.py:190} INFO - [2024-10-27T06:08:35.961+0000] {dag.py:3239} INFO - Sync 1 DAGs
[2024-10-27T06:08:35.983+0000] {logging_mixin.py:190} INFO - [2024-10-27T06:08:35.982+0000] {dag.py:4180} INFO - Setting next_dagrun for example_sla_dag to 2024-10-27 06:06:00+00:00, run_after=2024-10-27 06:08:00+00:00
[2024-10-27T06:08:36.003+0000] {processor.py:208} INFO - Processing /home/airflow/.local/lib/python3.12/site-packages/airflow/example_dags/example_sla_dag.py took 0.076 seconds
[2024-10-27T06:09:07.038+0000] {processor.py:186} INFO - Started process (PID=14642) to work on /home/airflow/.local/lib/python3.12/site-packages/airflow/example_dags/example_sla_dag.py
[2024-10-27T06:09:07.040+0000] {processor.py:914} INFO - Processing file /home/airflow/.local/lib/python3.12/site-packages/airflow/example_dags/example_sla_dag.py for tasks to queue
[2024-10-27T06:09:07.041+0000] {logging_mixin.py:190} INFO - [2024-10-27T06:09:07.041+0000] {dagbag.py:588} INFO - Filling up the DagBag from /home/airflow/.local/lib/python3.12/site-packages/airflow/example_dags/example_sla_dag.py
[2024-10-27T06:09:07.050+0000] {processor.py:925} INFO - DAG(s) 'example_sla_dag' retrieved from /home/airflow/.local/lib/python3.12/site-packages/airflow/example_dags/example_sla_dag.py
[2024-10-27T06:09:07.068+0000] {logging_mixin.py:190} INFO - [2024-10-27T06:09:07.068+0000] {dag.py:3239} INFO - Sync 1 DAGs
[2024-10-27T06:09:07.091+0000] {logging_mixin.py:190} INFO - [2024-10-27T06:09:07.090+0000] {dag.py:4180} INFO - Setting next_dagrun for example_sla_dag to 2024-10-27 06:06:00+00:00, run_after=2024-10-27 06:08:00+00:00
[2024-10-27T06:09:07.106+0000] {processor.py:208} INFO - Processing /home/airflow/.local/lib/python3.12/site-packages/airflow/example_dags/example_sla_dag.py took 0.073 seconds
