[2024-10-27T03:48:15.377+0000] {processor.py:186} INFO - Started process (PID=14329) to work on /home/airflow/.local/lib/python3.12/site-packages/airflow/example_dags/example_inlet_event_extra.py
[2024-10-27T03:48:15.378+0000] {processor.py:914} INFO - Processing file /home/airflow/.local/lib/python3.12/site-packages/airflow/example_dags/example_inlet_event_extra.py for tasks to queue
[2024-10-27T03:48:15.380+0000] {logging_mixin.py:190} INFO - [2024-10-27T03:48:15.379+0000] {dagbag.py:588} INFO - Filling up the DagBag from /home/airflow/.local/lib/python3.12/site-packages/airflow/example_dags/example_inlet_event_extra.py
[2024-10-27T03:48:15.982+0000] {processor.py:925} INFO - DAG(s) 'read_dataset_event_from_classic', 'read_dataset_event' retrieved from /home/airflow/.local/lib/python3.12/site-packages/airflow/example_dags/example_inlet_event_extra.py
[2024-10-27T03:48:16.013+0000] {logging_mixin.py:190} INFO - [2024-10-27T03:48:16.012+0000] {dag.py:3239} INFO - Sync 2 DAGs
[2024-10-27T03:48:16.048+0000] {logging_mixin.py:190} INFO - [2024-10-27T03:48:16.048+0000] {dag.py:4180} INFO - Setting next_dagrun for read_dataset_event to 2024-10-26 00:00:00+00:00, run_after=2024-10-27 00:00:00+00:00
[2024-10-27T03:48:16.057+0000] {logging_mixin.py:190} INFO - [2024-10-27T03:48:16.056+0000] {dag.py:4180} INFO - Setting next_dagrun for read_dataset_event_from_classic to 2024-10-26 00:00:00+00:00, run_after=2024-10-27 00:00:00+00:00
[2024-10-27T03:48:16.082+0000] {processor.py:208} INFO - Processing /home/airflow/.local/lib/python3.12/site-packages/airflow/example_dags/example_inlet_event_extra.py took 0.713 seconds
[2024-10-27T03:48:46.774+0000] {processor.py:186} INFO - Started process (PID=14393) to work on /home/airflow/.local/lib/python3.12/site-packages/airflow/example_dags/example_inlet_event_extra.py
[2024-10-27T03:48:46.775+0000] {processor.py:914} INFO - Processing file /home/airflow/.local/lib/python3.12/site-packages/airflow/example_dags/example_inlet_event_extra.py for tasks to queue
[2024-10-27T03:48:46.776+0000] {logging_mixin.py:190} INFO - [2024-10-27T03:48:46.776+0000] {dagbag.py:588} INFO - Filling up the DagBag from /home/airflow/.local/lib/python3.12/site-packages/airflow/example_dags/example_inlet_event_extra.py
[2024-10-27T03:48:47.052+0000] {processor.py:925} INFO - DAG(s) 'read_dataset_event', 'read_dataset_event_from_classic' retrieved from /home/airflow/.local/lib/python3.12/site-packages/airflow/example_dags/example_inlet_event_extra.py
[2024-10-27T03:48:47.070+0000] {logging_mixin.py:190} INFO - [2024-10-27T03:48:47.069+0000] {dag.py:3239} INFO - Sync 2 DAGs
[2024-10-27T03:48:47.087+0000] {logging_mixin.py:190} INFO - [2024-10-27T03:48:47.087+0000] {dag.py:4180} INFO - Setting next_dagrun for read_dataset_event to 2024-10-26 00:00:00+00:00, run_after=2024-10-27 00:00:00+00:00
[2024-10-27T03:48:47.091+0000] {logging_mixin.py:190} INFO - [2024-10-27T03:48:47.091+0000] {dag.py:4180} INFO - Setting next_dagrun for read_dataset_event_from_classic to 2024-10-26 00:00:00+00:00, run_after=2024-10-27 00:00:00+00:00
[2024-10-27T03:48:47.108+0000] {processor.py:208} INFO - Processing /home/airflow/.local/lib/python3.12/site-packages/airflow/example_dags/example_inlet_event_extra.py took 0.340 seconds
[2024-10-27T06:07:36.690+0000] {processor.py:186} INFO - Started process (PID=14463) to work on /home/airflow/.local/lib/python3.12/site-packages/airflow/example_dags/example_inlet_event_extra.py
[2024-10-27T06:07:36.694+0000] {processor.py:914} INFO - Processing file /home/airflow/.local/lib/python3.12/site-packages/airflow/example_dags/example_inlet_event_extra.py for tasks to queue
[2024-10-27T06:07:36.696+0000] {logging_mixin.py:190} INFO - [2024-10-27T06:07:36.696+0000] {dagbag.py:588} INFO - Filling up the DagBag from /home/airflow/.local/lib/python3.12/site-packages/airflow/example_dags/example_inlet_event_extra.py
[2024-10-27T06:07:37.122+0000] {processor.py:925} INFO - DAG(s) 'read_dataset_event_from_classic', 'read_dataset_event' retrieved from /home/airflow/.local/lib/python3.12/site-packages/airflow/example_dags/example_inlet_event_extra.py
[2024-10-27T06:07:37.141+0000] {logging_mixin.py:190} INFO - [2024-10-27T06:07:37.141+0000] {dag.py:3239} INFO - Sync 2 DAGs
[2024-10-27T06:07:37.163+0000] {logging_mixin.py:190} INFO - [2024-10-27T06:07:37.162+0000] {dag.py:4180} INFO - Setting next_dagrun for read_dataset_event to 2024-10-26 00:00:00+00:00, run_after=2024-10-27 00:00:00+00:00
[2024-10-27T06:07:37.170+0000] {logging_mixin.py:190} INFO - [2024-10-27T06:07:37.170+0000] {dag.py:4180} INFO - Setting next_dagrun for read_dataset_event_from_classic to 2024-10-26 00:00:00+00:00, run_after=2024-10-27 00:00:00+00:00
[2024-10-27T06:07:37.189+0000] {processor.py:208} INFO - Processing /home/airflow/.local/lib/python3.12/site-packages/airflow/example_dags/example_inlet_event_extra.py took 0.514 seconds
[2024-10-27T06:08:07.380+0000] {processor.py:186} INFO - Started process (PID=14528) to work on /home/airflow/.local/lib/python3.12/site-packages/airflow/example_dags/example_inlet_event_extra.py
[2024-10-27T06:08:07.381+0000] {processor.py:914} INFO - Processing file /home/airflow/.local/lib/python3.12/site-packages/airflow/example_dags/example_inlet_event_extra.py for tasks to queue
[2024-10-27T06:08:07.382+0000] {logging_mixin.py:190} INFO - [2024-10-27T06:08:07.382+0000] {dagbag.py:588} INFO - Filling up the DagBag from /home/airflow/.local/lib/python3.12/site-packages/airflow/example_dags/example_inlet_event_extra.py
[2024-10-27T06:08:07.641+0000] {processor.py:925} INFO - DAG(s) 'read_dataset_event', 'read_dataset_event_from_classic' retrieved from /home/airflow/.local/lib/python3.12/site-packages/airflow/example_dags/example_inlet_event_extra.py
[2024-10-27T06:08:07.660+0000] {logging_mixin.py:190} INFO - [2024-10-27T06:08:07.660+0000] {dag.py:3239} INFO - Sync 2 DAGs
[2024-10-27T06:08:07.679+0000] {logging_mixin.py:190} INFO - [2024-10-27T06:08:07.679+0000] {dag.py:4180} INFO - Setting next_dagrun for read_dataset_event to 2024-10-26 00:00:00+00:00, run_after=2024-10-27 00:00:00+00:00
[2024-10-27T06:08:07.686+0000] {logging_mixin.py:190} INFO - [2024-10-27T06:08:07.686+0000] {dag.py:4180} INFO - Setting next_dagrun for read_dataset_event_from_classic to 2024-10-26 00:00:00+00:00, run_after=2024-10-27 00:00:00+00:00
[2024-10-27T06:08:07.702+0000] {processor.py:208} INFO - Processing /home/airflow/.local/lib/python3.12/site-packages/airflow/example_dags/example_inlet_event_extra.py took 0.327 seconds
[2024-10-27T06:08:37.775+0000] {processor.py:186} INFO - Started process (PID=14590) to work on /home/airflow/.local/lib/python3.12/site-packages/airflow/example_dags/example_inlet_event_extra.py
[2024-10-27T06:08:37.776+0000] {processor.py:914} INFO - Processing file /home/airflow/.local/lib/python3.12/site-packages/airflow/example_dags/example_inlet_event_extra.py for tasks to queue
[2024-10-27T06:08:37.778+0000] {logging_mixin.py:190} INFO - [2024-10-27T06:08:37.777+0000] {dagbag.py:588} INFO - Filling up the DagBag from /home/airflow/.local/lib/python3.12/site-packages/airflow/example_dags/example_inlet_event_extra.py
[2024-10-27T06:08:38.093+0000] {processor.py:925} INFO - DAG(s) 'read_dataset_event', 'read_dataset_event_from_classic' retrieved from /home/airflow/.local/lib/python3.12/site-packages/airflow/example_dags/example_inlet_event_extra.py
[2024-10-27T06:08:38.110+0000] {logging_mixin.py:190} INFO - [2024-10-27T06:08:38.110+0000] {dag.py:3239} INFO - Sync 2 DAGs
[2024-10-27T06:08:38.129+0000] {logging_mixin.py:190} INFO - [2024-10-27T06:08:38.129+0000] {dag.py:4180} INFO - Setting next_dagrun for read_dataset_event to 2024-10-26 00:00:00+00:00, run_after=2024-10-27 00:00:00+00:00
[2024-10-27T06:08:38.135+0000] {logging_mixin.py:190} INFO - [2024-10-27T06:08:38.135+0000] {dag.py:4180} INFO - Setting next_dagrun for read_dataset_event_from_classic to 2024-10-26 00:00:00+00:00, run_after=2024-10-27 00:00:00+00:00
[2024-10-27T06:08:38.148+0000] {processor.py:208} INFO - Processing /home/airflow/.local/lib/python3.12/site-packages/airflow/example_dags/example_inlet_event_extra.py took 0.379 seconds
