[2024-10-27T03:48:14.841+0000] {processor.py:186} INFO - Started process (PID=14323) to work on /home/airflow/.local/lib/python3.12/site-packages/airflow/example_dags/example_branch_day_of_week_operator.py
[2024-10-27T03:48:14.843+0000] {processor.py:914} INFO - Processing file /home/airflow/.local/lib/python3.12/site-packages/airflow/example_dags/example_branch_day_of_week_operator.py for tasks to queue
[2024-10-27T03:48:14.844+0000] {logging_mixin.py:190} INFO - [2024-10-27T03:48:14.844+0000] {dagbag.py:588} INFO - Filling up the DagBag from /home/airflow/.local/lib/python3.12/site-packages/airflow/example_dags/example_branch_day_of_week_operator.py
[2024-10-27T03:48:14.861+0000] {processor.py:925} INFO - DAG(s) 'example_weekday_branch_operator' retrieved from /home/airflow/.local/lib/python3.12/site-packages/airflow/example_dags/example_branch_day_of_week_operator.py
[2024-10-27T03:48:14.887+0000] {logging_mixin.py:190} INFO - [2024-10-27T03:48:14.886+0000] {dag.py:3239} INFO - Sync 1 DAGs
[2024-10-27T03:48:14.926+0000] {logging_mixin.py:190} INFO - [2024-10-27T03:48:14.925+0000] {dag.py:4180} INFO - Setting next_dagrun for example_weekday_branch_operator to 2024-10-26 00:00:00+00:00, run_after=2024-10-27 00:00:00+00:00
[2024-10-27T03:48:14.955+0000] {processor.py:208} INFO - Processing /home/airflow/.local/lib/python3.12/site-packages/airflow/example_dags/example_branch_day_of_week_operator.py took 0.123 seconds
[2024-10-27T03:48:45.310+0000] {processor.py:186} INFO - Started process (PID=14386) to work on /home/airflow/.local/lib/python3.12/site-packages/airflow/example_dags/example_branch_day_of_week_operator.py
[2024-10-27T03:48:45.312+0000] {processor.py:914} INFO - Processing file /home/airflow/.local/lib/python3.12/site-packages/airflow/example_dags/example_branch_day_of_week_operator.py for tasks to queue
[2024-10-27T03:48:45.313+0000] {logging_mixin.py:190} INFO - [2024-10-27T03:48:45.313+0000] {dagbag.py:588} INFO - Filling up the DagBag from /home/airflow/.local/lib/python3.12/site-packages/airflow/example_dags/example_branch_day_of_week_operator.py
[2024-10-27T03:48:45.321+0000] {processor.py:925} INFO - DAG(s) 'example_weekday_branch_operator' retrieved from /home/airflow/.local/lib/python3.12/site-packages/airflow/example_dags/example_branch_day_of_week_operator.py
[2024-10-27T03:48:45.343+0000] {logging_mixin.py:190} INFO - [2024-10-27T03:48:45.343+0000] {dag.py:3239} INFO - Sync 1 DAGs
[2024-10-27T03:48:45.365+0000] {logging_mixin.py:190} INFO - [2024-10-27T03:48:45.365+0000] {dag.py:4180} INFO - Setting next_dagrun for example_weekday_branch_operator to 2024-10-26 00:00:00+00:00, run_after=2024-10-27 00:00:00+00:00
[2024-10-27T03:48:45.383+0000] {processor.py:208} INFO - Processing /home/airflow/.local/lib/python3.12/site-packages/airflow/example_dags/example_branch_day_of_week_operator.py took 0.078 seconds
[2024-10-27T06:07:35.976+0000] {processor.py:186} INFO - Started process (PID=14457) to work on /home/airflow/.local/lib/python3.12/site-packages/airflow/example_dags/example_branch_day_of_week_operator.py
[2024-10-27T06:07:35.982+0000] {processor.py:914} INFO - Processing file /home/airflow/.local/lib/python3.12/site-packages/airflow/example_dags/example_branch_day_of_week_operator.py for tasks to queue
[2024-10-27T06:07:35.991+0000] {logging_mixin.py:190} INFO - [2024-10-27T06:07:35.991+0000] {dagbag.py:588} INFO - Filling up the DagBag from /home/airflow/.local/lib/python3.12/site-packages/airflow/example_dags/example_branch_day_of_week_operator.py
[2024-10-27T06:07:36.016+0000] {processor.py:925} INFO - DAG(s) 'example_weekday_branch_operator' retrieved from /home/airflow/.local/lib/python3.12/site-packages/airflow/example_dags/example_branch_day_of_week_operator.py
[2024-10-27T06:07:36.052+0000] {logging_mixin.py:190} INFO - [2024-10-27T06:07:36.052+0000] {dag.py:3239} INFO - Sync 1 DAGs
[2024-10-27T06:07:36.114+0000] {logging_mixin.py:190} INFO - [2024-10-27T06:07:36.113+0000] {dag.py:4180} INFO - Setting next_dagrun for example_weekday_branch_operator to 2024-10-26 00:00:00+00:00, run_after=2024-10-27 00:00:00+00:00
[2024-10-27T06:07:36.156+0000] {processor.py:208} INFO - Processing /home/airflow/.local/lib/python3.12/site-packages/airflow/example_dags/example_branch_day_of_week_operator.py took 0.188 seconds
[2024-10-27T06:08:06.877+0000] {processor.py:186} INFO - Started process (PID=14520) to work on /home/airflow/.local/lib/python3.12/site-packages/airflow/example_dags/example_branch_day_of_week_operator.py
[2024-10-27T06:08:06.878+0000] {processor.py:914} INFO - Processing file /home/airflow/.local/lib/python3.12/site-packages/airflow/example_dags/example_branch_day_of_week_operator.py for tasks to queue
[2024-10-27T06:08:06.880+0000] {logging_mixin.py:190} INFO - [2024-10-27T06:08:06.880+0000] {dagbag.py:588} INFO - Filling up the DagBag from /home/airflow/.local/lib/python3.12/site-packages/airflow/example_dags/example_branch_day_of_week_operator.py
[2024-10-27T06:08:06.888+0000] {processor.py:925} INFO - DAG(s) 'example_weekday_branch_operator' retrieved from /home/airflow/.local/lib/python3.12/site-packages/airflow/example_dags/example_branch_day_of_week_operator.py
[2024-10-27T06:08:06.907+0000] {logging_mixin.py:190} INFO - [2024-10-27T06:08:06.907+0000] {dag.py:3239} INFO - Sync 1 DAGs
[2024-10-27T06:08:06.928+0000] {logging_mixin.py:190} INFO - [2024-10-27T06:08:06.927+0000] {dag.py:4180} INFO - Setting next_dagrun for example_weekday_branch_operator to 2024-10-26 00:00:00+00:00, run_after=2024-10-27 00:00:00+00:00
[2024-10-27T06:08:06.948+0000] {processor.py:208} INFO - Processing /home/airflow/.local/lib/python3.12/site-packages/airflow/example_dags/example_branch_day_of_week_operator.py took 0.077 seconds
[2024-10-27T06:08:37.313+0000] {processor.py:186} INFO - Started process (PID=14583) to work on /home/airflow/.local/lib/python3.12/site-packages/airflow/example_dags/example_branch_day_of_week_operator.py
[2024-10-27T06:08:37.314+0000] {processor.py:914} INFO - Processing file /home/airflow/.local/lib/python3.12/site-packages/airflow/example_dags/example_branch_day_of_week_operator.py for tasks to queue
[2024-10-27T06:08:37.316+0000] {logging_mixin.py:190} INFO - [2024-10-27T06:08:37.315+0000] {dagbag.py:588} INFO - Filling up the DagBag from /home/airflow/.local/lib/python3.12/site-packages/airflow/example_dags/example_branch_day_of_week_operator.py
[2024-10-27T06:08:37.324+0000] {processor.py:925} INFO - DAG(s) 'example_weekday_branch_operator' retrieved from /home/airflow/.local/lib/python3.12/site-packages/airflow/example_dags/example_branch_day_of_week_operator.py
[2024-10-27T06:08:37.343+0000] {logging_mixin.py:190} INFO - [2024-10-27T06:08:37.343+0000] {dag.py:3239} INFO - Sync 1 DAGs
[2024-10-27T06:08:37.364+0000] {logging_mixin.py:190} INFO - [2024-10-27T06:08:37.364+0000] {dag.py:4180} INFO - Setting next_dagrun for example_weekday_branch_operator to 2024-10-26 00:00:00+00:00, run_after=2024-10-27 00:00:00+00:00
[2024-10-27T06:08:37.381+0000] {processor.py:208} INFO - Processing /home/airflow/.local/lib/python3.12/site-packages/airflow/example_dags/example_branch_day_of_week_operator.py took 0.073 seconds
[2024-10-27T06:09:08.376+0000] {processor.py:186} INFO - Started process (PID=14646) to work on /home/airflow/.local/lib/python3.12/site-packages/airflow/example_dags/example_branch_day_of_week_operator.py
[2024-10-27T06:09:08.377+0000] {processor.py:914} INFO - Processing file /home/airflow/.local/lib/python3.12/site-packages/airflow/example_dags/example_branch_day_of_week_operator.py for tasks to queue
[2024-10-27T06:09:08.379+0000] {logging_mixin.py:190} INFO - [2024-10-27T06:09:08.379+0000] {dagbag.py:588} INFO - Filling up the DagBag from /home/airflow/.local/lib/python3.12/site-packages/airflow/example_dags/example_branch_day_of_week_operator.py
[2024-10-27T06:09:08.389+0000] {processor.py:925} INFO - DAG(s) 'example_weekday_branch_operator' retrieved from /home/airflow/.local/lib/python3.12/site-packages/airflow/example_dags/example_branch_day_of_week_operator.py
[2024-10-27T06:09:08.409+0000] {logging_mixin.py:190} INFO - [2024-10-27T06:09:08.409+0000] {dag.py:3239} INFO - Sync 1 DAGs
[2024-10-27T06:09:08.432+0000] {logging_mixin.py:190} INFO - [2024-10-27T06:09:08.431+0000] {dag.py:4180} INFO - Setting next_dagrun for example_weekday_branch_operator to 2024-10-26 00:00:00+00:00, run_after=2024-10-27 00:00:00+00:00
[2024-10-27T06:09:08.453+0000] {processor.py:208} INFO - Processing /home/airflow/.local/lib/python3.12/site-packages/airflow/example_dags/example_branch_day_of_week_operator.py took 0.083 seconds
