[2024-10-27T03:48:15.015+0000] {processor.py:186} INFO - Started process (PID=14325) to work on /home/airflow/.local/lib/python3.12/site-packages/airflow/example_dags/example_dynamic_task_mapping.py
[2024-10-27T03:48:15.017+0000] {processor.py:914} INFO - Processing file /home/airflow/.local/lib/python3.12/site-packages/airflow/example_dags/example_dynamic_task_mapping.py for tasks to queue
[2024-10-27T03:48:15.019+0000] {logging_mixin.py:190} INFO - [2024-10-27T03:48:15.019+0000] {dagbag.py:588} INFO - Filling up the DagBag from /home/airflow/.local/lib/python3.12/site-packages/airflow/example_dags/example_dynamic_task_mapping.py
[2024-10-27T03:48:15.032+0000] {processor.py:925} INFO - DAG(s) 'example_dynamic_task_mapping' retrieved from /home/airflow/.local/lib/python3.12/site-packages/airflow/example_dags/example_dynamic_task_mapping.py
[2024-10-27T03:48:15.065+0000] {logging_mixin.py:190} INFO - [2024-10-27T03:48:15.065+0000] {dag.py:3239} INFO - Sync 1 DAGs
[2024-10-27T03:48:15.096+0000] {logging_mixin.py:190} INFO - [2024-10-27T03:48:15.095+0000] {dag.py:4180} INFO - Setting next_dagrun for example_dynamic_task_mapping to None, run_after=None
[2024-10-27T03:48:15.136+0000] {processor.py:208} INFO - Processing /home/airflow/.local/lib/python3.12/site-packages/airflow/example_dags/example_dynamic_task_mapping.py took 0.128 seconds
[2024-10-27T03:48:45.482+0000] {processor.py:186} INFO - Started process (PID=14388) to work on /home/airflow/.local/lib/python3.12/site-packages/airflow/example_dags/example_dynamic_task_mapping.py
[2024-10-27T03:48:45.483+0000] {processor.py:914} INFO - Processing file /home/airflow/.local/lib/python3.12/site-packages/airflow/example_dags/example_dynamic_task_mapping.py for tasks to queue
[2024-10-27T03:48:45.485+0000] {logging_mixin.py:190} INFO - [2024-10-27T03:48:45.485+0000] {dagbag.py:588} INFO - Filling up the DagBag from /home/airflow/.local/lib/python3.12/site-packages/airflow/example_dags/example_dynamic_task_mapping.py
[2024-10-27T03:48:45.495+0000] {processor.py:925} INFO - DAG(s) 'example_dynamic_task_mapping' retrieved from /home/airflow/.local/lib/python3.12/site-packages/airflow/example_dags/example_dynamic_task_mapping.py
[2024-10-27T03:48:45.514+0000] {logging_mixin.py:190} INFO - [2024-10-27T03:48:45.514+0000] {dag.py:3239} INFO - Sync 1 DAGs
[2024-10-27T03:48:45.528+0000] {logging_mixin.py:190} INFO - [2024-10-27T03:48:45.528+0000] {dag.py:4180} INFO - Setting next_dagrun for example_dynamic_task_mapping to None, run_after=None
[2024-10-27T03:48:45.547+0000] {processor.py:208} INFO - Processing /home/airflow/.local/lib/python3.12/site-packages/airflow/example_dags/example_dynamic_task_mapping.py took 0.070 seconds
[2024-10-27T06:07:36.355+0000] {processor.py:186} INFO - Started process (PID=14459) to work on /home/airflow/.local/lib/python3.12/site-packages/airflow/example_dags/example_dynamic_task_mapping.py
[2024-10-27T06:07:36.356+0000] {processor.py:914} INFO - Processing file /home/airflow/.local/lib/python3.12/site-packages/airflow/example_dags/example_dynamic_task_mapping.py for tasks to queue
[2024-10-27T06:07:36.358+0000] {logging_mixin.py:190} INFO - [2024-10-27T06:07:36.358+0000] {dagbag.py:588} INFO - Filling up the DagBag from /home/airflow/.local/lib/python3.12/site-packages/airflow/example_dags/example_dynamic_task_mapping.py
[2024-10-27T06:07:36.376+0000] {processor.py:925} INFO - DAG(s) 'example_dynamic_task_mapping' retrieved from /home/airflow/.local/lib/python3.12/site-packages/airflow/example_dags/example_dynamic_task_mapping.py
[2024-10-27T06:07:36.407+0000] {logging_mixin.py:190} INFO - [2024-10-27T06:07:36.406+0000] {dag.py:3239} INFO - Sync 1 DAGs
[2024-10-27T06:07:36.432+0000] {logging_mixin.py:190} INFO - [2024-10-27T06:07:36.432+0000] {dag.py:4180} INFO - Setting next_dagrun for example_dynamic_task_mapping to None, run_after=None
[2024-10-27T06:07:36.462+0000] {processor.py:208} INFO - Processing /home/airflow/.local/lib/python3.12/site-packages/airflow/example_dags/example_dynamic_task_mapping.py took 0.121 seconds
[2024-10-27T06:08:07.035+0000] {processor.py:186} INFO - Started process (PID=14522) to work on /home/airflow/.local/lib/python3.12/site-packages/airflow/example_dags/example_dynamic_task_mapping.py
[2024-10-27T06:08:07.037+0000] {processor.py:914} INFO - Processing file /home/airflow/.local/lib/python3.12/site-packages/airflow/example_dags/example_dynamic_task_mapping.py for tasks to queue
[2024-10-27T06:08:07.038+0000] {logging_mixin.py:190} INFO - [2024-10-27T06:08:07.038+0000] {dagbag.py:588} INFO - Filling up the DagBag from /home/airflow/.local/lib/python3.12/site-packages/airflow/example_dags/example_dynamic_task_mapping.py
[2024-10-27T06:08:07.049+0000] {processor.py:925} INFO - DAG(s) 'example_dynamic_task_mapping' retrieved from /home/airflow/.local/lib/python3.12/site-packages/airflow/example_dags/example_dynamic_task_mapping.py
[2024-10-27T06:08:07.069+0000] {logging_mixin.py:190} INFO - [2024-10-27T06:08:07.069+0000] {dag.py:3239} INFO - Sync 1 DAGs
[2024-10-27T06:08:07.086+0000] {logging_mixin.py:190} INFO - [2024-10-27T06:08:07.086+0000] {dag.py:4180} INFO - Setting next_dagrun for example_dynamic_task_mapping to None, run_after=None
[2024-10-27T06:08:07.107+0000] {processor.py:208} INFO - Processing /home/airflow/.local/lib/python3.12/site-packages/airflow/example_dags/example_dynamic_task_mapping.py took 0.077 seconds
[2024-10-27T06:08:37.463+0000] {processor.py:186} INFO - Started process (PID=14585) to work on /home/airflow/.local/lib/python3.12/site-packages/airflow/example_dags/example_dynamic_task_mapping.py
[2024-10-27T06:08:37.464+0000] {processor.py:914} INFO - Processing file /home/airflow/.local/lib/python3.12/site-packages/airflow/example_dags/example_dynamic_task_mapping.py for tasks to queue
[2024-10-27T06:08:37.466+0000] {logging_mixin.py:190} INFO - [2024-10-27T06:08:37.465+0000] {dagbag.py:588} INFO - Filling up the DagBag from /home/airflow/.local/lib/python3.12/site-packages/airflow/example_dags/example_dynamic_task_mapping.py
[2024-10-27T06:08:37.474+0000] {processor.py:925} INFO - DAG(s) 'example_dynamic_task_mapping' retrieved from /home/airflow/.local/lib/python3.12/site-packages/airflow/example_dags/example_dynamic_task_mapping.py
[2024-10-27T06:08:37.494+0000] {logging_mixin.py:190} INFO - [2024-10-27T06:08:37.494+0000] {dag.py:3239} INFO - Sync 1 DAGs
[2024-10-27T06:08:37.507+0000] {logging_mixin.py:190} INFO - [2024-10-27T06:08:37.507+0000] {dag.py:4180} INFO - Setting next_dagrun for example_dynamic_task_mapping to None, run_after=None
[2024-10-27T06:08:37.528+0000] {processor.py:208} INFO - Processing /home/airflow/.local/lib/python3.12/site-packages/airflow/example_dags/example_dynamic_task_mapping.py took 0.070 seconds
