[2024-10-27T03:48:17.513+0000] {processor.py:186} INFO - Started process (PID=14343) to work on /home/airflow/.local/lib/python3.12/site-packages/airflow/example_dags/example_xcom.py
[2024-10-27T03:48:17.515+0000] {processor.py:914} INFO - Processing file /home/airflow/.local/lib/python3.12/site-packages/airflow/example_dags/example_xcom.py for tasks to queue
[2024-10-27T03:48:17.517+0000] {logging_mixin.py:190} INFO - [2024-10-27T03:48:17.516+0000] {dagbag.py:588} INFO - Filling up the DagBag from /home/airflow/.local/lib/python3.12/site-packages/airflow/example_dags/example_xcom.py
[2024-10-27T03:48:17.529+0000] {processor.py:925} INFO - DAG(s) 'example_xcom' retrieved from /home/airflow/.local/lib/python3.12/site-packages/airflow/example_dags/example_xcom.py
[2024-10-27T03:48:17.553+0000] {logging_mixin.py:190} INFO - [2024-10-27T03:48:17.553+0000] {dag.py:3239} INFO - Sync 1 DAGs
[2024-10-27T03:48:17.585+0000] {logging_mixin.py:190} INFO - [2024-10-27T03:48:17.585+0000] {dag.py:4180} INFO - Setting next_dagrun for example_xcom to 2021-01-01 00:00:00+00:00, run_after=2021-01-01 00:00:00+00:00
[2024-10-27T03:48:17.638+0000] {processor.py:208} INFO - Processing /home/airflow/.local/lib/python3.12/site-packages/airflow/example_dags/example_xcom.py took 0.133 seconds
[2024-10-27T03:48:48.593+0000] {processor.py:186} INFO - Started process (PID=14406) to work on /home/airflow/.local/lib/python3.12/site-packages/airflow/example_dags/example_xcom.py
[2024-10-27T03:48:48.594+0000] {processor.py:914} INFO - Processing file /home/airflow/.local/lib/python3.12/site-packages/airflow/example_dags/example_xcom.py for tasks to queue
[2024-10-27T03:48:48.596+0000] {logging_mixin.py:190} INFO - [2024-10-27T03:48:48.595+0000] {dagbag.py:588} INFO - Filling up the DagBag from /home/airflow/.local/lib/python3.12/site-packages/airflow/example_dags/example_xcom.py
[2024-10-27T03:48:48.604+0000] {processor.py:925} INFO - DAG(s) 'example_xcom' retrieved from /home/airflow/.local/lib/python3.12/site-packages/airflow/example_dags/example_xcom.py
[2024-10-27T03:48:48.624+0000] {logging_mixin.py:190} INFO - [2024-10-27T03:48:48.624+0000] {dag.py:3239} INFO - Sync 1 DAGs
[2024-10-27T03:48:48.642+0000] {logging_mixin.py:190} INFO - [2024-10-27T03:48:48.642+0000] {dag.py:4180} INFO - Setting next_dagrun for example_xcom to 2021-01-01 00:00:00+00:00, run_after=2021-01-01 00:00:00+00:00
[2024-10-27T03:48:48.661+0000] {processor.py:208} INFO - Processing /home/airflow/.local/lib/python3.12/site-packages/airflow/example_dags/example_xcom.py took 0.073 seconds
[2024-10-27T06:07:37.855+0000] {processor.py:186} INFO - Started process (PID=14477) to work on /home/airflow/.local/lib/python3.12/site-packages/airflow/example_dags/example_xcom.py
[2024-10-27T06:07:37.856+0000] {processor.py:914} INFO - Processing file /home/airflow/.local/lib/python3.12/site-packages/airflow/example_dags/example_xcom.py for tasks to queue
[2024-10-27T06:07:37.857+0000] {logging_mixin.py:190} INFO - [2024-10-27T06:07:37.857+0000] {dagbag.py:588} INFO - Filling up the DagBag from /home/airflow/.local/lib/python3.12/site-packages/airflow/example_dags/example_xcom.py
[2024-10-27T06:07:37.869+0000] {processor.py:925} INFO - DAG(s) 'example_xcom' retrieved from /home/airflow/.local/lib/python3.12/site-packages/airflow/example_dags/example_xcom.py
[2024-10-27T06:07:37.893+0000] {logging_mixin.py:190} INFO - [2024-10-27T06:07:37.893+0000] {dag.py:3239} INFO - Sync 1 DAGs
[2024-10-27T06:07:37.917+0000] {logging_mixin.py:190} INFO - [2024-10-27T06:07:37.917+0000] {dag.py:4180} INFO - Setting next_dagrun for example_xcom to 2021-01-01 00:00:00+00:00, run_after=2021-01-01 00:00:00+00:00
[2024-10-27T06:07:37.937+0000] {processor.py:208} INFO - Processing /home/airflow/.local/lib/python3.12/site-packages/airflow/example_dags/example_xcom.py took 0.088 seconds
[2024-10-27T06:08:08.100+0000] {processor.py:186} INFO - Started process (PID=14539) to work on /home/airflow/.local/lib/python3.12/site-packages/airflow/example_dags/example_xcom.py
[2024-10-27T06:08:08.101+0000] {processor.py:914} INFO - Processing file /home/airflow/.local/lib/python3.12/site-packages/airflow/example_dags/example_xcom.py for tasks to queue
[2024-10-27T06:08:08.103+0000] {logging_mixin.py:190} INFO - [2024-10-27T06:08:08.102+0000] {dagbag.py:588} INFO - Filling up the DagBag from /home/airflow/.local/lib/python3.12/site-packages/airflow/example_dags/example_xcom.py
[2024-10-27T06:08:08.110+0000] {processor.py:925} INFO - DAG(s) 'example_xcom' retrieved from /home/airflow/.local/lib/python3.12/site-packages/airflow/example_dags/example_xcom.py
[2024-10-27T06:08:08.130+0000] {logging_mixin.py:190} INFO - [2024-10-27T06:08:08.130+0000] {dag.py:3239} INFO - Sync 1 DAGs
[2024-10-27T06:08:08.150+0000] {logging_mixin.py:190} INFO - [2024-10-27T06:08:08.150+0000] {dag.py:4180} INFO - Setting next_dagrun for example_xcom to 2021-01-01 00:00:00+00:00, run_after=2021-01-01 00:00:00+00:00
[2024-10-27T06:08:08.170+0000] {processor.py:208} INFO - Processing /home/airflow/.local/lib/python3.12/site-packages/airflow/example_dags/example_xcom.py took 0.075 seconds
[2024-10-27T06:08:38.774+0000] {processor.py:186} INFO - Started process (PID=14602) to work on /home/airflow/.local/lib/python3.12/site-packages/airflow/example_dags/example_xcom.py
[2024-10-27T06:08:38.775+0000] {processor.py:914} INFO - Processing file /home/airflow/.local/lib/python3.12/site-packages/airflow/example_dags/example_xcom.py for tasks to queue
[2024-10-27T06:08:38.777+0000] {logging_mixin.py:190} INFO - [2024-10-27T06:08:38.777+0000] {dagbag.py:588} INFO - Filling up the DagBag from /home/airflow/.local/lib/python3.12/site-packages/airflow/example_dags/example_xcom.py
[2024-10-27T06:08:38.787+0000] {processor.py:925} INFO - DAG(s) 'example_xcom' retrieved from /home/airflow/.local/lib/python3.12/site-packages/airflow/example_dags/example_xcom.py
[2024-10-27T06:08:38.809+0000] {logging_mixin.py:190} INFO - [2024-10-27T06:08:38.809+0000] {dag.py:3239} INFO - Sync 1 DAGs
[2024-10-27T06:08:38.830+0000] {logging_mixin.py:190} INFO - [2024-10-27T06:08:38.830+0000] {dag.py:4180} INFO - Setting next_dagrun for example_xcom to 2021-01-01 00:00:00+00:00, run_after=2021-01-01 00:00:00+00:00
[2024-10-27T06:08:38.849+0000] {processor.py:208} INFO - Processing /home/airflow/.local/lib/python3.12/site-packages/airflow/example_dags/example_xcom.py took 0.079 seconds
