[2024-10-27T03:48:10.294+0000] {processor.py:186} INFO - Started process (PID=14301) to work on /home/airflow/.local/lib/python3.12/site-packages/airflow/example_dags/example_local_kubernetes_executor.py
[2024-10-27T03:48:10.298+0000] {processor.py:914} INFO - Processing file /home/airflow/.local/lib/python3.12/site-packages/airflow/example_dags/example_local_kubernetes_executor.py for tasks to queue
[2024-10-27T03:48:10.302+0000] {logging_mixin.py:190} INFO - [2024-10-27T03:48:10.301+0000] {dagbag.py:588} INFO - Filling up the DagBag from /home/airflow/.local/lib/python3.12/site-packages/airflow/example_dags/example_local_kubernetes_executor.py
[2024-10-27T03:48:10.335+0000] {processor.py:925} INFO - DAG(s) 'example_local_kubernetes_executor' retrieved from /home/airflow/.local/lib/python3.12/site-packages/airflow/example_dags/example_local_kubernetes_executor.py
[2024-10-27T03:48:10.472+0000] {logging_mixin.py:190} INFO - [2024-10-27T03:48:10.472+0000] {dag.py:3239} INFO - Sync 1 DAGs
[2024-10-27T03:48:10.517+0000] {logging_mixin.py:190} INFO - [2024-10-27T03:48:10.516+0000] {dag.py:4180} INFO - Setting next_dagrun for example_local_kubernetes_executor to None, run_after=None
[2024-10-27T03:48:10.593+0000] {processor.py:208} INFO - Processing /home/airflow/.local/lib/python3.12/site-packages/airflow/example_dags/example_local_kubernetes_executor.py took 0.317 seconds
[2024-10-27T03:48:41.268+0000] {processor.py:186} INFO - Started process (PID=14364) to work on /home/airflow/.local/lib/python3.12/site-packages/airflow/example_dags/example_local_kubernetes_executor.py
[2024-10-27T03:48:41.269+0000] {processor.py:914} INFO - Processing file /home/airflow/.local/lib/python3.12/site-packages/airflow/example_dags/example_local_kubernetes_executor.py for tasks to queue
[2024-10-27T03:48:41.271+0000] {logging_mixin.py:190} INFO - [2024-10-27T03:48:41.271+0000] {dagbag.py:588} INFO - Filling up the DagBag from /home/airflow/.local/lib/python3.12/site-packages/airflow/example_dags/example_local_kubernetes_executor.py
[2024-10-27T03:48:41.281+0000] {processor.py:925} INFO - DAG(s) 'example_local_kubernetes_executor' retrieved from /home/airflow/.local/lib/python3.12/site-packages/airflow/example_dags/example_local_kubernetes_executor.py
[2024-10-27T03:48:41.314+0000] {logging_mixin.py:190} INFO - [2024-10-27T03:48:41.314+0000] {dag.py:3239} INFO - Sync 1 DAGs
[2024-10-27T03:48:41.327+0000] {logging_mixin.py:190} INFO - [2024-10-27T03:48:41.327+0000] {dag.py:4180} INFO - Setting next_dagrun for example_local_kubernetes_executor to None, run_after=None
[2024-10-27T03:48:41.346+0000] {processor.py:208} INFO - Processing /home/airflow/.local/lib/python3.12/site-packages/airflow/example_dags/example_local_kubernetes_executor.py took 0.084 seconds
[2024-10-27T03:49:11.507+0000] {processor.py:186} INFO - Started process (PID=14427) to work on /home/airflow/.local/lib/python3.12/site-packages/airflow/example_dags/example_local_kubernetes_executor.py
[2024-10-27T03:49:11.508+0000] {processor.py:914} INFO - Processing file /home/airflow/.local/lib/python3.12/site-packages/airflow/example_dags/example_local_kubernetes_executor.py for tasks to queue
[2024-10-27T03:49:11.509+0000] {logging_mixin.py:190} INFO - [2024-10-27T03:49:11.509+0000] {dagbag.py:588} INFO - Filling up the DagBag from /home/airflow/.local/lib/python3.12/site-packages/airflow/example_dags/example_local_kubernetes_executor.py
[2024-10-27T03:49:11.519+0000] {processor.py:925} INFO - DAG(s) 'example_local_kubernetes_executor' retrieved from /home/airflow/.local/lib/python3.12/site-packages/airflow/example_dags/example_local_kubernetes_executor.py
[2024-10-27T03:49:11.550+0000] {logging_mixin.py:190} INFO - [2024-10-27T03:49:11.549+0000] {dag.py:3239} INFO - Sync 1 DAGs
[2024-10-27T03:49:11.564+0000] {logging_mixin.py:190} INFO - [2024-10-27T03:49:11.563+0000] {dag.py:4180} INFO - Setting next_dagrun for example_local_kubernetes_executor to None, run_after=None
[2024-10-27T03:49:11.581+0000] {processor.py:208} INFO - Processing /home/airflow/.local/lib/python3.12/site-packages/airflow/example_dags/example_local_kubernetes_executor.py took 0.079 seconds
[2024-10-27T06:07:32.520+0000] {processor.py:186} INFO - Started process (PID=14437) to work on /home/airflow/.local/lib/python3.12/site-packages/airflow/example_dags/example_local_kubernetes_executor.py
[2024-10-27T06:07:32.529+0000] {processor.py:914} INFO - Processing file /home/airflow/.local/lib/python3.12/site-packages/airflow/example_dags/example_local_kubernetes_executor.py for tasks to queue
[2024-10-27T06:07:32.532+0000] {logging_mixin.py:190} INFO - [2024-10-27T06:07:32.531+0000] {dagbag.py:588} INFO - Filling up the DagBag from /home/airflow/.local/lib/python3.12/site-packages/airflow/example_dags/example_local_kubernetes_executor.py
[2024-10-27T06:07:32.555+0000] {processor.py:925} INFO - DAG(s) 'example_local_kubernetes_executor' retrieved from /home/airflow/.local/lib/python3.12/site-packages/airflow/example_dags/example_local_kubernetes_executor.py
[2024-10-27T06:07:32.617+0000] {logging_mixin.py:190} INFO - [2024-10-27T06:07:32.617+0000] {dag.py:3239} INFO - Sync 1 DAGs
[2024-10-27T06:07:32.655+0000] {logging_mixin.py:190} INFO - [2024-10-27T06:07:32.654+0000] {dag.py:4180} INFO - Setting next_dagrun for example_local_kubernetes_executor to None, run_after=None
[2024-10-27T06:07:32.694+0000] {processor.py:208} INFO - Processing /home/airflow/.local/lib/python3.12/site-packages/airflow/example_dags/example_local_kubernetes_executor.py took 0.183 seconds
[2024-10-27T06:08:03.088+0000] {processor.py:186} INFO - Started process (PID=14500) to work on /home/airflow/.local/lib/python3.12/site-packages/airflow/example_dags/example_local_kubernetes_executor.py
[2024-10-27T06:08:03.089+0000] {processor.py:914} INFO - Processing file /home/airflow/.local/lib/python3.12/site-packages/airflow/example_dags/example_local_kubernetes_executor.py for tasks to queue
[2024-10-27T06:08:03.091+0000] {logging_mixin.py:190} INFO - [2024-10-27T06:08:03.091+0000] {dagbag.py:588} INFO - Filling up the DagBag from /home/airflow/.local/lib/python3.12/site-packages/airflow/example_dags/example_local_kubernetes_executor.py
[2024-10-27T06:08:03.104+0000] {processor.py:925} INFO - DAG(s) 'example_local_kubernetes_executor' retrieved from /home/airflow/.local/lib/python3.12/site-packages/airflow/example_dags/example_local_kubernetes_executor.py
[2024-10-27T06:08:03.149+0000] {logging_mixin.py:190} INFO - [2024-10-27T06:08:03.149+0000] {dag.py:3239} INFO - Sync 1 DAGs
[2024-10-27T06:08:03.170+0000] {logging_mixin.py:190} INFO - [2024-10-27T06:08:03.170+0000] {dag.py:4180} INFO - Setting next_dagrun for example_local_kubernetes_executor to None, run_after=None
[2024-10-27T06:08:03.199+0000] {processor.py:208} INFO - Processing /home/airflow/.local/lib/python3.12/site-packages/airflow/example_dags/example_local_kubernetes_executor.py took 0.117 seconds
[2024-10-27T06:08:33.319+0000] {processor.py:186} INFO - Started process (PID=14563) to work on /home/airflow/.local/lib/python3.12/site-packages/airflow/example_dags/example_local_kubernetes_executor.py
[2024-10-27T06:08:33.320+0000] {processor.py:914} INFO - Processing file /home/airflow/.local/lib/python3.12/site-packages/airflow/example_dags/example_local_kubernetes_executor.py for tasks to queue
[2024-10-27T06:08:33.321+0000] {logging_mixin.py:190} INFO - [2024-10-27T06:08:33.321+0000] {dagbag.py:588} INFO - Filling up the DagBag from /home/airflow/.local/lib/python3.12/site-packages/airflow/example_dags/example_local_kubernetes_executor.py
[2024-10-27T06:08:33.330+0000] {processor.py:925} INFO - DAG(s) 'example_local_kubernetes_executor' retrieved from /home/airflow/.local/lib/python3.12/site-packages/airflow/example_dags/example_local_kubernetes_executor.py
[2024-10-27T06:08:33.362+0000] {logging_mixin.py:190} INFO - [2024-10-27T06:08:33.362+0000] {dag.py:3239} INFO - Sync 1 DAGs
[2024-10-27T06:08:33.375+0000] {logging_mixin.py:190} INFO - [2024-10-27T06:08:33.375+0000] {dag.py:4180} INFO - Setting next_dagrun for example_local_kubernetes_executor to None, run_after=None
[2024-10-27T06:08:33.394+0000] {processor.py:208} INFO - Processing /home/airflow/.local/lib/python3.12/site-packages/airflow/example_dags/example_local_kubernetes_executor.py took 0.080 seconds
[2024-10-27T06:09:03.831+0000] {processor.py:186} INFO - Started process (PID=14626) to work on /home/airflow/.local/lib/python3.12/site-packages/airflow/example_dags/example_local_kubernetes_executor.py
[2024-10-27T06:09:03.832+0000] {processor.py:914} INFO - Processing file /home/airflow/.local/lib/python3.12/site-packages/airflow/example_dags/example_local_kubernetes_executor.py for tasks to queue
[2024-10-27T06:09:03.833+0000] {logging_mixin.py:190} INFO - [2024-10-27T06:09:03.833+0000] {dagbag.py:588} INFO - Filling up the DagBag from /home/airflow/.local/lib/python3.12/site-packages/airflow/example_dags/example_local_kubernetes_executor.py
[2024-10-27T06:09:03.841+0000] {processor.py:925} INFO - DAG(s) 'example_local_kubernetes_executor' retrieved from /home/airflow/.local/lib/python3.12/site-packages/airflow/example_dags/example_local_kubernetes_executor.py
[2024-10-27T06:09:03.877+0000] {logging_mixin.py:190} INFO - [2024-10-27T06:09:03.877+0000] {dag.py:3239} INFO - Sync 1 DAGs
[2024-10-27T06:09:03.889+0000] {logging_mixin.py:190} INFO - [2024-10-27T06:09:03.888+0000] {dag.py:4180} INFO - Setting next_dagrun for example_local_kubernetes_executor to None, run_after=None
[2024-10-27T06:09:03.908+0000] {processor.py:208} INFO - Processing /home/airflow/.local/lib/python3.12/site-packages/airflow/example_dags/example_local_kubernetes_executor.py took 0.083 seconds
