[2024-10-27T03:48:16.395+0000] {processor.py:186} INFO - Started process (PID=14335) to work on /home/airflow/.local/lib/python3.12/site-packages/airflow/example_dags/example_external_task_marker_dag.py
[2024-10-27T03:48:16.396+0000] {processor.py:914} INFO - Processing file /home/airflow/.local/lib/python3.12/site-packages/airflow/example_dags/example_external_task_marker_dag.py for tasks to queue
[2024-10-27T03:48:16.398+0000] {logging_mixin.py:190} INFO - [2024-10-27T03:48:16.397+0000] {dagbag.py:588} INFO - Filling up the DagBag from /home/airflow/.local/lib/python3.12/site-packages/airflow/example_dags/example_external_task_marker_dag.py
[2024-10-27T03:48:16.407+0000] {processor.py:925} INFO - DAG(s) 'example_external_task_marker_parent', 'example_external_task_marker_child' retrieved from /home/airflow/.local/lib/python3.12/site-packages/airflow/example_dags/example_external_task_marker_dag.py
[2024-10-27T03:48:16.439+0000] {logging_mixin.py:190} INFO - [2024-10-27T03:48:16.439+0000] {dag.py:3239} INFO - Sync 2 DAGs
[2024-10-27T03:48:16.462+0000] {logging_mixin.py:190} INFO - [2024-10-27T03:48:16.462+0000] {dag.py:4180} INFO - Setting next_dagrun for example_external_task_marker_child to None, run_after=None
[2024-10-27T03:48:16.471+0000] {logging_mixin.py:190} INFO - [2024-10-27T03:48:16.470+0000] {dag.py:4180} INFO - Setting next_dagrun for example_external_task_marker_parent to None, run_after=None
[2024-10-27T03:48:16.499+0000] {processor.py:208} INFO - Processing /home/airflow/.local/lib/python3.12/site-packages/airflow/example_dags/example_external_task_marker_dag.py took 0.112 seconds
[2024-10-27T03:48:47.150+0000] {processor.py:186} INFO - Started process (PID=14398) to work on /home/airflow/.local/lib/python3.12/site-packages/airflow/example_dags/example_external_task_marker_dag.py
[2024-10-27T03:48:47.151+0000] {processor.py:914} INFO - Processing file /home/airflow/.local/lib/python3.12/site-packages/airflow/example_dags/example_external_task_marker_dag.py for tasks to queue
[2024-10-27T03:48:47.153+0000] {logging_mixin.py:190} INFO - [2024-10-27T03:48:47.153+0000] {dagbag.py:588} INFO - Filling up the DagBag from /home/airflow/.local/lib/python3.12/site-packages/airflow/example_dags/example_external_task_marker_dag.py
[2024-10-27T03:48:47.159+0000] {processor.py:925} INFO - DAG(s) 'example_external_task_marker_parent', 'example_external_task_marker_child' retrieved from /home/airflow/.local/lib/python3.12/site-packages/airflow/example_dags/example_external_task_marker_dag.py
[2024-10-27T03:48:47.183+0000] {logging_mixin.py:190} INFO - [2024-10-27T03:48:47.183+0000] {dag.py:3239} INFO - Sync 2 DAGs
[2024-10-27T03:48:47.197+0000] {logging_mixin.py:190} INFO - [2024-10-27T03:48:47.197+0000] {dag.py:4180} INFO - Setting next_dagrun for example_external_task_marker_child to None, run_after=None
[2024-10-27T03:48:47.201+0000] {logging_mixin.py:190} INFO - [2024-10-27T03:48:47.201+0000] {dag.py:4180} INFO - Setting next_dagrun for example_external_task_marker_parent to None, run_after=None
[2024-10-27T03:48:47.220+0000] {processor.py:208} INFO - Processing /home/airflow/.local/lib/python3.12/site-packages/airflow/example_dags/example_external_task_marker_dag.py took 0.075 seconds
[2024-10-27T06:07:37.335+0000] {processor.py:186} INFO - Started process (PID=14469) to work on /home/airflow/.local/lib/python3.12/site-packages/airflow/example_dags/example_external_task_marker_dag.py
[2024-10-27T06:07:37.336+0000] {processor.py:914} INFO - Processing file /home/airflow/.local/lib/python3.12/site-packages/airflow/example_dags/example_external_task_marker_dag.py for tasks to queue
[2024-10-27T06:07:37.338+0000] {logging_mixin.py:190} INFO - [2024-10-27T06:07:37.338+0000] {dagbag.py:588} INFO - Filling up the DagBag from /home/airflow/.local/lib/python3.12/site-packages/airflow/example_dags/example_external_task_marker_dag.py
[2024-10-27T06:07:37.347+0000] {processor.py:925} INFO - DAG(s) 'example_external_task_marker_parent', 'example_external_task_marker_child' retrieved from /home/airflow/.local/lib/python3.12/site-packages/airflow/example_dags/example_external_task_marker_dag.py
[2024-10-27T06:07:37.371+0000] {logging_mixin.py:190} INFO - [2024-10-27T06:07:37.370+0000] {dag.py:3239} INFO - Sync 2 DAGs
[2024-10-27T06:07:37.390+0000] {logging_mixin.py:190} INFO - [2024-10-27T06:07:37.389+0000] {dag.py:4180} INFO - Setting next_dagrun for example_external_task_marker_child to None, run_after=None
[2024-10-27T06:07:37.394+0000] {logging_mixin.py:190} INFO - [2024-10-27T06:07:37.393+0000] {dag.py:4180} INFO - Setting next_dagrun for example_external_task_marker_parent to None, run_after=None
[2024-10-27T06:07:37.413+0000] {processor.py:208} INFO - Processing /home/airflow/.local/lib/python3.12/site-packages/airflow/example_dags/example_external_task_marker_dag.py took 0.084 seconds
[2024-10-27T06:08:07.743+0000] {processor.py:186} INFO - Started process (PID=14532) to work on /home/airflow/.local/lib/python3.12/site-packages/airflow/example_dags/example_external_task_marker_dag.py
[2024-10-27T06:08:07.744+0000] {processor.py:914} INFO - Processing file /home/airflow/.local/lib/python3.12/site-packages/airflow/example_dags/example_external_task_marker_dag.py for tasks to queue
[2024-10-27T06:08:07.746+0000] {logging_mixin.py:190} INFO - [2024-10-27T06:08:07.745+0000] {dagbag.py:588} INFO - Filling up the DagBag from /home/airflow/.local/lib/python3.12/site-packages/airflow/example_dags/example_external_task_marker_dag.py
[2024-10-27T06:08:07.754+0000] {processor.py:925} INFO - DAG(s) 'example_external_task_marker_parent', 'example_external_task_marker_child' retrieved from /home/airflow/.local/lib/python3.12/site-packages/airflow/example_dags/example_external_task_marker_dag.py
[2024-10-27T06:08:07.777+0000] {logging_mixin.py:190} INFO - [2024-10-27T06:08:07.776+0000] {dag.py:3239} INFO - Sync 2 DAGs
[2024-10-27T06:08:07.791+0000] {logging_mixin.py:190} INFO - [2024-10-27T06:08:07.791+0000] {dag.py:4180} INFO - Setting next_dagrun for example_external_task_marker_child to None, run_after=None
[2024-10-27T06:08:07.795+0000] {logging_mixin.py:190} INFO - [2024-10-27T06:08:07.795+0000] {dag.py:4180} INFO - Setting next_dagrun for example_external_task_marker_parent to None, run_after=None
[2024-10-27T06:08:07.812+0000] {processor.py:208} INFO - Processing /home/airflow/.local/lib/python3.12/site-packages/airflow/example_dags/example_external_task_marker_dag.py took 0.074 seconds
[2024-10-27T06:08:38.316+0000] {processor.py:186} INFO - Started process (PID=14595) to work on /home/airflow/.local/lib/python3.12/site-packages/airflow/example_dags/example_external_task_marker_dag.py
[2024-10-27T06:08:38.317+0000] {processor.py:914} INFO - Processing file /home/airflow/.local/lib/python3.12/site-packages/airflow/example_dags/example_external_task_marker_dag.py for tasks to queue
[2024-10-27T06:08:38.319+0000] {logging_mixin.py:190} INFO - [2024-10-27T06:08:38.318+0000] {dagbag.py:588} INFO - Filling up the DagBag from /home/airflow/.local/lib/python3.12/site-packages/airflow/example_dags/example_external_task_marker_dag.py
[2024-10-27T06:08:38.327+0000] {processor.py:925} INFO - DAG(s) 'example_external_task_marker_parent', 'example_external_task_marker_child' retrieved from /home/airflow/.local/lib/python3.12/site-packages/airflow/example_dags/example_external_task_marker_dag.py
[2024-10-27T06:08:38.351+0000] {logging_mixin.py:190} INFO - [2024-10-27T06:08:38.350+0000] {dag.py:3239} INFO - Sync 2 DAGs
[2024-10-27T06:08:38.365+0000] {logging_mixin.py:190} INFO - [2024-10-27T06:08:38.365+0000] {dag.py:4180} INFO - Setting next_dagrun for example_external_task_marker_child to None, run_after=None
[2024-10-27T06:08:38.369+0000] {logging_mixin.py:190} INFO - [2024-10-27T06:08:38.369+0000] {dag.py:4180} INFO - Setting next_dagrun for example_external_task_marker_parent to None, run_after=None
[2024-10-27T06:08:38.386+0000] {processor.py:208} INFO - Processing /home/airflow/.local/lib/python3.12/site-packages/airflow/example_dags/example_external_task_marker_dag.py took 0.077 seconds
