[2024-10-27T03:48:17.877+0000] {processor.py:186} INFO - Started process (PID=14346) to work on /home/airflow/.local/lib/python3.12/site-packages/airflow/example_dags/example_latest_only.py
[2024-10-27T03:48:17.878+0000] {processor.py:914} INFO - Processing file /home/airflow/.local/lib/python3.12/site-packages/airflow/example_dags/example_latest_only.py for tasks to queue
[2024-10-27T03:48:17.881+0000] {logging_mixin.py:190} INFO - [2024-10-27T03:48:17.880+0000] {dagbag.py:588} INFO - Filling up the DagBag from /home/airflow/.local/lib/python3.12/site-packages/airflow/example_dags/example_latest_only.py
[2024-10-27T03:48:17.898+0000] {processor.py:925} INFO - DAG(s) 'latest_only' retrieved from /home/airflow/.local/lib/python3.12/site-packages/airflow/example_dags/example_latest_only.py
[2024-10-27T03:48:17.931+0000] {logging_mixin.py:190} INFO - [2024-10-27T03:48:17.931+0000] {dag.py:3239} INFO - Sync 1 DAGs
[2024-10-27T03:48:17.970+0000] {logging_mixin.py:190} INFO - [2024-10-27T03:48:17.970+0000] {dag.py:4180} INFO - Setting next_dagrun for latest_only to 2024-10-26 20:00:00+00:00, run_after=2024-10-27 00:00:00+00:00
[2024-10-27T03:48:18.036+0000] {processor.py:208} INFO - Processing /home/airflow/.local/lib/python3.12/site-packages/airflow/example_dags/example_latest_only.py took 0.172 seconds
[2024-10-27T03:48:48.917+0000] {processor.py:186} INFO - Started process (PID=14409) to work on /home/airflow/.local/lib/python3.12/site-packages/airflow/example_dags/example_latest_only.py
[2024-10-27T03:48:48.918+0000] {processor.py:914} INFO - Processing file /home/airflow/.local/lib/python3.12/site-packages/airflow/example_dags/example_latest_only.py for tasks to queue
[2024-10-27T03:48:48.920+0000] {logging_mixin.py:190} INFO - [2024-10-27T03:48:48.919+0000] {dagbag.py:588} INFO - Filling up the DagBag from /home/airflow/.local/lib/python3.12/site-packages/airflow/example_dags/example_latest_only.py
[2024-10-27T03:48:48.927+0000] {processor.py:925} INFO - DAG(s) 'latest_only' retrieved from /home/airflow/.local/lib/python3.12/site-packages/airflow/example_dags/example_latest_only.py
[2024-10-27T03:48:48.946+0000] {logging_mixin.py:190} INFO - [2024-10-27T03:48:48.946+0000] {dag.py:3239} INFO - Sync 1 DAGs
[2024-10-27T03:48:48.965+0000] {logging_mixin.py:190} INFO - [2024-10-27T03:48:48.965+0000] {dag.py:4180} INFO - Setting next_dagrun for latest_only to 2024-10-26 20:00:00+00:00, run_after=2024-10-27 00:00:00+00:00
[2024-10-27T03:48:48.985+0000] {processor.py:208} INFO - Processing /home/airflow/.local/lib/python3.12/site-packages/airflow/example_dags/example_latest_only.py took 0.073 seconds
[2024-10-27T06:07:38.293+0000] {processor.py:186} INFO - Started process (PID=14480) to work on /home/airflow/.local/lib/python3.12/site-packages/airflow/example_dags/example_latest_only.py
[2024-10-27T06:07:38.294+0000] {processor.py:914} INFO - Processing file /home/airflow/.local/lib/python3.12/site-packages/airflow/example_dags/example_latest_only.py for tasks to queue
[2024-10-27T06:07:38.295+0000] {logging_mixin.py:190} INFO - [2024-10-27T06:07:38.295+0000] {dagbag.py:588} INFO - Filling up the DagBag from /home/airflow/.local/lib/python3.12/site-packages/airflow/example_dags/example_latest_only.py
[2024-10-27T06:07:38.303+0000] {processor.py:925} INFO - DAG(s) 'latest_only' retrieved from /home/airflow/.local/lib/python3.12/site-packages/airflow/example_dags/example_latest_only.py
[2024-10-27T06:07:38.327+0000] {logging_mixin.py:190} INFO - [2024-10-27T06:07:38.327+0000] {dag.py:3239} INFO - Sync 1 DAGs
[2024-10-27T06:07:38.351+0000] {logging_mixin.py:190} INFO - [2024-10-27T06:07:38.350+0000] {dag.py:4180} INFO - Setting next_dagrun for latest_only to 2024-10-27 00:00:00+00:00, run_after=2024-10-27 04:00:00+00:00
[2024-10-27T06:07:38.371+0000] {processor.py:208} INFO - Processing /home/airflow/.local/lib/python3.12/site-packages/airflow/example_dags/example_latest_only.py took 0.083 seconds
[2024-10-27T06:08:08.454+0000] {processor.py:186} INFO - Started process (PID=14543) to work on /home/airflow/.local/lib/python3.12/site-packages/airflow/example_dags/example_latest_only.py
[2024-10-27T06:08:08.455+0000] {processor.py:914} INFO - Processing file /home/airflow/.local/lib/python3.12/site-packages/airflow/example_dags/example_latest_only.py for tasks to queue
[2024-10-27T06:08:08.457+0000] {logging_mixin.py:190} INFO - [2024-10-27T06:08:08.457+0000] {dagbag.py:588} INFO - Filling up the DagBag from /home/airflow/.local/lib/python3.12/site-packages/airflow/example_dags/example_latest_only.py
[2024-10-27T06:08:08.465+0000] {processor.py:925} INFO - DAG(s) 'latest_only' retrieved from /home/airflow/.local/lib/python3.12/site-packages/airflow/example_dags/example_latest_only.py
[2024-10-27T06:08:08.484+0000] {logging_mixin.py:190} INFO - [2024-10-27T06:08:08.484+0000] {dag.py:3239} INFO - Sync 1 DAGs
[2024-10-27T06:08:08.505+0000] {logging_mixin.py:190} INFO - [2024-10-27T06:08:08.505+0000] {dag.py:4180} INFO - Setting next_dagrun for latest_only to 2024-10-27 00:00:00+00:00, run_after=2024-10-27 04:00:00+00:00
[2024-10-27T06:08:08.524+0000] {processor.py:208} INFO - Processing /home/airflow/.local/lib/python3.12/site-packages/airflow/example_dags/example_latest_only.py took 0.075 seconds
[2024-10-27T06:08:39.126+0000] {processor.py:186} INFO - Started process (PID=14606) to work on /home/airflow/.local/lib/python3.12/site-packages/airflow/example_dags/example_latest_only.py
[2024-10-27T06:08:39.127+0000] {processor.py:914} INFO - Processing file /home/airflow/.local/lib/python3.12/site-packages/airflow/example_dags/example_latest_only.py for tasks to queue
[2024-10-27T06:08:39.129+0000] {logging_mixin.py:190} INFO - [2024-10-27T06:08:39.128+0000] {dagbag.py:588} INFO - Filling up the DagBag from /home/airflow/.local/lib/python3.12/site-packages/airflow/example_dags/example_latest_only.py
[2024-10-27T06:08:39.136+0000] {processor.py:925} INFO - DAG(s) 'latest_only' retrieved from /home/airflow/.local/lib/python3.12/site-packages/airflow/example_dags/example_latest_only.py
[2024-10-27T06:08:39.154+0000] {logging_mixin.py:190} INFO - [2024-10-27T06:08:39.154+0000] {dag.py:3239} INFO - Sync 1 DAGs
[2024-10-27T06:08:39.172+0000] {logging_mixin.py:190} INFO - [2024-10-27T06:08:39.172+0000] {dag.py:4180} INFO - Setting next_dagrun for latest_only to 2024-10-27 00:00:00+00:00, run_after=2024-10-27 04:00:00+00:00
[2024-10-27T06:08:39.194+0000] {processor.py:208} INFO - Processing /home/airflow/.local/lib/python3.12/site-packages/airflow/example_dags/example_latest_only.py took 0.074 seconds
