[2024-10-27T03:48:13.153+0000] {processor.py:186} INFO - Started process (PID=14313) to work on /home/airflow/.local/lib/python3.12/site-packages/airflow/example_dags/example_datasets.py
[2024-10-27T03:48:13.157+0000] {processor.py:914} INFO - Processing file /home/airflow/.local/lib/python3.12/site-packages/airflow/example_dags/example_datasets.py for tasks to queue
[2024-10-27T03:48:13.160+0000] {logging_mixin.py:190} INFO - [2024-10-27T03:48:13.160+0000] {dagbag.py:588} INFO - Filling up the DagBag from /home/airflow/.local/lib/python3.12/site-packages/airflow/example_dags/example_datasets.py
[2024-10-27T03:48:13.716+0000] {processor.py:925} INFO - DAG(s) 'consume_1_or_2_with_dataset_expressions', 'dataset_consumes_unknown_never_scheduled', 'dataset_consumes_1_never_scheduled', 'conditional_dataset_and_time_based_timetable', 'dataset_consumes_1_and_2', 'consume_1_and_2_with_dataset_expressions', 'dataset_consumes_1', 'dataset_produces_2', 'consume_1_or_both_2_and_3_with_dataset_expressions', 'dataset_produces_1' retrieved from /home/airflow/.local/lib/python3.12/site-packages/airflow/example_dags/example_datasets.py
[2024-10-27T03:48:13.799+0000] {logging_mixin.py:190} INFO - [2024-10-27T03:48:13.799+0000] {dag.py:3239} INFO - Sync 10 DAGs
[2024-10-27T03:48:13.856+0000] {logging_mixin.py:190} INFO - [2024-10-27T03:48:13.856+0000] {dag.py:4180} INFO - Setting next_dagrun for conditional_dataset_and_time_based_timetable to 2024-10-23 01:00:00+00:00, run_after=2024-10-23 01:00:00+00:00
[2024-10-27T03:48:13.871+0000] {logging_mixin.py:190} INFO - [2024-10-27T03:48:13.871+0000] {dag.py:4180} INFO - Setting next_dagrun for consume_1_and_2_with_dataset_expressions to None, run_after=None
[2024-10-27T03:48:13.875+0000] {logging_mixin.py:190} INFO - [2024-10-27T03:48:13.874+0000] {dag.py:4180} INFO - Setting next_dagrun for consume_1_or_2_with_dataset_expressions to None, run_after=None
[2024-10-27T03:48:13.877+0000] {logging_mixin.py:190} INFO - [2024-10-27T03:48:13.877+0000] {dag.py:4180} INFO - Setting next_dagrun for consume_1_or_both_2_and_3_with_dataset_expressions to None, run_after=None
[2024-10-27T03:48:13.880+0000] {logging_mixin.py:190} INFO - [2024-10-27T03:48:13.879+0000] {dag.py:4180} INFO - Setting next_dagrun for dataset_consumes_1 to None, run_after=None
[2024-10-27T03:48:13.882+0000] {logging_mixin.py:190} INFO - [2024-10-27T03:48:13.882+0000] {dag.py:4180} INFO - Setting next_dagrun for dataset_consumes_1_and_2 to None, run_after=None
[2024-10-27T03:48:13.895+0000] {logging_mixin.py:190} INFO - [2024-10-27T03:48:13.895+0000] {dag.py:4180} INFO - Setting next_dagrun for dataset_consumes_1_never_scheduled to None, run_after=None
[2024-10-27T03:48:13.898+0000] {logging_mixin.py:190} INFO - [2024-10-27T03:48:13.897+0000] {dag.py:4180} INFO - Setting next_dagrun for dataset_consumes_unknown_never_scheduled to None, run_after=None
[2024-10-27T03:48:13.902+0000] {logging_mixin.py:190} INFO - [2024-10-27T03:48:13.902+0000] {dag.py:4180} INFO - Setting next_dagrun for dataset_produces_1 to 2024-10-26 00:00:00+00:00, run_after=2024-10-27 00:00:00+00:00
[2024-10-27T03:48:13.905+0000] {logging_mixin.py:190} INFO - [2024-10-27T03:48:13.905+0000] {dag.py:4180} INFO - Setting next_dagrun for dataset_produces_2 to None, run_after=None
[2024-10-27T03:48:13.982+0000] {processor.py:208} INFO - Processing /home/airflow/.local/lib/python3.12/site-packages/airflow/example_dags/example_datasets.py took 0.841 seconds
[2024-10-27T03:48:44.504+0000] {processor.py:186} INFO - Started process (PID=14377) to work on /home/airflow/.local/lib/python3.12/site-packages/airflow/example_dags/example_datasets.py
[2024-10-27T03:48:44.505+0000] {processor.py:914} INFO - Processing file /home/airflow/.local/lib/python3.12/site-packages/airflow/example_dags/example_datasets.py for tasks to queue
[2024-10-27T03:48:44.506+0000] {logging_mixin.py:190} INFO - [2024-10-27T03:48:44.506+0000] {dagbag.py:588} INFO - Filling up the DagBag from /home/airflow/.local/lib/python3.12/site-packages/airflow/example_dags/example_datasets.py
[2024-10-27T03:48:44.792+0000] {processor.py:925} INFO - DAG(s) 'dataset_consumes_1_never_scheduled', 'dataset_consumes_unknown_never_scheduled', 'consume_1_or_both_2_and_3_with_dataset_expressions', 'dataset_consumes_1_and_2', 'consume_1_and_2_with_dataset_expressions', 'consume_1_or_2_with_dataset_expressions', 'dataset_produces_2', 'conditional_dataset_and_time_based_timetable', 'dataset_produces_1', 'dataset_consumes_1' retrieved from /home/airflow/.local/lib/python3.12/site-packages/airflow/example_dags/example_datasets.py
[2024-10-27T03:48:44.833+0000] {logging_mixin.py:190} INFO - [2024-10-27T03:48:44.833+0000] {dag.py:3239} INFO - Sync 10 DAGs
[2024-10-27T03:48:44.854+0000] {logging_mixin.py:190} INFO - [2024-10-27T03:48:44.854+0000] {dag.py:4180} INFO - Setting next_dagrun for conditional_dataset_and_time_based_timetable to 2024-10-23 01:00:00+00:00, run_after=2024-10-23 01:00:00+00:00
[2024-10-27T03:48:44.857+0000] {logging_mixin.py:190} INFO - [2024-10-27T03:48:44.857+0000] {dag.py:4180} INFO - Setting next_dagrun for consume_1_and_2_with_dataset_expressions to None, run_after=None
[2024-10-27T03:48:44.859+0000] {logging_mixin.py:190} INFO - [2024-10-27T03:48:44.859+0000] {dag.py:4180} INFO - Setting next_dagrun for consume_1_or_2_with_dataset_expressions to None, run_after=None
[2024-10-27T03:48:44.861+0000] {logging_mixin.py:190} INFO - [2024-10-27T03:48:44.861+0000] {dag.py:4180} INFO - Setting next_dagrun for consume_1_or_both_2_and_3_with_dataset_expressions to None, run_after=None
[2024-10-27T03:48:44.863+0000] {logging_mixin.py:190} INFO - [2024-10-27T03:48:44.862+0000] {dag.py:4180} INFO - Setting next_dagrun for dataset_consumes_1 to None, run_after=None
[2024-10-27T03:48:44.864+0000] {logging_mixin.py:190} INFO - [2024-10-27T03:48:44.864+0000] {dag.py:4180} INFO - Setting next_dagrun for dataset_consumes_1_and_2 to None, run_after=None
[2024-10-27T03:48:44.865+0000] {logging_mixin.py:190} INFO - [2024-10-27T03:48:44.865+0000] {dag.py:4180} INFO - Setting next_dagrun for dataset_consumes_1_never_scheduled to None, run_after=None
[2024-10-27T03:48:44.867+0000] {logging_mixin.py:190} INFO - [2024-10-27T03:48:44.867+0000] {dag.py:4180} INFO - Setting next_dagrun for dataset_consumes_unknown_never_scheduled to None, run_after=None
[2024-10-27T03:48:44.869+0000] {logging_mixin.py:190} INFO - [2024-10-27T03:48:44.869+0000] {dag.py:4180} INFO - Setting next_dagrun for dataset_produces_1 to 2024-10-26 00:00:00+00:00, run_after=2024-10-27 00:00:00+00:00
[2024-10-27T03:48:44.871+0000] {logging_mixin.py:190} INFO - [2024-10-27T03:48:44.870+0000] {dag.py:4180} INFO - Setting next_dagrun for dataset_produces_2 to None, run_after=None
[2024-10-27T03:48:44.908+0000] {processor.py:208} INFO - Processing /home/airflow/.local/lib/python3.12/site-packages/airflow/example_dags/example_datasets.py took 0.409 seconds
[2024-10-27T06:07:34.198+0000] {processor.py:186} INFO - Started process (PID=14447) to work on /home/airflow/.local/lib/python3.12/site-packages/airflow/example_dags/example_datasets.py
[2024-10-27T06:07:34.200+0000] {processor.py:914} INFO - Processing file /home/airflow/.local/lib/python3.12/site-packages/airflow/example_dags/example_datasets.py for tasks to queue
[2024-10-27T06:07:34.203+0000] {logging_mixin.py:190} INFO - [2024-10-27T06:07:34.202+0000] {dagbag.py:588} INFO - Filling up the DagBag from /home/airflow/.local/lib/python3.12/site-packages/airflow/example_dags/example_datasets.py
[2024-10-27T06:07:34.587+0000] {processor.py:925} INFO - DAG(s) 'consume_1_or_both_2_and_3_with_dataset_expressions', 'consume_1_or_2_with_dataset_expressions', 'dataset_consumes_unknown_never_scheduled', 'conditional_dataset_and_time_based_timetable', 'dataset_produces_1', 'dataset_produces_2', 'dataset_consumes_1_and_2', 'consume_1_and_2_with_dataset_expressions', 'dataset_consumes_1_never_scheduled', 'dataset_consumes_1' retrieved from /home/airflow/.local/lib/python3.12/site-packages/airflow/example_dags/example_datasets.py
[2024-10-27T06:07:34.629+0000] {logging_mixin.py:190} INFO - [2024-10-27T06:07:34.629+0000] {dag.py:3239} INFO - Sync 10 DAGs
[2024-10-27T06:07:34.659+0000] {logging_mixin.py:190} INFO - [2024-10-27T06:07:34.658+0000] {dag.py:4180} INFO - Setting next_dagrun for conditional_dataset_and_time_based_timetable to 2024-10-23 01:00:00+00:00, run_after=2024-10-23 01:00:00+00:00
[2024-10-27T06:07:34.663+0000] {logging_mixin.py:190} INFO - [2024-10-27T06:07:34.663+0000] {dag.py:4180} INFO - Setting next_dagrun for consume_1_and_2_with_dataset_expressions to None, run_after=None
[2024-10-27T06:07:34.669+0000] {logging_mixin.py:190} INFO - [2024-10-27T06:07:34.669+0000] {dag.py:4180} INFO - Setting next_dagrun for consume_1_or_2_with_dataset_expressions to None, run_after=None
[2024-10-27T06:07:34.671+0000] {logging_mixin.py:190} INFO - [2024-10-27T06:07:34.670+0000] {dag.py:4180} INFO - Setting next_dagrun for consume_1_or_both_2_and_3_with_dataset_expressions to None, run_after=None
[2024-10-27T06:07:34.672+0000] {logging_mixin.py:190} INFO - [2024-10-27T06:07:34.672+0000] {dag.py:4180} INFO - Setting next_dagrun for dataset_consumes_1 to None, run_after=None
[2024-10-27T06:07:34.674+0000] {logging_mixin.py:190} INFO - [2024-10-27T06:07:34.674+0000] {dag.py:4180} INFO - Setting next_dagrun for dataset_consumes_1_and_2 to None, run_after=None
[2024-10-27T06:07:34.676+0000] {logging_mixin.py:190} INFO - [2024-10-27T06:07:34.676+0000] {dag.py:4180} INFO - Setting next_dagrun for dataset_consumes_1_never_scheduled to None, run_after=None
[2024-10-27T06:07:34.677+0000] {logging_mixin.py:190} INFO - [2024-10-27T06:07:34.677+0000] {dag.py:4180} INFO - Setting next_dagrun for dataset_consumes_unknown_never_scheduled to None, run_after=None
[2024-10-27T06:07:34.680+0000] {logging_mixin.py:190} INFO - [2024-10-27T06:07:34.680+0000] {dag.py:4180} INFO - Setting next_dagrun for dataset_produces_1 to 2024-10-26 00:00:00+00:00, run_after=2024-10-27 00:00:00+00:00
[2024-10-27T06:07:34.682+0000] {logging_mixin.py:190} INFO - [2024-10-27T06:07:34.682+0000] {dag.py:4180} INFO - Setting next_dagrun for dataset_produces_2 to None, run_after=None
[2024-10-27T06:07:34.718+0000] {processor.py:208} INFO - Processing /home/airflow/.local/lib/python3.12/site-packages/airflow/example_dags/example_datasets.py took 0.527 seconds
[2024-10-27T06:08:05.005+0000] {processor.py:186} INFO - Started process (PID=14510) to work on /home/airflow/.local/lib/python3.12/site-packages/airflow/example_dags/example_datasets.py
[2024-10-27T06:08:05.007+0000] {processor.py:914} INFO - Processing file /home/airflow/.local/lib/python3.12/site-packages/airflow/example_dags/example_datasets.py for tasks to queue
[2024-10-27T06:08:05.008+0000] {logging_mixin.py:190} INFO - [2024-10-27T06:08:05.008+0000] {dagbag.py:588} INFO - Filling up the DagBag from /home/airflow/.local/lib/python3.12/site-packages/airflow/example_dags/example_datasets.py
[2024-10-27T06:08:05.337+0000] {processor.py:925} INFO - DAG(s) 'dataset_consumes_1_never_scheduled', 'dataset_consumes_unknown_never_scheduled', 'conditional_dataset_and_time_based_timetable', 'dataset_consumes_1', 'dataset_consumes_1_and_2', 'dataset_produces_2', 'consume_1_or_both_2_and_3_with_dataset_expressions', 'dataset_produces_1', 'consume_1_and_2_with_dataset_expressions', 'consume_1_or_2_with_dataset_expressions' retrieved from /home/airflow/.local/lib/python3.12/site-packages/airflow/example_dags/example_datasets.py
[2024-10-27T06:08:05.377+0000] {logging_mixin.py:190} INFO - [2024-10-27T06:08:05.377+0000] {dag.py:3239} INFO - Sync 10 DAGs
[2024-10-27T06:08:05.405+0000] {logging_mixin.py:190} INFO - [2024-10-27T06:08:05.405+0000] {dag.py:4180} INFO - Setting next_dagrun for conditional_dataset_and_time_based_timetable to 2024-10-23 01:00:00+00:00, run_after=2024-10-23 01:00:00+00:00
[2024-10-27T06:08:05.409+0000] {logging_mixin.py:190} INFO - [2024-10-27T06:08:05.409+0000] {dag.py:4180} INFO - Setting next_dagrun for consume_1_and_2_with_dataset_expressions to None, run_after=None
[2024-10-27T06:08:05.411+0000] {logging_mixin.py:190} INFO - [2024-10-27T06:08:05.411+0000] {dag.py:4180} INFO - Setting next_dagrun for consume_1_or_2_with_dataset_expressions to None, run_after=None
[2024-10-27T06:08:05.413+0000] {logging_mixin.py:190} INFO - [2024-10-27T06:08:05.412+0000] {dag.py:4180} INFO - Setting next_dagrun for consume_1_or_both_2_and_3_with_dataset_expressions to None, run_after=None
[2024-10-27T06:08:05.414+0000] {logging_mixin.py:190} INFO - [2024-10-27T06:08:05.414+0000] {dag.py:4180} INFO - Setting next_dagrun for dataset_consumes_1 to None, run_after=None
[2024-10-27T06:08:05.415+0000] {logging_mixin.py:190} INFO - [2024-10-27T06:08:05.415+0000] {dag.py:4180} INFO - Setting next_dagrun for dataset_consumes_1_and_2 to None, run_after=None
[2024-10-27T06:08:05.417+0000] {logging_mixin.py:190} INFO - [2024-10-27T06:08:05.417+0000] {dag.py:4180} INFO - Setting next_dagrun for dataset_consumes_1_never_scheduled to None, run_after=None
[2024-10-27T06:08:05.418+0000] {logging_mixin.py:190} INFO - [2024-10-27T06:08:05.418+0000] {dag.py:4180} INFO - Setting next_dagrun for dataset_consumes_unknown_never_scheduled to None, run_after=None
[2024-10-27T06:08:05.420+0000] {logging_mixin.py:190} INFO - [2024-10-27T06:08:05.420+0000] {dag.py:4180} INFO - Setting next_dagrun for dataset_produces_1 to 2024-10-26 00:00:00+00:00, run_after=2024-10-27 00:00:00+00:00
[2024-10-27T06:08:05.421+0000] {logging_mixin.py:190} INFO - [2024-10-27T06:08:05.421+0000] {dag.py:4180} INFO - Setting next_dagrun for dataset_produces_2 to None, run_after=None
[2024-10-27T06:08:05.457+0000] {processor.py:208} INFO - Processing /home/airflow/.local/lib/python3.12/site-packages/airflow/example_dags/example_datasets.py took 0.458 seconds
[2024-10-27T06:08:35.700+0000] {processor.py:186} INFO - Started process (PID=14576) to work on /home/airflow/.local/lib/python3.12/site-packages/airflow/example_dags/example_datasets.py
[2024-10-27T06:08:35.701+0000] {processor.py:914} INFO - Processing file /home/airflow/.local/lib/python3.12/site-packages/airflow/example_dags/example_datasets.py for tasks to queue
[2024-10-27T06:08:35.703+0000] {logging_mixin.py:190} INFO - [2024-10-27T06:08:35.702+0000] {dagbag.py:588} INFO - Filling up the DagBag from /home/airflow/.local/lib/python3.12/site-packages/airflow/example_dags/example_datasets.py
[2024-10-27T06:08:35.963+0000] {processor.py:925} INFO - DAG(s) 'dataset_consumes_unknown_never_scheduled', 'dataset_produces_2', 'consume_1_and_2_with_dataset_expressions', 'consume_1_or_2_with_dataset_expressions', 'conditional_dataset_and_time_based_timetable', 'dataset_consumes_1_never_scheduled', 'consume_1_or_both_2_and_3_with_dataset_expressions', 'dataset_consumes_1', 'dataset_consumes_1_and_2', 'dataset_produces_1' retrieved from /home/airflow/.local/lib/python3.12/site-packages/airflow/example_dags/example_datasets.py
[2024-10-27T06:08:36.001+0000] {logging_mixin.py:190} INFO - [2024-10-27T06:08:36.000+0000] {dag.py:3239} INFO - Sync 10 DAGs
[2024-10-27T06:08:36.023+0000] {logging_mixin.py:190} INFO - [2024-10-27T06:08:36.023+0000] {dag.py:4180} INFO - Setting next_dagrun for conditional_dataset_and_time_based_timetable to 2024-10-23 01:00:00+00:00, run_after=2024-10-23 01:00:00+00:00
[2024-10-27T06:08:36.027+0000] {logging_mixin.py:190} INFO - [2024-10-27T06:08:36.027+0000] {dag.py:4180} INFO - Setting next_dagrun for consume_1_and_2_with_dataset_expressions to None, run_after=None
[2024-10-27T06:08:36.029+0000] {logging_mixin.py:190} INFO - [2024-10-27T06:08:36.029+0000] {dag.py:4180} INFO - Setting next_dagrun for consume_1_or_2_with_dataset_expressions to None, run_after=None
[2024-10-27T06:08:36.031+0000] {logging_mixin.py:190} INFO - [2024-10-27T06:08:36.030+0000] {dag.py:4180} INFO - Setting next_dagrun for consume_1_or_both_2_and_3_with_dataset_expressions to None, run_after=None
[2024-10-27T06:08:36.032+0000] {logging_mixin.py:190} INFO - [2024-10-27T06:08:36.032+0000] {dag.py:4180} INFO - Setting next_dagrun for dataset_consumes_1 to None, run_after=None
[2024-10-27T06:08:36.034+0000] {logging_mixin.py:190} INFO - [2024-10-27T06:08:36.034+0000] {dag.py:4180} INFO - Setting next_dagrun for dataset_consumes_1_and_2 to None, run_after=None
[2024-10-27T06:08:36.035+0000] {logging_mixin.py:190} INFO - [2024-10-27T06:08:36.035+0000] {dag.py:4180} INFO - Setting next_dagrun for dataset_consumes_1_never_scheduled to None, run_after=None
[2024-10-27T06:08:36.037+0000] {logging_mixin.py:190} INFO - [2024-10-27T06:08:36.037+0000] {dag.py:4180} INFO - Setting next_dagrun for dataset_consumes_unknown_never_scheduled to None, run_after=None
[2024-10-27T06:08:36.039+0000] {logging_mixin.py:190} INFO - [2024-10-27T06:08:36.039+0000] {dag.py:4180} INFO - Setting next_dagrun for dataset_produces_1 to 2024-10-26 00:00:00+00:00, run_after=2024-10-27 00:00:00+00:00
[2024-10-27T06:08:36.041+0000] {logging_mixin.py:190} INFO - [2024-10-27T06:08:36.041+0000] {dag.py:4180} INFO - Setting next_dagrun for dataset_produces_2 to None, run_after=None
[2024-10-27T06:08:36.074+0000] {processor.py:208} INFO - Processing /home/airflow/.local/lib/python3.12/site-packages/airflow/example_dags/example_datasets.py took 0.379 seconds
[2024-10-27T06:09:06.306+0000] {processor.py:186} INFO - Started process (PID=14636) to work on /home/airflow/.local/lib/python3.12/site-packages/airflow/example_dags/example_datasets.py
[2024-10-27T06:09:06.307+0000] {processor.py:914} INFO - Processing file /home/airflow/.local/lib/python3.12/site-packages/airflow/example_dags/example_datasets.py for tasks to queue
[2024-10-27T06:09:06.308+0000] {logging_mixin.py:190} INFO - [2024-10-27T06:09:06.308+0000] {dagbag.py:588} INFO - Filling up the DagBag from /home/airflow/.local/lib/python3.12/site-packages/airflow/example_dags/example_datasets.py
[2024-10-27T06:09:06.651+0000] {processor.py:925} INFO - DAG(s) 'dataset_consumes_1_never_scheduled', 'dataset_consumes_1', 'consume_1_and_2_with_dataset_expressions', 'consume_1_or_2_with_dataset_expressions', 'dataset_consumes_unknown_never_scheduled', 'dataset_consumes_1_and_2', 'dataset_produces_1', 'conditional_dataset_and_time_based_timetable', 'dataset_produces_2', 'consume_1_or_both_2_and_3_with_dataset_expressions' retrieved from /home/airflow/.local/lib/python3.12/site-packages/airflow/example_dags/example_datasets.py
[2024-10-27T06:09:06.696+0000] {logging_mixin.py:190} INFO - [2024-10-27T06:09:06.694+0000] {dag.py:3239} INFO - Sync 10 DAGs
[2024-10-27T06:09:06.723+0000] {logging_mixin.py:190} INFO - [2024-10-27T06:09:06.723+0000] {dag.py:4180} INFO - Setting next_dagrun for conditional_dataset_and_time_based_timetable to 2024-10-23 01:00:00+00:00, run_after=2024-10-23 01:00:00+00:00
[2024-10-27T06:09:06.728+0000] {logging_mixin.py:190} INFO - [2024-10-27T06:09:06.728+0000] {dag.py:4180} INFO - Setting next_dagrun for consume_1_and_2_with_dataset_expressions to None, run_after=None
[2024-10-27T06:09:06.730+0000] {logging_mixin.py:190} INFO - [2024-10-27T06:09:06.730+0000] {dag.py:4180} INFO - Setting next_dagrun for consume_1_or_2_with_dataset_expressions to None, run_after=None
[2024-10-27T06:09:06.732+0000] {logging_mixin.py:190} INFO - [2024-10-27T06:09:06.731+0000] {dag.py:4180} INFO - Setting next_dagrun for consume_1_or_both_2_and_3_with_dataset_expressions to None, run_after=None
[2024-10-27T06:09:06.734+0000] {logging_mixin.py:190} INFO - [2024-10-27T06:09:06.733+0000] {dag.py:4180} INFO - Setting next_dagrun for dataset_consumes_1 to None, run_after=None
[2024-10-27T06:09:06.736+0000] {logging_mixin.py:190} INFO - [2024-10-27T06:09:06.736+0000] {dag.py:4180} INFO - Setting next_dagrun for dataset_consumes_1_and_2 to None, run_after=None
[2024-10-27T06:09:06.738+0000] {logging_mixin.py:190} INFO - [2024-10-27T06:09:06.737+0000] {dag.py:4180} INFO - Setting next_dagrun for dataset_consumes_1_never_scheduled to None, run_after=None
[2024-10-27T06:09:06.740+0000] {logging_mixin.py:190} INFO - [2024-10-27T06:09:06.740+0000] {dag.py:4180} INFO - Setting next_dagrun for dataset_consumes_unknown_never_scheduled to None, run_after=None
[2024-10-27T06:09:06.743+0000] {logging_mixin.py:190} INFO - [2024-10-27T06:09:06.743+0000] {dag.py:4180} INFO - Setting next_dagrun for dataset_produces_1 to 2024-10-26 00:00:00+00:00, run_after=2024-10-27 00:00:00+00:00
[2024-10-27T06:09:06.745+0000] {logging_mixin.py:190} INFO - [2024-10-27T06:09:06.745+0000] {dag.py:4180} INFO - Setting next_dagrun for dataset_produces_2 to None, run_after=None
[2024-10-27T06:09:06.785+0000] {processor.py:208} INFO - Processing /home/airflow/.local/lib/python3.12/site-packages/airflow/example_dags/example_datasets.py took 0.484 seconds
