[2024-10-27T03:48:16.727+0000] {processor.py:186} INFO - Started process (PID=14337) to work on /home/airflow/.local/lib/python3.12/site-packages/airflow/example_dags/tutorial.py
[2024-10-27T03:48:16.728+0000] {processor.py:914} INFO - Processing file /home/airflow/.local/lib/python3.12/site-packages/airflow/example_dags/tutorial.py for tasks to queue
[2024-10-27T03:48:16.731+0000] {logging_mixin.py:190} INFO - [2024-10-27T03:48:16.730+0000] {dagbag.py:588} INFO - Filling up the DagBag from /home/airflow/.local/lib/python3.12/site-packages/airflow/example_dags/tutorial.py
[2024-10-27T03:48:16.747+0000] {processor.py:925} INFO - DAG(s) 'tutorial' retrieved from /home/airflow/.local/lib/python3.12/site-packages/airflow/example_dags/tutorial.py
[2024-10-27T03:48:16.789+0000] {logging_mixin.py:190} INFO - [2024-10-27T03:48:16.789+0000] {dag.py:3239} INFO - Sync 1 DAGs
[2024-10-27T03:48:16.831+0000] {logging_mixin.py:190} INFO - [2024-10-27T03:48:16.831+0000] {dag.py:4180} INFO - Setting next_dagrun for tutorial to 2024-10-26 00:00:00+00:00, run_after=2024-10-27 00:00:00+00:00
[2024-10-27T03:48:16.876+0000] {processor.py:208} INFO - Processing /home/airflow/.local/lib/python3.12/site-packages/airflow/example_dags/tutorial.py took 0.157 seconds
[2024-10-27T03:48:47.262+0000] {processor.py:186} INFO - Started process (PID=14400) to work on /home/airflow/.local/lib/python3.12/site-packages/airflow/example_dags/tutorial.py
[2024-10-27T03:48:47.263+0000] {processor.py:914} INFO - Processing file /home/airflow/.local/lib/python3.12/site-packages/airflow/example_dags/tutorial.py for tasks to queue
[2024-10-27T03:48:47.265+0000] {logging_mixin.py:190} INFO - [2024-10-27T03:48:47.265+0000] {dagbag.py:588} INFO - Filling up the DagBag from /home/airflow/.local/lib/python3.12/site-packages/airflow/example_dags/tutorial.py
[2024-10-27T03:48:47.274+0000] {processor.py:925} INFO - DAG(s) 'tutorial' retrieved from /home/airflow/.local/lib/python3.12/site-packages/airflow/example_dags/tutorial.py
[2024-10-27T03:48:47.293+0000] {logging_mixin.py:190} INFO - [2024-10-27T03:48:47.293+0000] {dag.py:3239} INFO - Sync 1 DAGs
[2024-10-27T03:48:47.316+0000] {logging_mixin.py:190} INFO - [2024-10-27T03:48:47.315+0000] {dag.py:4180} INFO - Setting next_dagrun for tutorial to 2024-10-26 00:00:00+00:00, run_after=2024-10-27 00:00:00+00:00
[2024-10-27T03:48:47.335+0000] {processor.py:208} INFO - Processing /home/airflow/.local/lib/python3.12/site-packages/airflow/example_dags/tutorial.py took 0.078 seconds
[2024-10-27T06:07:37.453+0000] {processor.py:186} INFO - Started process (PID=14471) to work on /home/airflow/.local/lib/python3.12/site-packages/airflow/example_dags/tutorial.py
[2024-10-27T06:07:37.454+0000] {processor.py:914} INFO - Processing file /home/airflow/.local/lib/python3.12/site-packages/airflow/example_dags/tutorial.py for tasks to queue
[2024-10-27T06:07:37.456+0000] {logging_mixin.py:190} INFO - [2024-10-27T06:07:37.455+0000] {dagbag.py:588} INFO - Filling up the DagBag from /home/airflow/.local/lib/python3.12/site-packages/airflow/example_dags/tutorial.py
[2024-10-27T06:07:37.465+0000] {processor.py:925} INFO - DAG(s) 'tutorial' retrieved from /home/airflow/.local/lib/python3.12/site-packages/airflow/example_dags/tutorial.py
[2024-10-27T06:07:37.487+0000] {logging_mixin.py:190} INFO - [2024-10-27T06:07:37.487+0000] {dag.py:3239} INFO - Sync 1 DAGs
[2024-10-27T06:07:37.510+0000] {logging_mixin.py:190} INFO - [2024-10-27T06:07:37.510+0000] {dag.py:4180} INFO - Setting next_dagrun for tutorial to 2024-10-26 00:00:00+00:00, run_after=2024-10-27 00:00:00+00:00
[2024-10-27T06:07:37.530+0000] {processor.py:208} INFO - Processing /home/airflow/.local/lib/python3.12/site-packages/airflow/example_dags/tutorial.py took 0.085 seconds
[2024-10-27T06:08:07.850+0000] {processor.py:186} INFO - Started process (PID=14534) to work on /home/airflow/.local/lib/python3.12/site-packages/airflow/example_dags/tutorial.py
[2024-10-27T06:08:07.852+0000] {processor.py:914} INFO - Processing file /home/airflow/.local/lib/python3.12/site-packages/airflow/example_dags/tutorial.py for tasks to queue
[2024-10-27T06:08:07.854+0000] {logging_mixin.py:190} INFO - [2024-10-27T06:08:07.853+0000] {dagbag.py:588} INFO - Filling up the DagBag from /home/airflow/.local/lib/python3.12/site-packages/airflow/example_dags/tutorial.py
[2024-10-27T06:08:07.862+0000] {processor.py:925} INFO - DAG(s) 'tutorial' retrieved from /home/airflow/.local/lib/python3.12/site-packages/airflow/example_dags/tutorial.py
[2024-10-27T06:08:07.884+0000] {logging_mixin.py:190} INFO - [2024-10-27T06:08:07.884+0000] {dag.py:3239} INFO - Sync 1 DAGs
[2024-10-27T06:08:07.905+0000] {logging_mixin.py:190} INFO - [2024-10-27T06:08:07.905+0000] {dag.py:4180} INFO - Setting next_dagrun for tutorial to 2024-10-26 00:00:00+00:00, run_after=2024-10-27 00:00:00+00:00
[2024-10-27T06:08:07.925+0000] {processor.py:208} INFO - Processing /home/airflow/.local/lib/python3.12/site-packages/airflow/example_dags/tutorial.py took 0.081 seconds
[2024-10-27T06:08:38.431+0000] {processor.py:186} INFO - Started process (PID=14597) to work on /home/airflow/.local/lib/python3.12/site-packages/airflow/example_dags/tutorial.py
[2024-10-27T06:08:38.433+0000] {processor.py:914} INFO - Processing file /home/airflow/.local/lib/python3.12/site-packages/airflow/example_dags/tutorial.py for tasks to queue
[2024-10-27T06:08:38.434+0000] {logging_mixin.py:190} INFO - [2024-10-27T06:08:38.434+0000] {dagbag.py:588} INFO - Filling up the DagBag from /home/airflow/.local/lib/python3.12/site-packages/airflow/example_dags/tutorial.py
[2024-10-27T06:08:38.443+0000] {processor.py:925} INFO - DAG(s) 'tutorial' retrieved from /home/airflow/.local/lib/python3.12/site-packages/airflow/example_dags/tutorial.py
[2024-10-27T06:08:38.462+0000] {logging_mixin.py:190} INFO - [2024-10-27T06:08:38.462+0000] {dag.py:3239} INFO - Sync 1 DAGs
[2024-10-27T06:08:38.481+0000] {logging_mixin.py:190} INFO - [2024-10-27T06:08:38.481+0000] {dag.py:4180} INFO - Setting next_dagrun for tutorial to 2024-10-26 00:00:00+00:00, run_after=2024-10-27 00:00:00+00:00
[2024-10-27T06:08:38.499+0000] {processor.py:208} INFO - Processing /home/airflow/.local/lib/python3.12/site-packages/airflow/example_dags/tutorial.py took 0.074 seconds
