[2024-10-27T03:48:12.390+0000] {processor.py:186} INFO - Started process (PID=14310) to work on /home/airflow/.local/lib/python3.12/site-packages/airflow/example_dags/tutorial_dag.py
[2024-10-27T03:48:12.392+0000] {processor.py:914} INFO - Processing file /home/airflow/.local/lib/python3.12/site-packages/airflow/example_dags/tutorial_dag.py for tasks to queue
[2024-10-27T03:48:12.397+0000] {logging_mixin.py:190} INFO - [2024-10-27T03:48:12.396+0000] {dagbag.py:588} INFO - Filling up the DagBag from /home/airflow/.local/lib/python3.12/site-packages/airflow/example_dags/tutorial_dag.py
[2024-10-27T03:48:12.426+0000] {processor.py:925} INFO - DAG(s) 'tutorial_dag' retrieved from /home/airflow/.local/lib/python3.12/site-packages/airflow/example_dags/tutorial_dag.py
[2024-10-27T03:48:12.507+0000] {logging_mixin.py:190} INFO - [2024-10-27T03:48:12.507+0000] {dag.py:3239} INFO - Sync 1 DAGs
[2024-10-27T03:48:12.549+0000] {logging_mixin.py:190} INFO - [2024-10-27T03:48:12.549+0000] {dag.py:4180} INFO - Setting next_dagrun for tutorial_dag to None, run_after=None
[2024-10-27T03:48:12.622+0000] {processor.py:208} INFO - Processing /home/airflow/.local/lib/python3.12/site-packages/airflow/example_dags/tutorial_dag.py took 0.252 seconds
[2024-10-27T03:48:42.839+0000] {processor.py:186} INFO - Started process (PID=14372) to work on /home/airflow/.local/lib/python3.12/site-packages/airflow/example_dags/tutorial_dag.py
[2024-10-27T03:48:42.840+0000] {processor.py:914} INFO - Processing file /home/airflow/.local/lib/python3.12/site-packages/airflow/example_dags/tutorial_dag.py for tasks to queue
[2024-10-27T03:48:42.841+0000] {logging_mixin.py:190} INFO - [2024-10-27T03:48:42.841+0000] {dagbag.py:588} INFO - Filling up the DagBag from /home/airflow/.local/lib/python3.12/site-packages/airflow/example_dags/tutorial_dag.py
[2024-10-27T03:48:42.847+0000] {processor.py:925} INFO - DAG(s) 'tutorial_dag' retrieved from /home/airflow/.local/lib/python3.12/site-packages/airflow/example_dags/tutorial_dag.py
[2024-10-27T03:48:42.865+0000] {logging_mixin.py:190} INFO - [2024-10-27T03:48:42.865+0000] {dag.py:3239} INFO - Sync 1 DAGs
[2024-10-27T03:48:42.879+0000] {logging_mixin.py:190} INFO - [2024-10-27T03:48:42.878+0000] {dag.py:4180} INFO - Setting next_dagrun for tutorial_dag to None, run_after=None
[2024-10-27T03:48:42.917+0000] {processor.py:208} INFO - Processing /home/airflow/.local/lib/python3.12/site-packages/airflow/example_dags/tutorial_dag.py took 0.083 seconds
[2024-10-27T06:07:33.678+0000] {processor.py:186} INFO - Started process (PID=14444) to work on /home/airflow/.local/lib/python3.12/site-packages/airflow/example_dags/tutorial_dag.py
[2024-10-27T06:07:33.680+0000] {processor.py:914} INFO - Processing file /home/airflow/.local/lib/python3.12/site-packages/airflow/example_dags/tutorial_dag.py for tasks to queue
[2024-10-27T06:07:33.682+0000] {logging_mixin.py:190} INFO - [2024-10-27T06:07:33.681+0000] {dagbag.py:588} INFO - Filling up the DagBag from /home/airflow/.local/lib/python3.12/site-packages/airflow/example_dags/tutorial_dag.py
[2024-10-27T06:07:33.698+0000] {processor.py:925} INFO - DAG(s) 'tutorial_dag' retrieved from /home/airflow/.local/lib/python3.12/site-packages/airflow/example_dags/tutorial_dag.py
[2024-10-27T06:07:33.741+0000] {logging_mixin.py:190} INFO - [2024-10-27T06:07:33.737+0000] {dag.py:3239} INFO - Sync 1 DAGs
[2024-10-27T06:07:33.776+0000] {logging_mixin.py:190} INFO - [2024-10-27T06:07:33.776+0000] {dag.py:4180} INFO - Setting next_dagrun for tutorial_dag to None, run_after=None
[2024-10-27T06:07:33.803+0000] {processor.py:208} INFO - Processing /home/airflow/.local/lib/python3.12/site-packages/airflow/example_dags/tutorial_dag.py took 0.141 seconds
[2024-10-27T06:08:04.692+0000] {processor.py:186} INFO - Started process (PID=14507) to work on /home/airflow/.local/lib/python3.12/site-packages/airflow/example_dags/tutorial_dag.py
[2024-10-27T06:08:04.693+0000] {processor.py:914} INFO - Processing file /home/airflow/.local/lib/python3.12/site-packages/airflow/example_dags/tutorial_dag.py for tasks to queue
[2024-10-27T06:08:04.694+0000] {logging_mixin.py:190} INFO - [2024-10-27T06:08:04.694+0000] {dagbag.py:588} INFO - Filling up the DagBag from /home/airflow/.local/lib/python3.12/site-packages/airflow/example_dags/tutorial_dag.py
[2024-10-27T06:08:04.701+0000] {processor.py:925} INFO - DAG(s) 'tutorial_dag' retrieved from /home/airflow/.local/lib/python3.12/site-packages/airflow/example_dags/tutorial_dag.py
[2024-10-27T06:08:04.721+0000] {logging_mixin.py:190} INFO - [2024-10-27T06:08:04.720+0000] {dag.py:3239} INFO - Sync 1 DAGs
[2024-10-27T06:08:04.736+0000] {logging_mixin.py:190} INFO - [2024-10-27T06:08:04.736+0000] {dag.py:4180} INFO - Setting next_dagrun for tutorial_dag to None, run_after=None
[2024-10-27T06:08:04.755+0000] {processor.py:208} INFO - Processing /home/airflow/.local/lib/python3.12/site-packages/airflow/example_dags/tutorial_dag.py took 0.069 seconds
[2024-10-27T06:08:34.897+0000] {processor.py:186} INFO - Started process (PID=14569) to work on /home/airflow/.local/lib/python3.12/site-packages/airflow/example_dags/tutorial_dag.py
[2024-10-27T06:08:34.898+0000] {processor.py:914} INFO - Processing file /home/airflow/.local/lib/python3.12/site-packages/airflow/example_dags/tutorial_dag.py for tasks to queue
[2024-10-27T06:08:34.899+0000] {logging_mixin.py:190} INFO - [2024-10-27T06:08:34.899+0000] {dagbag.py:588} INFO - Filling up the DagBag from /home/airflow/.local/lib/python3.12/site-packages/airflow/example_dags/tutorial_dag.py
[2024-10-27T06:08:34.906+0000] {processor.py:925} INFO - DAG(s) 'tutorial_dag' retrieved from /home/airflow/.local/lib/python3.12/site-packages/airflow/example_dags/tutorial_dag.py
[2024-10-27T06:08:34.924+0000] {logging_mixin.py:190} INFO - [2024-10-27T06:08:34.923+0000] {dag.py:3239} INFO - Sync 1 DAGs
[2024-10-27T06:08:34.936+0000] {logging_mixin.py:190} INFO - [2024-10-27T06:08:34.936+0000] {dag.py:4180} INFO - Setting next_dagrun for tutorial_dag to None, run_after=None
[2024-10-27T06:08:34.955+0000] {processor.py:208} INFO - Processing /home/airflow/.local/lib/python3.12/site-packages/airflow/example_dags/tutorial_dag.py took 0.063 seconds
[2024-10-27T06:09:05.176+0000] {processor.py:186} INFO - Started process (PID=14632) to work on /home/airflow/.local/lib/python3.12/site-packages/airflow/example_dags/tutorial_dag.py
[2024-10-27T06:09:05.177+0000] {processor.py:914} INFO - Processing file /home/airflow/.local/lib/python3.12/site-packages/airflow/example_dags/tutorial_dag.py for tasks to queue
[2024-10-27T06:09:05.179+0000] {logging_mixin.py:190} INFO - [2024-10-27T06:09:05.179+0000] {dagbag.py:588} INFO - Filling up the DagBag from /home/airflow/.local/lib/python3.12/site-packages/airflow/example_dags/tutorial_dag.py
[2024-10-27T06:09:05.187+0000] {processor.py:925} INFO - DAG(s) 'tutorial_dag' retrieved from /home/airflow/.local/lib/python3.12/site-packages/airflow/example_dags/tutorial_dag.py
[2024-10-27T06:09:05.210+0000] {logging_mixin.py:190} INFO - [2024-10-27T06:09:05.209+0000] {dag.py:3239} INFO - Sync 1 DAGs
[2024-10-27T06:09:05.226+0000] {logging_mixin.py:190} INFO - [2024-10-27T06:09:05.226+0000] {dag.py:4180} INFO - Setting next_dagrun for tutorial_dag to None, run_after=None
[2024-10-27T06:09:05.261+0000] {processor.py:208} INFO - Processing /home/airflow/.local/lib/python3.12/site-packages/airflow/example_dags/tutorial_dag.py took 0.091 seconds
