[2024-10-27T03:48:10.681+0000] {processor.py:186} INFO - Started process (PID=14303) to work on /home/airflow/.local/lib/python3.12/site-packages/airflow/example_dags/tutorial_taskflow_api_virtualenv.py
[2024-10-27T03:48:10.694+0000] {processor.py:914} INFO - Processing file /home/airflow/.local/lib/python3.12/site-packages/airflow/example_dags/tutorial_taskflow_api_virtualenv.py for tasks to queue
[2024-10-27T03:48:10.697+0000] {logging_mixin.py:190} INFO - [2024-10-27T03:48:10.696+0000] {dagbag.py:588} INFO - Filling up the DagBag from /home/airflow/.local/lib/python3.12/site-packages/airflow/example_dags/tutorial_taskflow_api_virtualenv.py
[2024-10-27T03:48:10.781+0000] {processor.py:925} INFO - DAG(s) 'tutorial_taskflow_api_virtualenv' retrieved from /home/airflow/.local/lib/python3.12/site-packages/airflow/example_dags/tutorial_taskflow_api_virtualenv.py
[2024-10-27T03:48:10.834+0000] {logging_mixin.py:190} INFO - [2024-10-27T03:48:10.834+0000] {dag.py:3239} INFO - Sync 1 DAGs
[2024-10-27T03:48:10.883+0000] {logging_mixin.py:190} INFO - [2024-10-27T03:48:10.883+0000] {dag.py:4180} INFO - Setting next_dagrun for tutorial_taskflow_api_virtualenv to None, run_after=None
[2024-10-27T03:48:10.952+0000] {processor.py:208} INFO - Processing /home/airflow/.local/lib/python3.12/site-packages/airflow/example_dags/tutorial_taskflow_api_virtualenv.py took 0.284 seconds
[2024-10-27T03:48:41.506+0000] {processor.py:186} INFO - Started process (PID=14366) to work on /home/airflow/.local/lib/python3.12/site-packages/airflow/example_dags/tutorial_taskflow_api_virtualenv.py
[2024-10-27T03:48:41.507+0000] {processor.py:914} INFO - Processing file /home/airflow/.local/lib/python3.12/site-packages/airflow/example_dags/tutorial_taskflow_api_virtualenv.py for tasks to queue
[2024-10-27T03:48:41.508+0000] {logging_mixin.py:190} INFO - [2024-10-27T03:48:41.508+0000] {dagbag.py:588} INFO - Filling up the DagBag from /home/airflow/.local/lib/python3.12/site-packages/airflow/example_dags/tutorial_taskflow_api_virtualenv.py
[2024-10-27T03:48:41.519+0000] {processor.py:925} INFO - DAG(s) 'tutorial_taskflow_api_virtualenv' retrieved from /home/airflow/.local/lib/python3.12/site-packages/airflow/example_dags/tutorial_taskflow_api_virtualenv.py
[2024-10-27T03:48:41.538+0000] {logging_mixin.py:190} INFO - [2024-10-27T03:48:41.537+0000] {dag.py:3239} INFO - Sync 1 DAGs
[2024-10-27T03:48:41.551+0000] {logging_mixin.py:190} INFO - [2024-10-27T03:48:41.551+0000] {dag.py:4180} INFO - Setting next_dagrun for tutorial_taskflow_api_virtualenv to None, run_after=None
[2024-10-27T03:48:41.580+0000] {processor.py:208} INFO - Processing /home/airflow/.local/lib/python3.12/site-packages/airflow/example_dags/tutorial_taskflow_api_virtualenv.py took 0.079 seconds
[2024-10-27T03:49:11.740+0000] {processor.py:186} INFO - Started process (PID=14429) to work on /home/airflow/.local/lib/python3.12/site-packages/airflow/example_dags/tutorial_taskflow_api_virtualenv.py
[2024-10-27T03:49:11.741+0000] {processor.py:914} INFO - Processing file /home/airflow/.local/lib/python3.12/site-packages/airflow/example_dags/tutorial_taskflow_api_virtualenv.py for tasks to queue
[2024-10-27T03:49:11.742+0000] {logging_mixin.py:190} INFO - [2024-10-27T03:49:11.742+0000] {dagbag.py:588} INFO - Filling up the DagBag from /home/airflow/.local/lib/python3.12/site-packages/airflow/example_dags/tutorial_taskflow_api_virtualenv.py
[2024-10-27T03:49:11.753+0000] {processor.py:925} INFO - DAG(s) 'tutorial_taskflow_api_virtualenv' retrieved from /home/airflow/.local/lib/python3.12/site-packages/airflow/example_dags/tutorial_taskflow_api_virtualenv.py
[2024-10-27T03:49:11.770+0000] {logging_mixin.py:190} INFO - [2024-10-27T03:49:11.770+0000] {dag.py:3239} INFO - Sync 1 DAGs
[2024-10-27T03:49:11.781+0000] {logging_mixin.py:190} INFO - [2024-10-27T03:49:11.781+0000] {dag.py:4180} INFO - Setting next_dagrun for tutorial_taskflow_api_virtualenv to None, run_after=None
[2024-10-27T03:49:11.803+0000] {processor.py:208} INFO - Processing /home/airflow/.local/lib/python3.12/site-packages/airflow/example_dags/tutorial_taskflow_api_virtualenv.py took 0.068 seconds
[2024-10-27T06:07:32.763+0000] {processor.py:186} INFO - Started process (PID=14439) to work on /home/airflow/.local/lib/python3.12/site-packages/airflow/example_dags/tutorial_taskflow_api_virtualenv.py
[2024-10-27T06:07:32.774+0000] {processor.py:914} INFO - Processing file /home/airflow/.local/lib/python3.12/site-packages/airflow/example_dags/tutorial_taskflow_api_virtualenv.py for tasks to queue
[2024-10-27T06:07:32.776+0000] {logging_mixin.py:190} INFO - [2024-10-27T06:07:32.776+0000] {dagbag.py:588} INFO - Filling up the DagBag from /home/airflow/.local/lib/python3.12/site-packages/airflow/example_dags/tutorial_taskflow_api_virtualenv.py
[2024-10-27T06:07:32.813+0000] {processor.py:925} INFO - DAG(s) 'tutorial_taskflow_api_virtualenv' retrieved from /home/airflow/.local/lib/python3.12/site-packages/airflow/example_dags/tutorial_taskflow_api_virtualenv.py
[2024-10-27T06:07:32.872+0000] {logging_mixin.py:190} INFO - [2024-10-27T06:07:32.871+0000] {dag.py:3239} INFO - Sync 1 DAGs
[2024-10-27T06:07:32.923+0000] {logging_mixin.py:190} INFO - [2024-10-27T06:07:32.923+0000] {dag.py:4180} INFO - Setting next_dagrun for tutorial_taskflow_api_virtualenv to None, run_after=None
[2024-10-27T06:07:32.997+0000] {processor.py:208} INFO - Processing /home/airflow/.local/lib/python3.12/site-packages/airflow/example_dags/tutorial_taskflow_api_virtualenv.py took 0.243 seconds
[2024-10-27T06:08:03.247+0000] {processor.py:186} INFO - Started process (PID=14502) to work on /home/airflow/.local/lib/python3.12/site-packages/airflow/example_dags/tutorial_taskflow_api_virtualenv.py
[2024-10-27T06:08:03.249+0000] {processor.py:914} INFO - Processing file /home/airflow/.local/lib/python3.12/site-packages/airflow/example_dags/tutorial_taskflow_api_virtualenv.py for tasks to queue
[2024-10-27T06:08:03.251+0000] {logging_mixin.py:190} INFO - [2024-10-27T06:08:03.251+0000] {dagbag.py:588} INFO - Filling up the DagBag from /home/airflow/.local/lib/python3.12/site-packages/airflow/example_dags/tutorial_taskflow_api_virtualenv.py
[2024-10-27T06:08:03.265+0000] {processor.py:925} INFO - DAG(s) 'tutorial_taskflow_api_virtualenv' retrieved from /home/airflow/.local/lib/python3.12/site-packages/airflow/example_dags/tutorial_taskflow_api_virtualenv.py
[2024-10-27T06:08:03.286+0000] {logging_mixin.py:190} INFO - [2024-10-27T06:08:03.286+0000] {dag.py:3239} INFO - Sync 1 DAGs
[2024-10-27T06:08:03.304+0000] {logging_mixin.py:190} INFO - [2024-10-27T06:08:03.304+0000] {dag.py:4180} INFO - Setting next_dagrun for tutorial_taskflow_api_virtualenv to None, run_after=None
[2024-10-27T06:08:03.331+0000] {processor.py:208} INFO - Processing /home/airflow/.local/lib/python3.12/site-packages/airflow/example_dags/tutorial_taskflow_api_virtualenv.py took 0.091 seconds
[2024-10-27T06:08:33.542+0000] {processor.py:186} INFO - Started process (PID=14565) to work on /home/airflow/.local/lib/python3.12/site-packages/airflow/example_dags/tutorial_taskflow_api_virtualenv.py
[2024-10-27T06:08:33.543+0000] {processor.py:914} INFO - Processing file /home/airflow/.local/lib/python3.12/site-packages/airflow/example_dags/tutorial_taskflow_api_virtualenv.py for tasks to queue
[2024-10-27T06:08:33.544+0000] {logging_mixin.py:190} INFO - [2024-10-27T06:08:33.544+0000] {dagbag.py:588} INFO - Filling up the DagBag from /home/airflow/.local/lib/python3.12/site-packages/airflow/example_dags/tutorial_taskflow_api_virtualenv.py
[2024-10-27T06:08:33.554+0000] {processor.py:925} INFO - DAG(s) 'tutorial_taskflow_api_virtualenv' retrieved from /home/airflow/.local/lib/python3.12/site-packages/airflow/example_dags/tutorial_taskflow_api_virtualenv.py
[2024-10-27T06:08:33.572+0000] {logging_mixin.py:190} INFO - [2024-10-27T06:08:33.572+0000] {dag.py:3239} INFO - Sync 1 DAGs
[2024-10-27T06:08:33.584+0000] {logging_mixin.py:190} INFO - [2024-10-27T06:08:33.584+0000] {dag.py:4180} INFO - Setting next_dagrun for tutorial_taskflow_api_virtualenv to None, run_after=None
[2024-10-27T06:08:33.602+0000] {processor.py:208} INFO - Processing /home/airflow/.local/lib/python3.12/site-packages/airflow/example_dags/tutorial_taskflow_api_virtualenv.py took 0.066 seconds
[2024-10-27T06:09:03.952+0000] {processor.py:186} INFO - Started process (PID=14628) to work on /home/airflow/.local/lib/python3.12/site-packages/airflow/example_dags/tutorial_taskflow_api_virtualenv.py
[2024-10-27T06:09:03.953+0000] {processor.py:914} INFO - Processing file /home/airflow/.local/lib/python3.12/site-packages/airflow/example_dags/tutorial_taskflow_api_virtualenv.py for tasks to queue
[2024-10-27T06:09:03.954+0000] {logging_mixin.py:190} INFO - [2024-10-27T06:09:03.954+0000] {dagbag.py:588} INFO - Filling up the DagBag from /home/airflow/.local/lib/python3.12/site-packages/airflow/example_dags/tutorial_taskflow_api_virtualenv.py
[2024-10-27T06:09:03.964+0000] {processor.py:925} INFO - DAG(s) 'tutorial_taskflow_api_virtualenv' retrieved from /home/airflow/.local/lib/python3.12/site-packages/airflow/example_dags/tutorial_taskflow_api_virtualenv.py
[2024-10-27T06:09:03.981+0000] {logging_mixin.py:190} INFO - [2024-10-27T06:09:03.981+0000] {dag.py:3239} INFO - Sync 1 DAGs
[2024-10-27T06:09:03.994+0000] {logging_mixin.py:190} INFO - [2024-10-27T06:09:03.994+0000] {dag.py:4180} INFO - Setting next_dagrun for tutorial_taskflow_api_virtualenv to None, run_after=None
[2024-10-27T06:09:04.013+0000] {processor.py:208} INFO - Processing /home/airflow/.local/lib/python3.12/site-packages/airflow/example_dags/tutorial_taskflow_api_virtualenv.py took 0.066 seconds
