[2024-10-26T21:36:17.745+0000] {local_task_job_runner.py:123} INFO - ::group::Pre task execution logs
[2024-10-26T21:36:17.767+0000] {taskinstance.py:2612} INFO - Dependencies all met for dep_context=non-requeueable deps ti=<TaskInstance: dag_scheduler.python manual__2024-10-26T21:36:15.333676+00:00 [queued]>
[2024-10-26T21:36:17.776+0000] {taskinstance.py:2612} INFO - Dependencies all met for dep_context=requeueable deps ti=<TaskInstance: dag_scheduler.python manual__2024-10-26T21:36:15.333676+00:00 [queued]>
[2024-10-26T21:36:17.778+0000] {taskinstance.py:2865} INFO - Starting attempt 1 of 1
[2024-10-26T21:36:17.794+0000] {taskinstance.py:2888} INFO - Executing <Task(PythonOperator): python> on 2024-10-26 21:36:15.333676+00:00
[2024-10-26T21:36:17.803+0000] {warnings.py:112} WARNING - /home/***/.local/lib/python3.12/site-packages/***/task/task_runner/standard_task_runner.py:70: DeprecationWarning: This process (pid=964) is multi-threaded, use of fork() may lead to deadlocks in the child.
  pid = os.fork()

[2024-10-26T21:36:17.805+0000] {standard_task_runner.py:72} INFO - Started process 973 to run task
[2024-10-26T21:36:17.805+0000] {standard_task_runner.py:104} INFO - Running: ['***', 'tasks', 'run', 'dag_scheduler', 'python', 'manual__2024-10-26T21:36:15.333676+00:00', '--job-id', '12', '--raw', '--subdir', 'DAGS_FOLDER/extractor.py', '--cfg-path', '/tmp/tmpo86vnazd']
[2024-10-26T21:36:17.806+0000] {standard_task_runner.py:105} INFO - Job 12: Subtask python
[2024-10-26T21:36:17.860+0000] {task_command.py:467} INFO - Running <TaskInstance: dag_scheduler.python manual__2024-10-26T21:36:15.333676+00:00 [running]> on host c94222e110db
[2024-10-26T21:36:17.999+0000] {taskinstance.py:3131} INFO - Exporting env vars: AIRFLOW_CTX_DAG_OWNER='***' AIRFLOW_CTX_DAG_ID='dag_scheduler' AIRFLOW_CTX_TASK_ID='python' AIRFLOW_CTX_EXECUTION_DATE='2024-10-26T21:36:15.333676+00:00' AIRFLOW_CTX_TRY_NUMBER='1' AIRFLOW_CTX_DAG_RUN_ID='manual__2024-10-26T21:36:15.333676+00:00'
[2024-10-26T21:36:18.001+0000] {logging_mixin.py:190} INFO - Task instance is in running state
[2024-10-26T21:36:18.002+0000] {logging_mixin.py:190} INFO -  Previous state of the Task instance: queued
[2024-10-26T21:36:18.003+0000] {logging_mixin.py:190} INFO - Current task name:python state:running start_date:2024-10-26 21:36:17.767644+00:00
[2024-10-26T21:36:18.004+0000] {logging_mixin.py:190} INFO - Dag name:dag_scheduler and current dag run status:running
[2024-10-26T21:36:18.004+0000] {taskinstance.py:731} INFO - ::endgroup::
[2024-10-26T21:36:18.391+0000] {logging_mixin.py:190} INFO - Dados salvos em coin_data.json
[2024-10-26T21:36:18.392+0000] {python.py:240} INFO - Done. Returned value was: None
[2024-10-26T21:36:18.403+0000] {taskinstance.py:340} INFO - ::group::Post task execution logs
[2024-10-26T21:36:18.403+0000] {taskinstance.py:352} INFO - Marking task as SUCCESS. dag_id=dag_scheduler, task_id=python, run_id=manual__2024-10-26T21:36:15.333676+00:00, execution_date=20241026T213615, start_date=20241026T213617, end_date=20241026T213618
[2024-10-26T21:36:18.416+0000] {logging_mixin.py:190} INFO - Task instance in success state
[2024-10-26T21:36:18.417+0000] {logging_mixin.py:190} INFO -  Previous state of the Task instance: running
[2024-10-26T21:36:18.417+0000] {logging_mixin.py:190} INFO - Dag name:dag_scheduler queued_at:2024-10-26 21:36:15.364766+00:00
[2024-10-26T21:36:18.418+0000] {logging_mixin.py:190} INFO - Task hostname:c94222e110db operator:PythonOperator
[2024-10-26T21:36:18.470+0000] {local_task_job_runner.py:266} INFO - Task exited with return code 0
[2024-10-26T21:36:18.491+0000] {taskinstance.py:3900} INFO - 0 downstream tasks scheduled from follow-on schedule check
[2024-10-26T21:36:18.497+0000] {local_task_job_runner.py:245} INFO - ::endgroup::
